INFO: [v++ 60-1306] Additional information associated with this v++ link can be found at:
	Reports: /mnt/castor/seas_home/n/nmavuso/ese5320_final_project/_x/reports/link
	Log files: /mnt/castor/seas_home/n/nmavuso/ese5320_final_project/_x/logs/link
INFO: [v++ 60-1548] Creating build summary session with primary output /mnt/castor/seas_home/n/nmavuso/ese5320_final_project/lzw_hls.xclbin.link_summary, at Fri Nov 15 12:55:40 2024
INFO: [v++ 60-1316] Initiating connection to rulecheck server, at Fri Nov 15 12:55:41 2024
INFO: [v++ 60-1315] Creating rulecheck session with output '/mnt/castor/seas_home/n/nmavuso/ese5320_final_project/_x/reports/link/v++_link_lzw_hls_guidance.html', at Fri Nov 15 12:55:42 2024
INFO: [v++ 60-895]   Target platform: /home1/e/ese5320/u96v2_sbc_base/u96v2_sbc_base.xpfm
INFO: [v++ 60-1578]   This platform contains Xilinx Shell Archive '/home1/e/ese5320/u96v2_sbc_base/hw/u96v2_sbc_base.xsa'
INFO: [v++ 60-629] Linking for hardware target
INFO: [v++ 60-423]   Target device: u96v2_sbc_base
INFO: [v++ 60-1332] Run 'run_link' status: Not started
INFO: [v++ 60-1443] [12:55:45] Run run_link: Step system_link: Started
INFO: [v++ 60-1453] Command Line: system_link --xo /mnt/castor/seas_home/n/nmavuso/ese5320_final_project/lzw_hls.xo -keep --config /mnt/castor/seas_home/n/nmavuso/ese5320_final_project/_x/link/int/syslinkConfig.ini --xpfm /home1/e/ese5320/u96v2_sbc_base/u96v2_sbc_base.xpfm --target hw --output_dir /mnt/castor/seas_home/n/nmavuso/ese5320_final_project/_x/link/int --temp_dir /mnt/castor/seas_home/n/nmavuso/ese5320_final_project/_x/link/sys_link
INFO: [v++ 60-1454] Run Directory: /mnt/castor/seas_home/n/nmavuso/ese5320_final_project/_x/link/run_link
INFO: [SYSTEM_LINK 60-1316] Initiating connection to rulecheck server, at Fri Nov 15 12:55:48 2024
INFO: [SYSTEM_LINK 82-70] Extracting xo v3 file /mnt/castor/seas_home/n/nmavuso/ese5320_final_project/lzw_hls.xo
INFO: [SYSTEM_LINK 82-53] Creating IP database /mnt/castor/seas_home/n/nmavuso/ese5320_final_project/_x/link/sys_link/_sysl/.cdb/xd_ip_db.xml
INFO: [SYSTEM_LINK 82-38] [12:55:49] build_xd_ip_db started: /mnt/pollux/software/xilinx/2020.2/Vitis/2020.2/bin/build_xd_ip_db -ip_search 0  -sds-pf /mnt/castor/seas_home/n/nmavuso/ese5320_final_project/_x/link/sys_link/u96v2_sbc_base.hpfm -clkid 0 -ip /mnt/castor/seas_home/n/nmavuso/ese5320_final_project/_x/link/sys_link/iprepo/xilinx_com_hls_lzw_fpga_1_0,lzw_fpga -o /mnt/castor/seas_home/n/nmavuso/ese5320_final_project/_x/link/sys_link/_sysl/.cdb/xd_ip_db.xml
INFO: [SYSTEM_LINK 82-37] [12:55:56] build_xd_ip_db finished successfully
Time (s): cpu = 00:00:07 ; elapsed = 00:00:07 . Memory (MB): peak = 1679.270 ; gain = 0.000 ; free physical = 1026 ; free virtual = 5358
INFO: [SYSTEM_LINK 82-51] Create system connectivity graph
INFO: [SYSTEM_LINK 82-102] Applying explicit connections to the system connectivity graph: /mnt/castor/seas_home/n/nmavuso/ese5320_final_project/_x/link/sys_link/cfgraph/cfgen_cfgraph.xml
INFO: [SYSTEM_LINK 82-38] [12:55:56] cfgen started: /mnt/pollux/software/xilinx/2020.2/Vitis/2020.2/bin/cfgen  -nk lzw_fpga:1:lzw_fpga_1 -dmclkid 0 -r /mnt/castor/seas_home/n/nmavuso/ese5320_final_project/_x/link/sys_link/_sysl/.cdb/xd_ip_db.xml -o /mnt/castor/seas_home/n/nmavuso/ese5320_final_project/_x/link/sys_link/cfgraph/cfgen_cfgraph.xml
INFO: [CFGEN 83-0] Kernel Specs: 
INFO: [CFGEN 83-0]   kernel: lzw_fpga, num: 1  {lzw_fpga_1}
INFO: [CFGEN 83-2226] Inferring mapping for argument lzw_fpga_1.s to HP0
INFO: [CFGEN 83-2226] Inferring mapping for argument lzw_fpga_1.output_code to HP0
INFO: [CFGEN 83-2226] Inferring mapping for argument lzw_fpga_1.output_size to HP0
INFO: [CFGEN 83-2226] Inferring mapping for argument lzw_fpga_1.output to HP0
INFO: [SYSTEM_LINK 82-37] [12:55:58] cfgen finished successfully
Time (s): cpu = 00:00:02 ; elapsed = 00:00:02 . Memory (MB): peak = 1679.270 ; gain = 0.000 ; free physical = 1026 ; free virtual = 5360
INFO: [SYSTEM_LINK 82-52] Create top-level block diagram
INFO: [SYSTEM_LINK 82-38] [12:55:58] cf2bd started: /mnt/pollux/software/xilinx/2020.2/Vitis/2020.2/bin/cf2bd  --linux --trace_buffer 1024 --input_file /mnt/castor/seas_home/n/nmavuso/ese5320_final_project/_x/link/sys_link/cfgraph/cfgen_cfgraph.xml --ip_db /mnt/castor/seas_home/n/nmavuso/ese5320_final_project/_x/link/sys_link/_sysl/.cdb/xd_ip_db.xml --cf_name dr --working_dir /mnt/castor/seas_home/n/nmavuso/ese5320_final_project/_x/link/sys_link/_sysl/.xsd --temp_dir /mnt/castor/seas_home/n/nmavuso/ese5320_final_project/_x/link/sys_link --output_dir /mnt/castor/seas_home/n/nmavuso/ese5320_final_project/_x/link/int
INFO: [CF2BD 82-31] Launching cf2xd: cf2xd -linux -trace-buffer 1024 -i /mnt/castor/seas_home/n/nmavuso/ese5320_final_project/_x/link/sys_link/cfgraph/cfgen_cfgraph.xml -r /mnt/castor/seas_home/n/nmavuso/ese5320_final_project/_x/link/sys_link/_sysl/.cdb/xd_ip_db.xml -o dr.xml
INFO: [CF2BD 82-28] cf2xd finished successfully
INFO: [CF2BD 82-31] Launching cf_xsd: cf_xsd -disable-address-gen -dn dr -dp /mnt/castor/seas_home/n/nmavuso/ese5320_final_project/_x/link/sys_link/_sysl/.xsd
INFO: [CF2BD 82-28] cf_xsd finished successfully
INFO: [SYSTEM_LINK 82-37] [12:56:01] cf2bd finished successfully
Time (s): cpu = 00:00:02 ; elapsed = 00:00:03 . Memory (MB): peak = 1679.270 ; gain = 0.000 ; free physical = 1014 ; free virtual = 5354
INFO: [v++ 60-1441] [12:56:01] Run run_link: Step system_link: Completed
Time (s): cpu = 00:00:14 ; elapsed = 00:00:16 . Memory (MB): peak = 1574.281 ; gain = 0.000 ; free physical = 1053 ; free virtual = 5394
INFO: [v++ 60-1443] [12:56:01] Run run_link: Step cf2sw: Started
INFO: [v++ 60-1453] Command Line: cf2sw -sdsl /mnt/castor/seas_home/n/nmavuso/ese5320_final_project/_x/link/int/sdsl.dat -rtd /mnt/castor/seas_home/n/nmavuso/ese5320_final_project/_x/link/int/cf2sw.rtd -nofilter /mnt/castor/seas_home/n/nmavuso/ese5320_final_project/_x/link/int/cf2sw_full.rtd -xclbin /mnt/castor/seas_home/n/nmavuso/ese5320_final_project/_x/link/int/xclbin_orig.xml -o /mnt/castor/seas_home/n/nmavuso/ese5320_final_project/_x/link/int/xclbin_orig.1.xml
INFO: [v++ 60-1454] Run Directory: /mnt/castor/seas_home/n/nmavuso/ese5320_final_project/_x/link/run_link
INFO: [v++ 60-1441] [12:56:04] Run run_link: Step cf2sw: Completed
Time (s): cpu = 00:00:02 ; elapsed = 00:00:03 . Memory (MB): peak = 1574.281 ; gain = 0.000 ; free physical = 1056 ; free virtual = 5399
INFO: [v++ 60-1443] [12:56:04] Run run_link: Step rtd2_system_diagram: Started
INFO: [v++ 60-1453] Command Line: rtd2SystemDiagram
INFO: [v++ 60-1454] Run Directory: /mnt/castor/seas_home/n/nmavuso/ese5320_final_project/_x/link/run_link
INFO: [v++ 60-1441] [12:56:08] Run run_link: Step rtd2_system_diagram: Completed
Time (s): cpu = 00:00:00 ; elapsed = 00:00:04 . Memory (MB): peak = 1574.281 ; gain = 0.000 ; free physical = 494 ; free virtual = 4859
INFO: [v++ 60-1443] [12:56:08] Run run_link: Step vpl: Started
INFO: [v++ 60-1453] Command Line: vpl -t hw -f u96v2_sbc_base -g --remote_ip_cache /mnt/castor/seas_home/n/nmavuso/ese5320_final_project/.ipcache -s --output_dir /mnt/castor/seas_home/n/nmavuso/ese5320_final_project/_x/link/int --log_dir /mnt/castor/seas_home/n/nmavuso/ese5320_final_project/_x/logs/link --report_dir /mnt/castor/seas_home/n/nmavuso/ese5320_final_project/_x/reports/link --config /mnt/castor/seas_home/n/nmavuso/ese5320_final_project/_x/link/int/vplConfig.ini -k /mnt/castor/seas_home/n/nmavuso/ese5320_final_project/_x/link/int/kernel_info.dat --webtalk_flag Vitis --temp_dir /mnt/castor/seas_home/n/nmavuso/ese5320_final_project/_x/link --no-info --iprepo /mnt/castor/seas_home/n/nmavuso/ese5320_final_project/_x/link/int/xo/ip_repo/xilinx_com_hls_lzw_fpga_1_0 --messageDb /mnt/castor/seas_home/n/nmavuso/ese5320_final_project/_x/link/run_link/vpl.pb /mnt/castor/seas_home/n/nmavuso/ese5320_final_project/_x/link/int/dr.bd.tcl
INFO: [v++ 60-1454] Run Directory: /mnt/castor/seas_home/n/nmavuso/ese5320_final_project/_x/link/run_link

****** vpl v2020.2 (64-bit)
  **** SW Build (by xbuild) on 2020-11-18-05:13:29
    ** Copyright 1986-2020 Xilinx, Inc. All Rights Reserved.

INFO: [VPL 60-839] Read in kernel information from file '/mnt/castor/seas_home/n/nmavuso/ese5320_final_project/_x/link/int/kernel_info.dat'.
INFO: [VPL 60-423]   Target device: u96v2_sbc_base
INFO: [VPL 60-1032] Extracting hardware platform to /mnt/castor/seas_home/n/nmavuso/ese5320_final_project/_x/link/vivado/vpl/.local/hw_platform
WARNING: /mnt/pollux/software/xilinx/2020.2/Vitis/2020.2/tps/lnx64/jre9.0.4 does not exist.
[12:56:49] Run vpl: Step create_project: Started
Creating Vivado project.
[12:57:40] Run vpl: Step create_project: Completed
[12:57:40] Run vpl: Step create_bd: Started
[12:58:15] Run vpl: Step create_bd: Completed
[12:58:15] Run vpl: Step update_bd: Started
[12:58:15] Run vpl: Step update_bd: Completed
[12:58:15] Run vpl: Step generate_target: Started
[12:59:34] Run vpl: Step generate_target: RUNNING...
[12:59:46] Run vpl: Step generate_target: Completed
[12:59:46] Run vpl: Step config_hw_runs: Started
[12:59:56] Run vpl: Step config_hw_runs: Completed
[12:59:56] Run vpl: Step synth: Started
[13:01:01] Block-level synthesis in progress, 0 of 25 jobs complete, 4 jobs running.
