INFO: [v++ 60-1306] Additional information associated with this v++ compile can be found at:
	Reports: /mnt/castor/seas_home/n/nmavuso/ese5320_final_project/_x/reports/lzw_hls
	Log files: /mnt/castor/seas_home/n/nmavuso/ese5320_final_project/_x/logs/lzw_hls
INFO: [v++ 60-1548] Creating build summary session with primary output /mnt/castor/seas_home/n/nmavuso/ese5320_final_project/lzw_hls.xo.compile_summary, at Fri Nov 15 12:50:36 2024
INFO: [v++ 60-1316] Initiating connection to rulecheck server, at Fri Nov 15 12:50:37 2024
INFO: [v++ 60-1315] Creating rulecheck session with output '/mnt/castor/seas_home/n/nmavuso/ese5320_final_project/_x/reports/lzw_hls/v++_compile_lzw_hls_guidance.html', at Fri Nov 15 12:50:38 2024
INFO: [v++ 60-895]   Target platform: /home1/e/ese5320/u96v2_sbc_base/u96v2_sbc_base.xpfm
INFO: [v++ 60-1578]   This platform contains Xilinx Shell Archive '/home1/e/ese5320/u96v2_sbc_base/hw/u96v2_sbc_base.xsa'
INFO: [v++ 60-585] Compiling for hardware target
INFO: [v++ 60-423]   Target device: u96v2_sbc_base
INFO: [v++ 60-242] Creating kernel: 'lzw_fpga'

===>The following messages were generated while  performing high-level synthesis for kernel: lzw_fpga Log file: /mnt/castor/seas_home/n/nmavuso/ese5320_final_project/_x/lzw_hls/lzw_fpga/vitis_hls.log :
ERROR: [v++ 207-3429] typedef redefinition with different types ('struct DictionaryEntry' vs 'struct DictionaryEntry'): /mnt/castor/seas_home/n/nmavuso/ese5320_final_project/hls/lzw_hls.c:9:3
ERROR: [v++ 207-3429] typedef redefinition with different types ('struct DecodeEntry' vs 'struct DecodeEntry'): /mnt/castor/seas_home/n/nmavuso/ese5320_final_project/hls/lzw_hls.c:15:3
ERROR: [v++ 207-2371] conflicting types for 'lzw_fpga': /mnt/castor/seas_home/n/nmavuso/ese5320_final_project/hls/lzw_hls.c:148:49
ERROR: [v++ 60-300] Failed to build kernel(ip) lzw_fpga, see log for details: /mnt/castor/seas_home/n/nmavuso/ese5320_final_project/_x/lzw_hls/lzw_fpga/vitis_hls.log
ERROR: [v++ 60-773] In '/mnt/castor/seas_home/n/nmavuso/ese5320_final_project/_x/lzw_hls/lzw_fpga/vitis_hls.log', caught Tcl error: ERROR: [HLS 207-3429] typedef redefinition with different types ('struct DictionaryEntry' vs 'struct DictionaryEntry'): /mnt/castor/seas_home/n/nmavuso/ese5320_final_project/hls/lzw_hls.c:9:3
ERROR: [v++ 60-773] In '/mnt/castor/seas_home/n/nmavuso/ese5320_final_project/_x/lzw_hls/lzw_fpga/vitis_hls.log', caught Tcl error: ERROR: [HLS 207-3429] typedef redefinition with different types ('struct DecodeEntry' vs 'struct DecodeEntry'): /mnt/castor/seas_home/n/nmavuso/ese5320_final_project/hls/lzw_hls.c:15:3
ERROR: [v++ 60-773] In '/mnt/castor/seas_home/n/nmavuso/ese5320_final_project/_x/lzw_hls/lzw_fpga/vitis_hls.log', caught Tcl error: ERROR: [HLS 207-2371] conflicting types for 'lzw_fpga': /mnt/castor/seas_home/n/nmavuso/ese5320_final_project/hls/lzw_hls.c:148:49
ERROR: [v++ 60-599] Kernel compilation failed to complete
ERROR: [v++ 60-592] Failed to finish compilation
INFO: [v++ 60-1653] Closing dispatch client.
