INFO: [v++ 60-1306] Additional information associated with this v++ link can be found at:
	Reports: /mnt/castor/seas_home/n/nmavuso/ese5320_final_project/_x/reports/link
	Log files: /mnt/castor/seas_home/n/nmavuso/ese5320_final_project/_x/logs/link
INFO: [v++ 60-1548] Creating build summary session with primary output /mnt/castor/seas_home/n/nmavuso/ese5320_final_project/lzw_fpga.xclbin.link_summary, at Sat Nov 30 12:18:18 2024
INFO: [v++ 60-1316] Initiating connection to rulecheck server, at Sat Nov 30 12:18:18 2024
INFO: [v++ 60-1315] Creating rulecheck session with output '/mnt/castor/seas_home/n/nmavuso/ese5320_final_project/_x/reports/link/v++_link_lzw_fpga_guidance.html', at Sat Nov 30 12:18:20 2024
INFO: [v++ 60-895]   Target platform: /home1/e/ese5320/u96v2_sbc_base/u96v2_sbc_base.xpfm
INFO: [v++ 60-1578]   This platform contains Xilinx Shell Archive '/home1/e/ese5320/u96v2_sbc_base/hw/u96v2_sbc_base.xsa'
INFO: [v++ 60-629] Linking for hardware target
INFO: [v++ 60-423]   Target device: u96v2_sbc_base
INFO: [v++ 60-1332] Run 'run_link' status: Not started
INFO: [v++ 60-1443] [12:18:23] Run run_link: Step system_link: Started
INFO: [v++ 60-1453] Command Line: system_link --xo /mnt/castor/seas_home/n/nmavuso/ese5320_final_project/lzw_fpga.xo -keep --config /mnt/castor/seas_home/n/nmavuso/ese5320_final_project/_x/link/int/syslinkConfig.ini --xpfm /home1/e/ese5320/u96v2_sbc_base/u96v2_sbc_base.xpfm --target hw --output_dir /mnt/castor/seas_home/n/nmavuso/ese5320_final_project/_x/link/int --temp_dir /mnt/castor/seas_home/n/nmavuso/ese5320_final_project/_x/link/sys_link
INFO: [v++ 60-1454] Run Directory: /mnt/castor/seas_home/n/nmavuso/ese5320_final_project/_x/link/run_link
INFO: [SYSTEM_LINK 60-1316] Initiating connection to rulecheck server, at Sat Nov 30 12:18:25 2024
INFO: [SYSTEM_LINK 82-70] Extracting xo v3 file /mnt/castor/seas_home/n/nmavuso/ese5320_final_project/lzw_fpga.xo
INFO: [SYSTEM_LINK 82-53] Creating IP database /mnt/castor/seas_home/n/nmavuso/ese5320_final_project/_x/link/sys_link/_sysl/.cdb/xd_ip_db.xml
INFO: [SYSTEM_LINK 82-38] [12:18:27] build_xd_ip_db started: /mnt/pollux/software/xilinx/2020.2/Vitis/2020.2/bin/build_xd_ip_db -ip_search 0  -sds-pf /mnt/castor/seas_home/n/nmavuso/ese5320_final_project/_x/link/sys_link/u96v2_sbc_base.hpfm -clkid 0 -ip /mnt/castor/seas_home/n/nmavuso/ese5320_final_project/_x/link/sys_link/iprepo/xilinx_com_hls_lzw_fpga_1_0,lzw_fpga -o /mnt/castor/seas_home/n/nmavuso/ese5320_final_project/_x/link/sys_link/_sysl/.cdb/xd_ip_db.xml
INFO: [SYSTEM_LINK 82-37] [12:18:34] build_xd_ip_db finished successfully
Time (s): cpu = 00:00:07 ; elapsed = 00:00:07 . Memory (MB): peak = 1679.270 ; gain = 0.000 ; free physical = 962 ; free virtual = 7030
INFO: [SYSTEM_LINK 82-51] Create system connectivity graph
INFO: [SYSTEM_LINK 82-102] Applying explicit connections to the system connectivity graph: /mnt/castor/seas_home/n/nmavuso/ese5320_final_project/_x/link/sys_link/cfgraph/cfgen_cfgraph.xml
INFO: [SYSTEM_LINK 82-38] [12:18:34] cfgen started: /mnt/pollux/software/xilinx/2020.2/Vitis/2020.2/bin/cfgen  -nk lzw_fpga:1:lzw_fpga_1 -dmclkid 0 -r /mnt/castor/seas_home/n/nmavuso/ese5320_final_project/_x/link/sys_link/_sysl/.cdb/xd_ip_db.xml -o /mnt/castor/seas_home/n/nmavuso/ese5320_final_project/_x/link/sys_link/cfgraph/cfgen_cfgraph.xml
INFO: [CFGEN 83-0] Kernel Specs: 
INFO: [CFGEN 83-0]   kernel: lzw_fpga, num: 1  {lzw_fpga_1}
INFO: [CFGEN 83-2226] Inferring mapping for argument lzw_fpga_1.input to HP0
INFO: [CFGEN 83-2226] Inferring mapping for argument lzw_fpga_1.output_code to HP0
INFO: [CFGEN 83-2226] Inferring mapping for argument lzw_fpga_1.output_size to HP0
INFO: [CFGEN 83-2226] Inferring mapping for argument lzw_fpga_1.output_length to HP0
INFO: [CFGEN 83-2226] Inferring mapping for argument lzw_fpga_1.output to HP0
INFO: [SYSTEM_LINK 82-37] [12:18:36] cfgen finished successfully
Time (s): cpu = 00:00:01 ; elapsed = 00:00:01 . Memory (MB): peak = 1679.270 ; gain = 0.000 ; free physical = 960 ; free virtual = 7029
INFO: [SYSTEM_LINK 82-52] Create top-level block diagram
INFO: [SYSTEM_LINK 82-38] [12:18:36] cf2bd started: /mnt/pollux/software/xilinx/2020.2/Vitis/2020.2/bin/cf2bd  --linux --trace_buffer 1024 --input_file /mnt/castor/seas_home/n/nmavuso/ese5320_final_project/_x/link/sys_link/cfgraph/cfgen_cfgraph.xml --ip_db /mnt/castor/seas_home/n/nmavuso/ese5320_final_project/_x/link/sys_link/_sysl/.cdb/xd_ip_db.xml --cf_name dr --working_dir /mnt/castor/seas_home/n/nmavuso/ese5320_final_project/_x/link/sys_link/_sysl/.xsd --temp_dir /mnt/castor/seas_home/n/nmavuso/ese5320_final_project/_x/link/sys_link --output_dir /mnt/castor/seas_home/n/nmavuso/ese5320_final_project/_x/link/int
INFO: [CF2BD 82-31] Launching cf2xd: cf2xd -linux -trace-buffer 1024 -i /mnt/castor/seas_home/n/nmavuso/ese5320_final_project/_x/link/sys_link/cfgraph/cfgen_cfgraph.xml -r /mnt/castor/seas_home/n/nmavuso/ese5320_final_project/_x/link/sys_link/_sysl/.cdb/xd_ip_db.xml -o dr.xml
INFO: [CF2BD 82-28] cf2xd finished successfully
INFO: [CF2BD 82-31] Launching cf_xsd: cf_xsd -disable-address-gen -dn dr -dp /mnt/castor/seas_home/n/nmavuso/ese5320_final_project/_x/link/sys_link/_sysl/.xsd
INFO: [CF2BD 82-28] cf_xsd finished successfully
INFO: [SYSTEM_LINK 82-37] [12:18:38] cf2bd finished successfully
Time (s): cpu = 00:00:02 ; elapsed = 00:00:02 . Memory (MB): peak = 1679.270 ; gain = 0.000 ; free physical = 950 ; free virtual = 7027
INFO: [v++ 60-1441] [12:18:38] Run run_link: Step system_link: Completed
Time (s): cpu = 00:00:14 ; elapsed = 00:00:15 . Memory (MB): peak = 1574.281 ; gain = 0.000 ; free physical = 988 ; free virtual = 7066
INFO: [v++ 60-1443] [12:18:38] Run run_link: Step cf2sw: Started
INFO: [v++ 60-1453] Command Line: cf2sw -sdsl /mnt/castor/seas_home/n/nmavuso/ese5320_final_project/_x/link/int/sdsl.dat -rtd /mnt/castor/seas_home/n/nmavuso/ese5320_final_project/_x/link/int/cf2sw.rtd -nofilter /mnt/castor/seas_home/n/nmavuso/ese5320_final_project/_x/link/int/cf2sw_full.rtd -xclbin /mnt/castor/seas_home/n/nmavuso/ese5320_final_project/_x/link/int/xclbin_orig.xml -o /mnt/castor/seas_home/n/nmavuso/ese5320_final_project/_x/link/int/xclbin_orig.1.xml
INFO: [v++ 60-1454] Run Directory: /mnt/castor/seas_home/n/nmavuso/ese5320_final_project/_x/link/run_link
INFO: [v++ 60-1441] [12:18:41] Run run_link: Step cf2sw: Completed
Time (s): cpu = 00:00:03 ; elapsed = 00:00:03 . Memory (MB): peak = 1574.281 ; gain = 0.000 ; free physical = 986 ; free virtual = 7067
INFO: [v++ 60-1443] [12:18:41] Run run_link: Step rtd2_system_diagram: Started
INFO: [v++ 60-1453] Command Line: rtd2SystemDiagram
INFO: [v++ 60-1454] Run Directory: /mnt/castor/seas_home/n/nmavuso/ese5320_final_project/_x/link/run_link
INFO: [v++ 60-1441] [12:18:44] Run run_link: Step rtd2_system_diagram: Completed
Time (s): cpu = 00:00:00 ; elapsed = 00:00:03 . Memory (MB): peak = 1574.281 ; gain = 0.000 ; free physical = 357 ; free virtual = 6504
INFO: [v++ 60-1443] [12:18:44] Run run_link: Step vpl: Started
INFO: [v++ 60-1453] Command Line: vpl -t hw -f u96v2_sbc_base -g --remote_ip_cache /mnt/castor/seas_home/n/nmavuso/ese5320_final_project/.ipcache -s --output_dir /mnt/castor/seas_home/n/nmavuso/ese5320_final_project/_x/link/int --log_dir /mnt/castor/seas_home/n/nmavuso/ese5320_final_project/_x/logs/link --report_dir /mnt/castor/seas_home/n/nmavuso/ese5320_final_project/_x/reports/link --config /mnt/castor/seas_home/n/nmavuso/ese5320_final_project/_x/link/int/vplConfig.ini -k /mnt/castor/seas_home/n/nmavuso/ese5320_final_project/_x/link/int/kernel_info.dat --webtalk_flag Vitis --temp_dir /mnt/castor/seas_home/n/nmavuso/ese5320_final_project/_x/link --no-info --iprepo /mnt/castor/seas_home/n/nmavuso/ese5320_final_project/_x/link/int/xo/ip_repo/xilinx_com_hls_lzw_fpga_1_0 --messageDb /mnt/castor/seas_home/n/nmavuso/ese5320_final_project/_x/link/run_link/vpl.pb /mnt/castor/seas_home/n/nmavuso/ese5320_final_project/_x/link/int/dr.bd.tcl
INFO: [v++ 60-1454] Run Directory: /mnt/castor/seas_home/n/nmavuso/ese5320_final_project/_x/link/run_link

****** vpl v2020.2 (64-bit)
  **** SW Build (by xbuild) on 2020-11-18-05:13:29
    ** Copyright 1986-2020 Xilinx, Inc. All Rights Reserved.

INFO: [VPL 60-839] Read in kernel information from file '/mnt/castor/seas_home/n/nmavuso/ese5320_final_project/_x/link/int/kernel_info.dat'.
INFO: [VPL 60-423]   Target device: u96v2_sbc_base
INFO: [VPL 60-1032] Extracting hardware platform to /mnt/castor/seas_home/n/nmavuso/ese5320_final_project/_x/link/vivado/vpl/.local/hw_platform
WARNING: /mnt/pollux/software/xilinx/2020.2/Vitis/2020.2/tps/lnx64/jre9.0.4 does not exist.
[12:19:43] Run vpl: Step create_project: Started
Creating Vivado project.
[12:20:17] Run vpl: Step create_project: RUNNING...
[12:20:35] Run vpl: Step create_project: Completed
[12:20:35] Run vpl: Step create_bd: Started
[12:21:11] Run vpl: Step create_bd: Completed
[12:21:11] Run vpl: Step update_bd: Started
[12:21:11] Run vpl: Step update_bd: Completed
[12:21:11] Run vpl: Step generate_target: Started
[12:22:29] Run vpl: Step generate_target: RUNNING...
[12:22:47] Run vpl: Step generate_target: Completed
[12:22:47] Run vpl: Step config_hw_runs: Started
[12:22:59] Run vpl: Step config_hw_runs: Completed
[12:22:59] Run vpl: Step synth: Started
[12:24:03] Block-level synthesis in progress, 0 of 35 jobs complete, 4 jobs running.
[12:24:35] Block-level synthesis in progress, 0 of 35 jobs complete, 4 jobs running.
[12:25:28] Block-level synthesis in progress, 0 of 35 jobs complete, 4 jobs running.
[12:25:59] Block-level synthesis in progress, 0 of 35 jobs complete, 4 jobs running.
[12:26:30] Block-level synthesis in progress, 0 of 35 jobs complete, 4 jobs running.
[12:27:01] Block-level synthesis in progress, 2 of 35 jobs complete, 2 jobs running.
[12:27:33] Block-level synthesis in progress, 2 of 35 jobs complete, 2 jobs running.
[12:28:03] Block-level synthesis in progress, 3 of 35 jobs complete, 4 jobs running.
[12:28:35] Block-level synthesis in progress, 3 of 35 jobs complete, 4 jobs running.
[12:29:06] Block-level synthesis in progress, 3 of 35 jobs complete, 4 jobs running.
[12:29:38] Block-level synthesis in progress, 3 of 35 jobs complete, 4 jobs running.
[12:30:08] Block-level synthesis in progress, 4 of 35 jobs complete, 3 jobs running.
[12:30:40] Block-level synthesis in progress, 5 of 35 jobs complete, 3 jobs running.
[12:31:10] Block-level synthesis in progress, 5 of 35 jobs complete, 4 jobs running.
[12:31:42] Block-level synthesis in progress, 6 of 35 jobs complete, 3 jobs running.
[12:32:12] Block-level synthesis in progress, 6 of 35 jobs complete, 4 jobs running.
[12:32:45] Block-level synthesis in progress, 6 of 35 jobs complete, 4 jobs running.
[12:33:16] Block-level synthesis in progress, 6 of 35 jobs complete, 4 jobs running.
[12:33:48] Block-level synthesis in progress, 6 of 35 jobs complete, 4 jobs running.
[12:34:19] Block-level synthesis in progress, 7 of 35 jobs complete, 3 jobs running.
[12:34:50] Block-level synthesis in progress, 9 of 35 jobs complete, 2 jobs running.
[12:35:21] Block-level synthesis in progress, 9 of 35 jobs complete, 4 jobs running.
[12:35:52] Block-level synthesis in progress, 11 of 35 jobs complete, 2 jobs running.
[12:36:23] Block-level synthesis in progress, 11 of 35 jobs complete, 4 jobs running.
[12:36:55] Block-level synthesis in progress, 11 of 35 jobs complete, 4 jobs running.
[12:37:26] Block-level synthesis in progress, 11 of 35 jobs complete, 4 jobs running.
[12:37:57] Block-level synthesis in progress, 11 of 35 jobs complete, 4 jobs running.
[12:38:28] Block-level synthesis in progress, 11 of 35 jobs complete, 4 jobs running.
[12:38:59] Block-level synthesis in progress, 13 of 35 jobs complete, 2 jobs running.
[12:39:30] Block-level synthesis in progress, 15 of 35 jobs complete, 2 jobs running.
[12:40:02] Block-level synthesis in progress, 18 of 35 jobs complete, 2 jobs running.
[12:40:32] Block-level synthesis in progress, 21 of 35 jobs complete, 2 jobs running.
[12:41:04] Block-level synthesis in progress, 24 of 35 jobs complete, 1 job running.
[12:41:35] Block-level synthesis in progress, 26 of 35 jobs complete, 2 jobs running.
[12:42:06] Block-level synthesis in progress, 28 of 35 jobs complete, 2 jobs running.
[12:42:38] Block-level synthesis in progress, 30 of 35 jobs complete, 2 jobs running.
[12:43:10] Block-level synthesis in progress, 33 of 35 jobs complete, 2 jobs running.
[12:43:41] Block-level synthesis in progress, 35 of 35 jobs complete, 0 jobs running.
[12:44:12] Top-level synthesis in progress.
[12:44:43] Top-level synthesis in progress.
[12:45:14] Top-level synthesis in progress.
[12:45:45] Top-level synthesis in progress.
[12:46:16] Top-level synthesis in progress.
[12:46:33] Run vpl: Step synth: Completed
[12:46:33] Run vpl: Step impl: Started
[12:49:41] Finished 2nd of 6 tasks (FPGA linking synthesized kernels to platform). Elapsed time: 00h 30m 54s 

[12:49:41] Starting logic optimization..
[12:50:12] Phase 1 Retarget
[12:50:12] Phase 2 Constant propagation
[12:50:12] Phase 3 Sweep
[12:50:12] Phase 4 BUFG optimization
[12:50:12] Phase 5 Shift Register Optimization
[12:50:12] Phase 6 Post Processing Netlist
[12:51:14] Finished 3rd of 6 tasks (FPGA logic optimization). Elapsed time: 00h 01m 33s 

[12:51:14] Starting logic placement..
[12:51:14] Phase 1 Placer Initialization
[12:51:46] Phase 1.1 Placer Initialization Netlist Sorting
[12:51:46] Phase 1.2 IO Placement/ Clock Placement/ Build Placer Device
[12:51:46] Phase 1.3 Build Placer Netlist Model
[12:51:46] Phase 1.4 Constrain Clocks/Macros
[12:51:46] Phase 2 Global Placement
[12:51:46] Phase 2.1 Floorplanning
[12:51:46] Phase 2.1.1 Partition Driven Placement
[12:51:46] Phase 2.1.1.1 PBP: Partition Driven Placement
[12:52:17] Phase 2.1.1.2 PBP: Clock Region Placement
[12:52:17] Phase 2.1.1.3 PBP: Compute Congestion
[12:52:17] Phase 2.1.1.4 PBP: UpdateTiming
[12:52:17] Phase 2.1.1.5 PBP: Add part constraints
[12:52:17] Phase 2.2 Update Timing before SLR Path Opt
[12:52:17] Phase 2.3 Global Placement Core
[12:53:20] Phase 2.3.1 Physical Synthesis In Placer
[12:53:20] Phase 3 Detail Placement
[12:53:20] Phase 3.1 Commit Multi Column Macros
[12:53:20] Phase 3.2 Commit Most Macros & LUTRAMs
[12:53:51] Phase 3.3 Small Shape DP
[12:53:51] Phase 3.3.1 Small Shape Clustering
[12:53:51] Phase 3.3.2 Flow Legalize Slice Clusters
[12:53:51] Phase 3.3.3 Slice Area Swap
[12:53:51] Phase 3.4 Re-assign LUT pins
[12:54:22] Phase 3.5 Pipeline Register Optimization
[12:54:22] Phase 4 Post Placement Optimization and Clean-Up
[12:54:22] Phase 4.1 Post Commit Optimization
[12:54:22] Phase 4.1.1 Post Placement Optimization
[12:54:22] Phase 4.1.1.1 BUFG Insertion
[12:54:22] Phase 1 Physical Synthesis Initialization
[12:54:22] Phase 4.2 Post Placement Cleanup
[12:54:22] Phase 4.3 Placer Reporting
[12:54:22] Phase 4.3.1 Print Estimated Congestion
[12:54:22] Phase 4.4 Final Placement Cleanup
[12:54:54] Finished 4th of 6 tasks (FPGA logic placement). Elapsed time: 00h 03m 39s 

[12:54:54] Starting logic routing..
[12:54:54] Phase 1 Build RT Design
[12:55:25] Phase 2 Router Initialization
[12:55:25] Phase 2.1 Fix Topology Constraints
[12:55:25] Phase 2.2 Pre Route Cleanup
[12:55:25] Phase 2.3 Global Clock Net Routing
[12:55:25] Phase 2.4 Update Timing
[12:55:25] Phase 3 Initial Routing
[12:55:25] Phase 3.1 Global Routing
[12:55:57] Phase 4 Rip-up And Reroute
[12:55:57] Phase 4.1 Global Iteration 0
[12:57:31] Phase 4.2 Global Iteration 1
[12:57:31] Phase 5 Delay and Skew Optimization
[12:57:31] Phase 5.1 Delay CleanUp
[12:57:31] Phase 5.1.1 Update Timing
[12:58:02] Phase 5.2 Clock Skew Optimization
[12:58:02] Phase 6 Post Hold Fix
[12:58:02] Phase 6.1 Hold Fix Iter
[12:58:02] Phase 6.1.1 Update Timing
[12:58:02] Phase 7 Route finalize
[12:58:02] Phase 8 Verifying routed nets
[12:58:02] Phase 9 Depositing Routes
[12:58:02] Phase 10 Route finalize
[12:58:02] Phase 11 Post Router Timing
[12:58:02] Finished 5th of 6 tasks (FPGA routing). Elapsed time: 00h 03m 08s 

[12:58:02] Starting bitstream generation..
[12:59:05] Creating bitmap...
[12:59:23] Run vpl: Step impl: Completed
[12:59:24] Writing bitstream ./u96v2_sbc_base_wrapper.bit...
[12:59:24] Finished 6th of 6 tasks (FPGA bitstream generation). Elapsed time: 00h 01m 21s 
[12:59:24] Run vpl: FINISHED. Run Status: impl Complete!
INFO: [v++ 60-1441] [12:59:26] Run run_link: Step vpl: Completed
Time (s): cpu = 00:00:25 ; elapsed = 00:40:42 . Memory (MB): peak = 1574.281 ; gain = 0.000 ; free physical = 7809 ; free virtual = 10463
INFO: [v++ 60-1443] [12:59:26] Run run_link: Step rtdgen: Started
INFO: [v++ 60-1453] Command Line: rtdgen
INFO: [v++ 60-1454] Run Directory: /mnt/castor/seas_home/n/nmavuso/ese5320_final_project/_x/link/run_link
INFO: [v++ 60-1453] Command Line: cf2sw -a /mnt/castor/seas_home/n/nmavuso/ese5320_final_project/_x/link/int/address_map.xml -sdsl /mnt/castor/seas_home/n/nmavuso/ese5320_final_project/_x/link/int/sdsl.dat -xclbin /mnt/castor/seas_home/n/nmavuso/ese5320_final_project/_x/link/int/xclbin_orig.xml -rtd /mnt/castor/seas_home/n/nmavuso/ese5320_final_project/_x/link/int/lzw_fpga.rtd -o /mnt/castor/seas_home/n/nmavuso/ese5320_final_project/_x/link/int/lzw_fpga.xml
INFO: [v++ 60-1652] Cf2sw returned exit code: 0
INFO: [v++ 60-2311] HPISystemDiagram::writeSystemDiagramAfterRunningVivado, rtdInputFilePath: /mnt/castor/seas_home/n/nmavuso/ese5320_final_project/_x/link/int/lzw_fpga.rtd
INFO: [v++ 60-2312] HPISystemDiagram::writeSystemDiagramAfterRunningVivado, systemDiagramOutputFilePath: /mnt/castor/seas_home/n/nmavuso/ese5320_final_project/_x/link/int/systemDiagramModelSlrBaseAddress.json
INFO: [v++ 60-1618] Launching 
INFO: [v++ 60-1441] [12:59:30] Run run_link: Step rtdgen: Completed
Time (s): cpu = 00:00:03 ; elapsed = 00:00:03 . Memory (MB): peak = 1574.281 ; gain = 0.000 ; free physical = 7792 ; free virtual = 10471
INFO: [v++ 60-1443] [12:59:30] Run run_link: Step xclbinutil: Started
INFO: [v++ 60-1453] Command Line: xclbinutil --add-section BITSTREAM:RAW:/mnt/castor/seas_home/n/nmavuso/ese5320_final_project/_x/link/int/system.bit --force --target hw --key-value SYS:dfx_enable:false --add-section :JSON:/mnt/castor/seas_home/n/nmavuso/ese5320_final_project/_x/link/int/lzw_fpga.rtd --add-section CLOCK_FREQ_TOPOLOGY:JSON:/mnt/castor/seas_home/n/nmavuso/ese5320_final_project/_x/link/int/lzw_fpga_xml.rtd --add-section BUILD_METADATA:JSON:/mnt/castor/seas_home/n/nmavuso/ese5320_final_project/_x/link/int/lzw_fpga_build.rtd --add-section EMBEDDED_METADATA:RAW:/mnt/castor/seas_home/n/nmavuso/ese5320_final_project/_x/link/int/lzw_fpga.xml --add-section SYSTEM_METADATA:RAW:/mnt/castor/seas_home/n/nmavuso/ese5320_final_project/_x/link/int/systemDiagramModelSlrBaseAddress.json --key-value SYS:PlatformVBNV:avnet.com_u96v2_sbc_base_u96v2_sbc_base_1_0 --output /mnt/castor/seas_home/n/nmavuso/ese5320_final_project/lzw_fpga.xclbin
INFO: [v++ 60-1454] Run Directory: /mnt/castor/seas_home/n/nmavuso/ese5320_final_project/_x/link/run_link
XRT Build Version: 2.8.0 (Vitis)
       Build Date: 2020-11-04 13:51:01
          Hash ID: 70b0d7e5db97d08503f97ca713c33ecb01ddca64
Creating a default 'in-memory' xclbin image.

Section: 'BITSTREAM'(0) was successfully added.
Size   : 5568794 bytes
Format : RAW
File   : '/mnt/castor/seas_home/n/nmavuso/ese5320_final_project/_x/link/int/system.bit'

Section: 'MEM_TOPOLOGY'(6) was successfully added.
Format : JSON
File   : 'mem_topology'

Section: 'IP_LAYOUT'(8) was successfully added.
Format : JSON
File   : 'ip_layout'

Section: 'CONNECTIVITY'(7) was successfully added.
Format : JSON
File   : 'connectivity'
WARNING: Skipping CLOCK_FREQ_TOPOLOGY section for count size is zero.
WARNING: Section 'CLOCK_FREQ_TOPOLOGY' content is empty.  No data in the given JSON file.

Section: 'CLOCK_FREQ_TOPOLOGY'(11) was empty.  No action taken.
Format : JSON
File   : '/mnt/castor/seas_home/n/nmavuso/ese5320_final_project/_x/link/int/lzw_fpga_xml.rtd'

Section: 'BUILD_METADATA'(14) was successfully added.
Size   : 2922 bytes
Format : JSON
File   : '/mnt/castor/seas_home/n/nmavuso/ese5320_final_project/_x/link/int/lzw_fpga_build.rtd'

Section: 'EMBEDDED_METADATA'(2) was successfully added.
Size   : 8076 bytes
Format : RAW
File   : '/mnt/castor/seas_home/n/nmavuso/ese5320_final_project/_x/link/int/lzw_fpga.xml'

Section: 'SYSTEM_METADATA'(22) was successfully added.
Size   : 8602 bytes
Format : RAW
File   : '/mnt/castor/seas_home/n/nmavuso/ese5320_final_project/_x/link/int/systemDiagramModelSlrBaseAddress.json'
Successfully wrote (5597185 bytes) to the output file: /mnt/castor/seas_home/n/nmavuso/ese5320_final_project/lzw_fpga.xclbin
Leaving xclbinutil.
INFO: [v++ 60-1441] [12:59:32] Run run_link: Step xclbinutil: Completed
Time (s): cpu = 00:00:01 ; elapsed = 00:00:02 . Memory (MB): peak = 1574.281 ; gain = 0.000 ; free physical = 7761 ; free virtual = 10453
INFO: [v++ 60-1443] [12:59:32] Run run_link: Step xclbinutilinfo: Started
INFO: [v++ 60-1453] Command Line: xclbinutil --quiet --force --info /mnt/castor/seas_home/n/nmavuso/ese5320_final_project/lzw_fpga.xclbin.info --input /mnt/castor/seas_home/n/nmavuso/ese5320_final_project/lzw_fpga.xclbin
INFO: [v++ 60-1454] Run Directory: /mnt/castor/seas_home/n/nmavuso/ese5320_final_project/_x/link/run_link
INFO: [v++ 60-1441] [12:59:33] Run run_link: Step xclbinutilinfo: Completed
Time (s): cpu = 00:00:01 ; elapsed = 00:00:02 . Memory (MB): peak = 1574.281 ; gain = 0.000 ; free physical = 7756 ; free virtual = 10461
INFO: [v++ 60-1443] [12:59:33] Run run_link: Step generate_sc_driver: Started
INFO: [v++ 60-1453] Command Line: 
INFO: [v++ 60-1454] Run Directory: /mnt/castor/seas_home/n/nmavuso/ese5320_final_project/_x/link/run_link
INFO: [v++ 60-1441] [12:59:33] Run run_link: Step generate_sc_driver: Completed
Time (s): cpu = 00:00:00 ; elapsed = 00:00:00.04 . Memory (MB): peak = 1574.281 ; gain = 0.000 ; free physical = 7752 ; free virtual = 10462
INFO: [v++ 60-244] Generating system estimate report...
INFO: [v++ 60-1092] Generated system estimate report: /mnt/castor/seas_home/n/nmavuso/ese5320_final_project/_x/reports/link/system_estimate_lzw_fpga.xtxt
INFO: [v++ 60-2397] Platform default or user specified output type sd_card detected but is not a supported output for v++ --link. Use the v++ --package option instead to create SD card output.
INFO: [v++ 60-586] Created lzw_fpga.xclbin
INFO: [v++ 60-1307] Run completed. Additional information can be found in:
	Guidance: /mnt/castor/seas_home/n/nmavuso/ese5320_final_project/_x/reports/link/v++_link_lzw_fpga_guidance.html
	Timing Report: /mnt/castor/seas_home/n/nmavuso/ese5320_final_project/_x/reports/link/imp/impl_1_u96v2_sbc_base_wrapper_timing_summary_routed.rpt
	Vivado Log: /mnt/castor/seas_home/n/nmavuso/ese5320_final_project/_x/logs/link/vivado.log
	Steps Log File: /mnt/castor/seas_home/n/nmavuso/ese5320_final_project/_x/logs/link/link.steps.log

INFO: [v++ 60-2343] Use the vitis_analyzer tool to visualize and navigate the relevant reports. Run the following command. 
    vitis_analyzer /mnt/castor/seas_home/n/nmavuso/ese5320_final_project/lzw_fpga.xclbin.link_summary 
INFO: [v++ 60-791] Total elapsed time: 0h 41m 26s
INFO: [v++ 60-1653] Closing dispatch client.
