

================================================================
== Vitis HLS Report for 'encoding'
================================================================
* Date:           Fri Nov 15 11:25:15 2024

* Version:        2020.2 (Build 3064766 on Wed Nov 18 09:12:47 MST 2020)
* Project:        fpga_acceleration
* Solution:       solution1 (Vitis Kernel Flow Target)
* Product family: zynquplus
* Target device:  xczu3eg-sbva484-1-i


================================================================
== Performance Estimates
================================================================
+ Timing: 
    * Summary: 
    +--------+---------+----------+------------+
    |  Clock |  Target | Estimated| Uncertainty|
    +--------+---------+----------+------------+
    |ap_clk  |  6.70 ns|  4.891 ns|     1.81 ns|
    +--------+---------+----------+------------+

+ Latency: 
    * Summary: 
    +---------+---------+----------+----------+-----+-----+---------+
    |  Latency (cycles) |  Latency (absolute) |  Interval | Pipeline|
    |   min   |   max   |    min   |    max   | min | max |   Type  |
    +---------+---------+----------+----------+-----+-----+---------+
    |        ?|        ?|         ?|         ?|    ?|    ?|     none|
    +---------+---------+----------+----------+-----+-----+---------+

    + Detail: 
        * Instance: 
        N/A

        * Loop: 
        +----------------------+---------+---------+----------+-----------+-----------+------+----------+
        |                      |  Latency (cycles) | Iteration|  Initiation Interval  | Trip |          |
        |       Loop Name      |   min   |   max   |  Latency |  achieved |   target  | Count| Pipelined|
        +----------------------+---------+---------+----------+-----------+-----------+------+----------+
        |- VITIS_LOOP_16_1     |       49|       49|         3|          -|          -|    16|        no|
        |- Loop 2              |     1024|     1024|         1|          -|          -|  1024|        no|
        |- VITIS_LOOP_26_2     |        ?|        ?|         ?|          -|          -|     ?|        no|
        | + VITIS_LOOP_33_3    |        ?|        ?|         2|          -|          -|     ?|        no|
        | + VITIS_LOOP_42_4    |        ?|        ?|         ?|          -|          -|     ?|        no|
        |  ++ VITIS_LOOP_45_5  |        ?|        ?|         2|          -|          -|     ?|        no|
        | + VITIS_LOOP_57_6    |        ?|        ?|         2|          -|          -|     ?|        no|
        | + VITIS_LOOP_62_7    |        ?|        ?|         ?|          -|          -|     ?|        no|
        |  ++ VITIS_LOOP_65_8  |        ?|        ?|         2|          -|          -|     ?|        no|
        | + VITIS_LOOP_77_9    |        ?|        ?|         3|          -|          -|     ?|        no|
        |- VITIS_LOOP_91_10    |        ?|        ?|         ?|          -|          -|     ?|        no|
        | + VITIS_LOOP_93_11   |        ?|        ?|         2|          -|          -|     ?|        no|
        +----------------------+---------+---------+----------+-----------+-----------+------+----------+



================================================================
== Utilization Estimates
================================================================
* Summary: 
+-----------------+---------+-----+--------+-------+-----+
|       Name      | BRAM_18K| DSP |   FF   |  LUT  | URAM|
+-----------------+---------+-----+--------+-------+-----+
|DSP              |        -|    -|       -|      -|    -|
|Expression       |        -|    -|       0|   1500|    -|
|FIFO             |        -|    -|       -|      -|    -|
|Instance         |        -|    -|       0|    325|    -|
|Memory           |     2066|    -|       0|      0|    -|
|Multiplexer      |        -|    -|       -|   3972|    -|
|Register         |        -|    -|    2038|      -|    -|
+-----------------+---------+-----+--------+-------+-----+
|Total            |     2066|    0|    2038|   5797|    0|
+-----------------+---------+-----+--------+-------+-----+
|Available        |      432|  360|  141120|  70560|    0|
+-----------------+---------+-----+--------+-------+-----+
|Utilization (%)  |      478|    0|       1|      8|    0|
+-----------------+---------+-----+--------+-------+-----+

+ Detail: 
    * Instance: 
    +--------------------+-----------------+---------+----+---+----+-----+
    |      Instance      |      Module     | BRAM_18K| DSP| FF| LUT| URAM|
    +--------------------+-----------------+---------+----+---+----+-----+
    |mux_1664_32_1_1_U3  |mux_1664_32_1_1  |        0|   0|  0|  65|    0|
    |mux_1664_32_1_1_U5  |mux_1664_32_1_1  |        0|   0|  0|  65|    0|
    |mux_1664_8_1_1_U1   |mux_1664_8_1_1   |        0|   0|  0|  65|    0|
    |mux_1664_8_1_1_U2   |mux_1664_8_1_1   |        0|   0|  0|  65|    0|
    |mux_1664_8_1_1_U4   |mux_1664_8_1_1   |        0|   0|  0|  65|    0|
    +--------------------+-----------------+---------+----+---+----+-----+
    |Total               |                 |        0|   0|  0| 325|    0|
    +--------------------+-----------------+---------+----+---+----+-----+

    * DSP: 
    N/A

    * Memory: 
    +-----------------+-----------------------+---------+---+----+-----+--------+-----+------+-------------+
    |      Memory     |         Module        | BRAM_18K| FF| LUT| URAM|  Words | Bits| Banks| W*Bits*Banks|
    +-----------------+-----------------------+---------+---+----+-----+--------+-----+------+-------------+
    |p_U              |encoding_p             |        1|  0|   0|    0|    1024|    8|     1|         8192|
    |temp_U           |encoding_p             |        1|  0|   0|    0|    1024|    8|     1|         8192|
    |table_code_0_U   |encoding_table_code_0  |        1|  0|   0|    0|     256|   32|     1|         8192|
    |table_code_1_U   |encoding_table_code_0  |        1|  0|   0|    0|     256|   32|     1|         8192|
    |table_code_2_U   |encoding_table_code_0  |        1|  0|   0|    0|     256|   32|     1|         8192|
    |table_code_3_U   |encoding_table_code_0  |        1|  0|   0|    0|     256|   32|     1|         8192|
    |table_code_4_U   |encoding_table_code_0  |        1|  0|   0|    0|     256|   32|     1|         8192|
    |table_code_5_U   |encoding_table_code_0  |        1|  0|   0|    0|     256|   32|     1|         8192|
    |table_code_6_U   |encoding_table_code_0  |        1|  0|   0|    0|     256|   32|     1|         8192|
    |table_code_7_U   |encoding_table_code_0  |        1|  0|   0|    0|     256|   32|     1|         8192|
    |table_code_8_U   |encoding_table_code_0  |        1|  0|   0|    0|     256|   32|     1|         8192|
    |table_code_9_U   |encoding_table_code_0  |        1|  0|   0|    0|     256|   32|     1|         8192|
    |table_code_10_U  |encoding_table_code_0  |        1|  0|   0|    0|     256|   32|     1|         8192|
    |table_code_11_U  |encoding_table_code_0  |        1|  0|   0|    0|     256|   32|     1|         8192|
    |table_code_12_U  |encoding_table_code_0  |        1|  0|   0|    0|     256|   32|     1|         8192|
    |table_code_13_U  |encoding_table_code_0  |        1|  0|   0|    0|     256|   32|     1|         8192|
    |table_code_14_U  |encoding_table_code_0  |        1|  0|   0|    0|     256|   32|     1|         8192|
    |table_code_15_U  |encoding_table_code_0  |        1|  0|   0|    0|     256|   32|     1|         8192|
    |table_str_0_U    |encoding_table_str_0   |      128|  0|   0|    0|  262144|    8|     1|      2097152|
    |table_str_1_U    |encoding_table_str_0   |      128|  0|   0|    0|  262144|    8|     1|      2097152|
    |table_str_2_U    |encoding_table_str_0   |      128|  0|   0|    0|  262144|    8|     1|      2097152|
    |table_str_3_U    |encoding_table_str_0   |      128|  0|   0|    0|  262144|    8|     1|      2097152|
    |table_str_4_U    |encoding_table_str_0   |      128|  0|   0|    0|  262144|    8|     1|      2097152|
    |table_str_5_U    |encoding_table_str_0   |      128|  0|   0|    0|  262144|    8|     1|      2097152|
    |table_str_6_U    |encoding_table_str_0   |      128|  0|   0|    0|  262144|    8|     1|      2097152|
    |table_str_7_U    |encoding_table_str_0   |      128|  0|   0|    0|  262144|    8|     1|      2097152|
    |table_str_8_U    |encoding_table_str_0   |      128|  0|   0|    0|  262144|    8|     1|      2097152|
    |table_str_9_U    |encoding_table_str_0   |      128|  0|   0|    0|  262144|    8|     1|      2097152|
    |table_str_10_U   |encoding_table_str_0   |      128|  0|   0|    0|  262144|    8|     1|      2097152|
    |table_str_11_U   |encoding_table_str_0   |      128|  0|   0|    0|  262144|    8|     1|      2097152|
    |table_str_12_U   |encoding_table_str_0   |      128|  0|   0|    0|  262144|    8|     1|      2097152|
    |table_str_13_U   |encoding_table_str_0   |      128|  0|   0|    0|  262144|    8|     1|      2097152|
    |table_str_14_U   |encoding_table_str_0   |      128|  0|   0|    0|  262144|    8|     1|      2097152|
    |table_str_15_U   |encoding_table_str_0   |      128|  0|   0|    0|  262144|    8|     1|      2097152|
    +-----------------+-----------------------+---------+---+----+-----+--------+-----+------+-------------+
    |Total            |                       |     2066|  0|   0|    0| 4200448|  656|    34|     33701888|
    +-----------------+-----------------------+---------+---+----+-----+--------+-----+------+-------------+

    * FIFO: 
    N/A

    * Expression: 
    +----------------------------------------+----------+----+---+-----+------------+------------+
    |              Variable Name             | Operation| DSP| FF| LUT | Bitwidth P0| Bitwidth P1|
    +----------------------------------------+----------+----+---+-----+------------+------------+
    |add_ln16_fu_2154_p2                     |         +|   0|  0|   16|           9|           5|
    |add_ln26_1_fu_2951_p2                   |         +|   0|  0|   71|          64|           1|
    |add_ln26_2_fu_2413_p2                   |         +|   0|  0|    9|           2|           2|
    |add_ln26_fu_2388_p2                     |         +|   0|  0|   71|          64|          64|
    |add_ln37_fu_2457_p2                     |         +|   0|  0|   17|          10|           1|
    |add_ln38_fu_2447_p2                     |         +|   0|  0|   71|          64|           1|
    |add_ln42_fu_2478_p2                     |         +|   0|  0|   38|          31|           1|
    |add_ln46_fu_2539_p2                     |         +|   0|  0|   71|          64|           1|
    |add_ln58_fu_2600_p2                     |         +|   0|  0|   18|          11|           1|
    |add_ln62_fu_2627_p2                     |         +|   0|  0|   38|          31|           1|
    |add_ln66_fu_2692_p2                     |         +|   0|  0|   71|          64|           1|
    |add_ln69_fu_2758_p2                     |         +|   0|  0|   71|          64|          64|
    |add_ln77_fu_2877_p2                     |         +|   0|  0|   25|          18|          18|
    |add_ln78_fu_2862_p2                     |         +|   0|  0|   26|          19|           1|
    |add_ln91_fu_2967_p2                     |         +|   0|  0|   38|          31|           1|
    |add_ln94_fu_3032_p2                     |         +|   0|  0|   71|          64|           1|
    |add_ln97_fu_3104_p2                     |         +|   0|  0|   71|          64|          64|
    |code_1_fu_2925_p2                       |         +|   0|  0|   39|          32|           1|
    |empty_46_fu_2325_p2                     |         +|   0|  0|   18|          11|           1|
    |empty_50_fu_2514_p2                     |         +|   0|  0|   25|          18|          18|
    |empty_53_fu_2667_p2                     |         +|   0|  0|   25|          18|          18|
    |empty_56_fu_3007_p2                     |         +|   0|  0|   25|          18|          18|
    |grp_fu_2056_p2                          |         +|   0|  0|   39|          32|           1|
    |table_size_1_fu_2931_p2                 |         +|   0|  0|   39|          32|           1|
    |ap_block_state310                       |       and|   0|  0|    2|           1|           1|
    |ap_predicate_op1417_writeresp_state310  |       and|   0|  0|    2|           1|           1|
    |exitcond13_fu_2336_p2                   |      icmp|   0|  0|   12|          11|          12|
    |grp_fu_2044_p2                          |      icmp|   0|  0|   20|          32|           1|
    |grp_fu_2050_p2                          |      icmp|   0|  0|   11|           8|           1|
    |icmp_ln16_fu_2148_p2                    |      icmp|   0|  0|   11|           9|           9|
    |icmp_ln26_fu_2441_p2                    |      icmp|   0|  0|   11|           8|           1|
    |icmp_ln42_1_fu_2472_p2                  |      icmp|   0|  0|   20|          32|          32|
    |icmp_ln45_1_fu_2588_p2                  |      icmp|   0|  0|   11|           8|           8|
    |icmp_ln45_fu_2545_p2                    |      icmp|   0|  0|   11|           8|           1|
    |icmp_ln48_fu_2594_p2                    |      icmp|   0|  0|   11|           8|           1|
    |icmp_ln57_fu_2611_p2                    |      icmp|   0|  0|   11|           8|           1|
    |icmp_ln62_fu_2621_p2                    |      icmp|   0|  0|   20|          32|          32|
    |icmp_ln65_1_fu_2735_p2                  |      icmp|   0|  0|   11|           8|           8|
    |icmp_ln68_fu_2741_p2                    |      icmp|   0|  0|   11|           8|           1|
    |icmp_ln75_fu_2830_p2                    |      icmp|   0|  0|   14|          20|           1|
    |icmp_ln77_fu_2901_p2                    |      icmp|   0|  0|   11|           8|           1|
    |icmp_ln91_1_fu_2961_p2                  |      icmp|   0|  0|   20|          32|          32|
    |icmp_ln93_1_fu_3081_p2                  |      icmp|   0|  0|   11|           8|           8|
    |icmp_ln93_fu_3038_p2                    |      icmp|   0|  0|   11|           8|           1|
    |icmp_ln96_fu_3087_p2                    |      icmp|   0|  0|   11|           8|           1|
    |lshr_ln26_fu_2432_p2                    |      lshr|   0|  0|  100|          32|          32|
    |or_ln16_fu_2142_p2                      |        or|   0|  0|    9|           9|           1|
    |or_ln18_10_fu_2270_p2                   |        or|   0|  0|    8|           8|           4|
    |or_ln18_11_fu_2281_p2                   |        or|   0|  0|    8|           8|           4|
    |or_ln18_12_fu_2292_p2                   |        or|   0|  0|    8|           8|           4|
    |or_ln18_13_fu_2303_p2                   |        or|   0|  0|    8|           8|           4|
    |or_ln18_14_fu_2314_p2                   |        or|   0|  0|    8|           8|           4|
    |or_ln18_1_fu_2171_p2                    |        or|   0|  0|    8|           8|           2|
    |or_ln18_2_fu_2182_p2                    |        or|   0|  0|    8|           8|           2|
    |or_ln18_3_fu_2193_p2                    |        or|   0|  0|    8|           8|           3|
    |or_ln18_4_fu_2204_p2                    |        or|   0|  0|    8|           8|           3|
    |or_ln18_5_fu_2215_p2                    |        or|   0|  0|    8|           8|           3|
    |or_ln18_6_fu_2226_p2                    |        or|   0|  0|    8|           8|           3|
    |or_ln18_7_fu_2237_p2                    |        or|   0|  0|    8|           8|           4|
    |or_ln18_8_fu_2248_p2                    |        or|   0|  0|    8|           8|           4|
    |or_ln18_9_fu_2259_p2                    |        or|   0|  0|    8|           8|           4|
    |or_ln18_fu_2160_p2                      |        or|   0|  0|    8|           8|           1|
    |or_ln19_fu_2113_p2                      |        or|   0|  0|   15|          15|           1|
    +----------------------------------------+----------+----+---+-----+------------+------------+
    |Total                                   |          |   0|  0| 1500|        1277|         523|
    +----------------------------------------+----------+----+---+-----+------------+------------+

    * Multiplexer: 
    +-------------------------+------+-----------+-----+-----------+
    |           Name          |  LUT | Input Size| Bits| Total Bits|
    +-------------------------+------+-----------+-----+-----------+
    |ap_NS_fsm                |  2006|        380|    1|        380|
    |code_fu_358              |     9|          2|   32|         64|
    |empty_45_reg_1869        |     9|          2|   11|         22|
    |gmem_blk_n_AR            |     9|          2|    1|          2|
    |gmem_blk_n_AW            |     9|          2|    1|          2|
    |gmem_blk_n_B             |     9|          2|    1|          2|
    |gmem_blk_n_R             |     9|          2|    1|          2|
    |gmem_blk_n_W             |     9|          2|    1|          2|
    |grp_fu_2056_p0           |    14|          3|   32|         96|
    |i_reg_1880               |     9|          2|   64|        128|
    |j_1_reg_1906             |     9|          2|   31|         62|
    |j_2_reg_1940             |     9|          2|   31|         62|
    |j_reg_2006               |     9|          2|   31|         62|
    |k_1_reg_1917             |     9|          2|   64|        128|
    |k_2_reg_1929             |     9|          2|   11|         22|
    |k_3_reg_1951             |     9|          2|   64|        128|
    |k_4_reg_1984             |     9|          2|   19|         38|
    |k_reg_2017               |     9|          2|   64|        128|
    |m_axi_gmem_ARADDR        |    14|          3|   64|        192|
    |m_axi_gmem_AWADDR        |    20|          4|   64|        256|
    |m_axi_gmem_WDATA         |    20|          4|   32|        128|
    |out_index_1105_reg_1995  |     9|          2|   32|         64|
    |out_index_1106_reg_1973  |     9|          2|   32|         64|
    |out_index_1_reg_1963     |     9|          2|   32|         64|
    |out_index_3_reg_2029     |    14|          3|   32|         96|
    |out_index_fu_350         |     9|          2|   32|         64|
    |p_address0               |    37|          7|   10|         70|
    |p_address1               |    14|          3|   10|         30|
    |p_d0                     |    20|          4|    8|         32|
    |p_len_reg_1892           |     9|          2|   64|        128|
    |phi_ln18_reg_1857        |     9|          2|    9|         18|
    |table_code_0_address0    |    26|          5|    8|         40|
    |table_code_0_d0          |    14|          3|   32|         96|
    |table_code_10_address0   |    26|          5|    8|         40|
    |table_code_10_d0         |    14|          3|   32|         96|
    |table_code_11_address0   |    26|          5|    8|         40|
    |table_code_11_d0         |    14|          3|   32|         96|
    |table_code_12_address0   |    26|          5|    8|         40|
    |table_code_12_d0         |    14|          3|   32|         96|
    |table_code_13_address0   |    26|          5|    8|         40|
    |table_code_13_d0         |    14|          3|   32|         96|
    |table_code_14_address0   |    26|          5|    8|         40|
    |table_code_14_d0         |    14|          3|   32|         96|
    |table_code_15_address0   |    26|          5|    8|         40|
    |table_code_15_d0         |    14|          3|   32|         96|
    |table_code_1_address0    |    26|          5|    8|         40|
    |table_code_1_d0          |    14|          3|   32|         96|
    |table_code_2_address0    |    26|          5|    8|         40|
    |table_code_2_d0          |    14|          3|   32|         96|
    |table_code_3_address0    |    26|          5|    8|         40|
    |table_code_3_d0          |    14|          3|   32|         96|
    |table_code_4_address0    |    26|          5|    8|         40|
    |table_code_4_d0          |    14|          3|   32|         96|
    |table_code_5_address0    |    26|          5|    8|         40|
    |table_code_5_d0          |    14|          3|   32|         96|
    |table_code_6_address0    |    26|          5|    8|         40|
    |table_code_6_d0          |    14|          3|   32|         96|
    |table_code_7_address0    |    26|          5|    8|         40|
    |table_code_7_d0          |    14|          3|   32|         96|
    |table_code_8_address0    |    26|          5|    8|         40|
    |table_code_8_d0          |    14|          3|   32|         96|
    |table_code_9_address0    |    26|          5|    8|         40|
    |table_code_9_d0          |    14|          3|   32|         96|
    |table_size_fu_354        |     9|          2|   32|         64|
    |table_str_0_address0     |    37|          7|   18|        126|
    |table_str_0_d0           |    20|          4|    8|         32|
    |table_str_10_address0    |    37|          7|   18|        126|
    |table_str_10_d0          |    20|          4|    8|         32|
    |table_str_11_address0    |    37|          7|   18|        126|
    |table_str_11_d0          |    20|          4|    8|         32|
    |table_str_12_address0    |    37|          7|   18|        126|
    |table_str_12_d0          |    20|          4|    8|         32|
    |table_str_13_address0    |    37|          7|   18|        126|
    |table_str_13_d0          |    20|          4|    8|         32|
    |table_str_14_address0    |    37|          7|   18|        126|
    |table_str_14_d0          |    20|          4|    8|         32|
    |table_str_15_address0    |    37|          7|   18|        126|
    |table_str_15_d0          |    20|          4|    8|         32|
    |table_str_1_address0     |    37|          7|   18|        126|
    |table_str_1_d0           |    20|          4|    8|         32|
    |table_str_2_address0     |    37|          7|   18|        126|
    |table_str_2_d0           |    20|          4|    8|         32|
    |table_str_3_address0     |    37|          7|   18|        126|
    |table_str_3_d0           |    20|          4|    8|         32|
    |table_str_4_address0     |    37|          7|   18|        126|
    |table_str_4_d0           |    20|          4|    8|         32|
    |table_str_5_address0     |    37|          7|   18|        126|
    |table_str_5_d0           |    20|          4|    8|         32|
    |table_str_6_address0     |    37|          7|   18|        126|
    |table_str_6_d0           |    20|          4|    8|         32|
    |table_str_7_address0     |    37|          7|   18|        126|
    |table_str_7_d0           |    20|          4|    8|         32|
    |table_str_8_address0     |    37|          7|   18|        126|
    |table_str_8_d0           |    20|          4|    8|         32|
    |table_str_9_address0     |    37|          7|   18|        126|
    |table_str_9_d0           |    20|          4|    8|         32|
    |temp_address0            |    20|          4|   10|         40|
    |temp_address1            |    20|          4|   10|         40|
    |temp_d0                  |    14|          3|    8|         24|
    +-------------------------+------+-----------+-----+-----------+
    |Total                    |  3972|        772| 1997|       7408|
    +-------------------------+------+-----------+-----+-----------+

    * Register: 
    +------------------------------+-----+----+-----+-----------+
    |             Name             |  FF | LUT| Bits| Const Bits|
    +------------------------------+-----+----+-----+-----------+
    |add_ln16_reg_3330             |    9|   0|    9|          0|
    |add_ln26_2_reg_3396           |    2|   0|    2|          0|
    |add_ln38_reg_3427             |   64|   0|   64|          0|
    |add_ln42_reg_3448             |   31|   0|   31|          0|
    |add_ln46_reg_3548             |   64|   0|   64|          0|
    |add_ln58_reg_3562             |   11|   0|   11|          0|
    |add_ln62_reg_3583             |   31|   0|   31|          0|
    |add_ln66_reg_3704             |   64|   0|   64|          0|
    |add_ln77_reg_3852             |   18|   0|   18|          0|
    |add_ln78_reg_3847             |   19|   0|   19|          0|
    |add_ln91_reg_3884             |   31|   0|   31|          0|
    |add_ln94_reg_4005             |   64|   0|   64|          0|
    |ap_CS_fsm                     |  379|   0|  379|          0|
    |arrayNo656_reg_3588           |    4|   0|   64|         60|
    |arrayNo675_reg_3453           |    4|   0|   64|         60|
    |arrayNo_reg_3889              |    4|   0|   64|         60|
    |c_reg_3414                    |    8|   0|    8|          0|
    |code_1_reg_3870               |   32|   0|   32|          0|
    |code_fu_358                   |   32|   0|   32|          0|
    |empty_45_reg_1869             |   11|   0|   11|          0|
    |gmem_addr_1_read_reg_3401     |   32|   0|   32|          0|
    |gmem_addr_1_reg_3390          |   64|   0|   64|          0|
    |gmem_addr_2_reg_4099          |   64|   0|   64|          0|
    |gmem_addr_4_reg_3798          |   64|   0|   64|          0|
    |i_reg_1880                    |   64|   0|   64|          0|
    |icmp_ln42_1_reg_3444          |    1|   0|    1|          0|
    |icmp_ln42_reg_3440            |    1|   0|    1|          0|
    |icmp_ln75_reg_3814            |    1|   0|    1|          0|
    |icmp_ln91_1_reg_3880          |    1|   0|    1|          0|
    |icmp_ln91_reg_3423            |    1|   0|    1|          0|
    |j_1_reg_1906                  |   31|   0|   31|          0|
    |j_2_reg_1940                  |   31|   0|   31|          0|
    |j_reg_2006                    |   31|   0|   31|          0|
    |k_1_reg_1917                  |   64|   0|   64|          0|
    |k_2_reg_1929                  |   11|   0|   11|          0|
    |k_3_reg_1951                  |   64|   0|   64|          0|
    |k_4_reg_1984                  |   19|   0|   19|          0|
    |k_reg_2017                    |   64|   0|   64|          0|
    |lshr_ln_reg_3223              |    5|   0|    5|          0|
    |out_index_1105_reg_1995       |   32|   0|   32|          0|
    |out_index_1106_reg_1973       |   32|   0|   32|          0|
    |out_index_1_reg_1963          |   32|   0|   32|          0|
    |out_index_2_reg_3406          |   32|   0|   32|          0|
    |out_index_3_reg_2029          |   32|   0|   32|          0|
    |out_index_fu_350              |   32|   0|   32|          0|
    |p_len_reg_1892                |   64|   0|   64|          0|
    |phi_ln18_reg_1857             |    9|   0|    9|          0|
    |table_size_fu_354             |   32|   0|   32|          0|
    |table_str_10_addr_1_reg_3297  |    5|   0|   18|         13|
    |table_str_11_addr_1_reg_3302  |    5|   0|   18|         13|
    |table_str_12_addr_1_reg_3307  |    5|   0|   18|         13|
    |table_str_13_addr_1_reg_3312  |    5|   0|   18|         13|
    |table_str_14_addr_1_reg_3317  |    5|   0|   18|         13|
    |table_str_15_addr_1_reg_3322  |    5|   0|   18|         13|
    |table_str_1_addr_1_reg_3252   |    5|   0|   18|         13|
    |table_str_2_addr_1_reg_3257   |    5|   0|   18|         13|
    |table_str_3_addr_1_reg_3262   |    5|   0|   18|         13|
    |table_str_4_addr_1_reg_3267   |    5|   0|   18|         13|
    |table_str_5_addr_1_reg_3272   |    5|   0|   18|         13|
    |table_str_6_addr_1_reg_3277   |    5|   0|   18|         13|
    |table_str_7_addr_1_reg_3282   |    5|   0|   18|         13|
    |table_str_8_addr_1_reg_3287   |    5|   0|   18|         13|
    |table_str_9_addr_1_reg_3292   |    5|   0|   18|         13|
    |temp_load_2_reg_3862          |    8|   0|    8|          0|
    |tmp_1_reg_4105                |   32|   0|   32|          0|
    |tmp_4_reg_3804                |   32|   0|   32|          0|
    |tmp_5_reg_3228                |    5|   0|   15|         10|
    |tmp_7_reg_3915                |    8|   0|   18|         10|
    |tmp_8_reg_3458                |    8|   0|   18|         10|
    |tmp_9_reg_3614                |    8|   0|   18|         10|
    |tmp_s_reg_3838                |    8|   0|   18|         10|
    |trunc_ln16_reg_3204           |    8|   0|    8|          0|
    |trunc_ln23_reg_3370           |    8|   0|    8|          0|
    |trunc_ln26_reg_3385           |    2|   0|    2|          0|
    |trunc_ln77_reg_3843           |    4|   0|    4|          0|
    |zext_ln18_17_reg_3233         |    5|   0|   64|         59|
    |zext_ln56_reg_3567            |   11|   0|   64|         53|
    |zext_ln65_reg_3594            |    8|   0|   64|         56|
    |zext_ln77_reg_3818            |    8|   0|   64|         56|
    |zext_ln93_reg_3895            |    8|   0|   64|         56|
    +------------------------------+-----+----+-----+-----------+
    |Total                         | 2038|   0| 2743|        705|
    +------------------------------+-----+----+-----+-----------+



================================================================
== Interface
================================================================
* Summary: 
+---------------------+-----+-----+------------+--------------+--------------+
|      RTL Ports      | Dir | Bits|  Protocol  | Source Object|    C Type    |
+---------------------+-----+-----+------------+--------------+--------------+
|ap_clk               |   in|    1|  ap_ctrl_hs|      encoding|  return value|
|ap_rst               |   in|    1|  ap_ctrl_hs|      encoding|  return value|
|ap_start             |   in|    1|  ap_ctrl_hs|      encoding|  return value|
|ap_done              |  out|    1|  ap_ctrl_hs|      encoding|  return value|
|ap_idle              |  out|    1|  ap_ctrl_hs|      encoding|  return value|
|ap_ready             |  out|    1|  ap_ctrl_hs|      encoding|  return value|
|m_axi_gmem_AWVALID   |  out|    1|       m_axi|          gmem|       pointer|
|m_axi_gmem_AWREADY   |   in|    1|       m_axi|          gmem|       pointer|
|m_axi_gmem_AWADDR    |  out|   64|       m_axi|          gmem|       pointer|
|m_axi_gmem_AWID      |  out|    1|       m_axi|          gmem|       pointer|
|m_axi_gmem_AWLEN     |  out|   32|       m_axi|          gmem|       pointer|
|m_axi_gmem_AWSIZE    |  out|    3|       m_axi|          gmem|       pointer|
|m_axi_gmem_AWBURST   |  out|    2|       m_axi|          gmem|       pointer|
|m_axi_gmem_AWLOCK    |  out|    2|       m_axi|          gmem|       pointer|
|m_axi_gmem_AWCACHE   |  out|    4|       m_axi|          gmem|       pointer|
|m_axi_gmem_AWPROT    |  out|    3|       m_axi|          gmem|       pointer|
|m_axi_gmem_AWQOS     |  out|    4|       m_axi|          gmem|       pointer|
|m_axi_gmem_AWREGION  |  out|    4|       m_axi|          gmem|       pointer|
|m_axi_gmem_AWUSER    |  out|    1|       m_axi|          gmem|       pointer|
|m_axi_gmem_WVALID    |  out|    1|       m_axi|          gmem|       pointer|
|m_axi_gmem_WREADY    |   in|    1|       m_axi|          gmem|       pointer|
|m_axi_gmem_WDATA     |  out|   32|       m_axi|          gmem|       pointer|
|m_axi_gmem_WSTRB     |  out|    4|       m_axi|          gmem|       pointer|
|m_axi_gmem_WLAST     |  out|    1|       m_axi|          gmem|       pointer|
|m_axi_gmem_WID       |  out|    1|       m_axi|          gmem|       pointer|
|m_axi_gmem_WUSER     |  out|    1|       m_axi|          gmem|       pointer|
|m_axi_gmem_ARVALID   |  out|    1|       m_axi|          gmem|       pointer|
|m_axi_gmem_ARREADY   |   in|    1|       m_axi|          gmem|       pointer|
|m_axi_gmem_ARADDR    |  out|   64|       m_axi|          gmem|       pointer|
|m_axi_gmem_ARID      |  out|    1|       m_axi|          gmem|       pointer|
|m_axi_gmem_ARLEN     |  out|   32|       m_axi|          gmem|       pointer|
|m_axi_gmem_ARSIZE    |  out|    3|       m_axi|          gmem|       pointer|
|m_axi_gmem_ARBURST   |  out|    2|       m_axi|          gmem|       pointer|
|m_axi_gmem_ARLOCK    |  out|    2|       m_axi|          gmem|       pointer|
|m_axi_gmem_ARCACHE   |  out|    4|       m_axi|          gmem|       pointer|
|m_axi_gmem_ARPROT    |  out|    3|       m_axi|          gmem|       pointer|
|m_axi_gmem_ARQOS     |  out|    4|       m_axi|          gmem|       pointer|
|m_axi_gmem_ARREGION  |  out|    4|       m_axi|          gmem|       pointer|
|m_axi_gmem_ARUSER    |  out|    1|       m_axi|          gmem|       pointer|
|m_axi_gmem_RVALID    |   in|    1|       m_axi|          gmem|       pointer|
|m_axi_gmem_RREADY    |  out|    1|       m_axi|          gmem|       pointer|
|m_axi_gmem_RDATA     |   in|   32|       m_axi|          gmem|       pointer|
|m_axi_gmem_RLAST     |   in|    1|       m_axi|          gmem|       pointer|
|m_axi_gmem_RID       |   in|    1|       m_axi|          gmem|       pointer|
|m_axi_gmem_RUSER     |   in|    1|       m_axi|          gmem|       pointer|
|m_axi_gmem_RRESP     |   in|    2|       m_axi|          gmem|       pointer|
|m_axi_gmem_BVALID    |   in|    1|       m_axi|          gmem|       pointer|
|m_axi_gmem_BREADY    |  out|    1|       m_axi|          gmem|       pointer|
|m_axi_gmem_BRESP     |   in|    2|       m_axi|          gmem|       pointer|
|m_axi_gmem_BID       |   in|    1|       m_axi|          gmem|       pointer|
|m_axi_gmem_BUSER     |   in|    1|       m_axi|          gmem|       pointer|
|input_r              |   in|   64|     ap_none|       input_r|        scalar|
|output_code          |   in|   64|     ap_none|   output_code|        scalar|
|output_size          |   in|   64|     ap_none|   output_size|        scalar|
+---------------------+-----+-----+------------+--------------+--------------+

