
*** Running vivado
    with args -log u96v2_sbc_base_m00_data_fifo_0.vds -m64 -product Vivado -mode batch -messageDb vivado.pb -notrace -source u96v2_sbc_base_m00_data_fifo_0.tcl


****** Vivado v2020.2 (64-bit)
  **** SW Build 3064766 on Wed Nov 18 09:12:47 MST 2020
  **** IP Build 3064653 on Wed Nov 18 14:17:31 MST 2020
    ** Copyright 1986-2020 Xilinx, Inc. All Rights Reserved.

source u96v2_sbc_base_m00_data_fifo_0.tcl -notrace
INFO: Dispatch client connection id - 33537
INFO: [IP_Flow 19-234] Refreshing IP repositories
INFO: [IP_Flow 19-1700] Loaded user IP repository '/mnt/castor/seas_home/a/abdellah/Documents/ese5320_final_project/_x/link/int/xo/ip_repo/xilinx_com_hls_lzw_fpga_1_0'.
INFO: [IP_Flow 19-1700] Loaded user IP repository '/mnt/castor/seas_home/a/abdellah/Documents/ese5320_final_project/_x/link/vivado/vpl/.local/hw_platform/iprepo'.
INFO: [IP_Flow 19-1700] Loaded user IP repository '/mnt/pollux/software/xilinx/2020.2/Vitis/2020.2/data/cache/xilinx'.
INFO: [IP_Flow 19-1700] Loaded user IP repository '/mnt/castor/seas_home/a/abdellah/Documents/ese5320_final_project/_x/link/vivado/vpl/.local/hw_platform/ipcache'.
INFO: [IP_Flow 19-1700] Loaded user IP repository '/mnt/pollux/software/xilinx/2020.2/Vitis/2020.2/data/ip'.
INFO: [IP_Flow 19-2313] Loaded Vivado IP repository '/mnt/pollux/software/xilinx/2020.2/Vivado/2020.2/data/ip'.
Command: synth_design -top u96v2_sbc_base_m00_data_fifo_0 -part xczu3eg-sbva484-1-i -mode out_of_context
Starting synth_design
Attempting to get a license for feature 'Synthesis' and/or device 'xczu3eg'
INFO: [Common 17-349] Got license for feature 'Synthesis' and/or device 'xczu3eg'
INFO: [Device 21-403] Loading part xczu3eg-sbva484-1-i
INFO: [Synth 8-7079] Multithreading enabled for synth_design using a maximum of 1 processes.
INFO: [Synth 8-7078] Launching helper process for spawning children vivado processes
INFO: [Synth 8-7075] Helper process launched with PID 18613
---------------------------------------------------------------------------------
Starting RTL Elaboration : Time (s): cpu = 00:00:05 ; elapsed = 00:00:11 . Memory (MB): peak = 2766.645 ; gain = 28.906 ; free physical = 3719 ; free virtual = 10715
---------------------------------------------------------------------------------
INFO: [Synth 8-6157] synthesizing module 'u96v2_sbc_base_m00_data_fifo_0' [/mnt/castor/seas_home/a/abdellah/Documents/ese5320_final_project/_x/link/vivado/vpl/prj/prj.gen/sources_1/bd/u96v2_sbc_base/ip/u96v2_sbc_base_m00_data_fifo_0/synth/u96v2_sbc_base_m00_data_fifo_0.v:58]
INFO: [Synth 8-6157] synthesizing module 'axi_data_fifo_v2_1_21_axi_data_fifo' [/mnt/castor/seas_home/a/abdellah/Documents/ese5320_final_project/_x/link/vivado/vpl/prj/prj.gen/sources_1/bd/u96v2_sbc_base/ipshared/54c0/hdl/axi_data_fifo_v2_1_vl_rfs.v:1283]
	Parameter C_FAMILY bound to: zynquplus - type: string 
	Parameter C_AXI_PROTOCOL bound to: 0 - type: integer 
	Parameter C_AXI_ID_WIDTH bound to: 2 - type: integer 
	Parameter C_AXI_ADDR_WIDTH bound to: 49 - type: integer 
	Parameter C_AXI_DATA_WIDTH bound to: 128 - type: integer 
	Parameter C_AXI_SUPPORTS_USER_SIGNALS bound to: 0 - type: integer 
	Parameter C_AXI_AWUSER_WIDTH bound to: 1 - type: integer 
	Parameter C_AXI_ARUSER_WIDTH bound to: 1 - type: integer 
	Parameter C_AXI_WUSER_WIDTH bound to: 1 - type: integer 
	Parameter C_AXI_RUSER_WIDTH bound to: 1 - type: integer 
	Parameter C_AXI_BUSER_WIDTH bound to: 1 - type: integer 
	Parameter C_AXI_WRITE_FIFO_DEPTH bound to: 512 - type: integer 
	Parameter C_AXI_WRITE_FIFO_TYPE bound to: bram - type: string 
	Parameter C_AXI_WRITE_FIFO_DELAY bound to: 1 - type: integer 
	Parameter C_AXI_READ_FIFO_DEPTH bound to: 512 - type: integer 
	Parameter C_AXI_READ_FIFO_TYPE bound to: bram - type: string 
	Parameter C_AXI_READ_FIFO_DELAY bound to: 1 - type: integer 
	Parameter P_WIDTH_RACH bound to: 81 - type: integer 
	Parameter P_WIDTH_WACH bound to: 81 - type: integer 
	Parameter P_WIDTH_RDCH bound to: 134 - type: integer 
	Parameter P_WIDTH_WDCH bound to: 146 - type: integer 
	Parameter P_WIDTH_WRCH bound to: 5 - type: integer 
	Parameter P_PRIM_FIFO_TYPE bound to: 512x72 - type: string 
	Parameter P_AXI4 bound to: 0 - type: integer 
	Parameter P_AXI3 bound to: 1 - type: integer 
	Parameter P_AXILITE bound to: 2 - type: integer 
	Parameter P_WRITE_FIFO_DEPTH_LOG bound to: 9 - type: integer 
	Parameter P_READ_FIFO_DEPTH_LOG bound to: 9 - type: integer 
INFO: [Synth 8-6157] synthesizing module 'xpm_cdc_async_rst' [/mnt/pollux/software/xilinx/2020.2/Vivado/2020.2/data/ip/xpm/xpm_cdc/hdl/xpm_cdc.sv:1175]
INFO: [Synth 8-6155] done synthesizing module 'xpm_cdc_async_rst' (1#1) [/mnt/pollux/software/xilinx/2020.2/Vivado/2020.2/data/ip/xpm/xpm_cdc/hdl/xpm_cdc.sv:1175]
INFO: [Synth 8-6157] synthesizing module 'xpm_cdc_sync_rst' [/mnt/pollux/software/xilinx/2020.2/Vivado/2020.2/data/ip/xpm/xpm_cdc/hdl/xpm_cdc.sv:1059]
INFO: [Synth 8-6155] done synthesizing module 'xpm_cdc_sync_rst' (20#1) [/mnt/pollux/software/xilinx/2020.2/Vivado/2020.2/data/ip/xpm/xpm_cdc/hdl/xpm_cdc.sv:1059]
INFO: [Synth 8-6155] done synthesizing module 'axi_data_fifo_v2_1_21_axi_data_fifo' (31#1) [/mnt/castor/seas_home/a/abdellah/Documents/ese5320_final_project/_x/link/vivado/vpl/prj/prj.gen/sources_1/bd/u96v2_sbc_base/ipshared/54c0/hdl/axi_data_fifo_v2_1_vl_rfs.v:1283]
INFO: [Synth 8-6155] done synthesizing module 'u96v2_sbc_base_m00_data_fifo_0' (32#1) [/mnt/castor/seas_home/a/abdellah/Documents/ese5320_final_project/_x/link/vivado/vpl/prj/prj.gen/sources_1/bd/u96v2_sbc_base/ip/u96v2_sbc_base_m00_data_fifo_0/synth/u96v2_sbc_base_m00_data_fifo_0.v:58]
---------------------------------------------------------------------------------
Finished RTL Elaboration : Time (s): cpu = 00:00:18 ; elapsed = 00:00:30 . Memory (MB): peak = 3134.934 ; gain = 397.195 ; free physical = 3513 ; free virtual = 10523
---------------------------------------------------------------------------------
---------------------------------------------------------------------------------
Start Handling Custom Attributes
---------------------------------------------------------------------------------
---------------------------------------------------------------------------------
Finished Handling Custom Attributes : Time (s): cpu = 00:00:18 ; elapsed = 00:00:31 . Memory (MB): peak = 3134.934 ; gain = 397.195 ; free physical = 3492 ; free virtual = 10506
---------------------------------------------------------------------------------
---------------------------------------------------------------------------------
Finished RTL Optimization Phase 1 : Time (s): cpu = 00:00:18 ; elapsed = 00:00:31 . Memory (MB): peak = 3134.934 ; gain = 397.195 ; free physical = 3497 ; free virtual = 10511
---------------------------------------------------------------------------------
Netlist sorting complete. Time (s): cpu = 00:00:00.07 ; elapsed = 00:00:00.07 . Memory (MB): peak = 3134.934 ; gain = 0.000 ; free physical = 3334 ; free virtual = 10357
INFO: [Netlist 29-17] Analyzing 40 Unisim elements for replacement
INFO: [Netlist 29-28] Unisim Transformation completed in 0 CPU seconds
INFO: [Project 1-570] Preparing netlist for logic optimization

Processing XDC Constraints
Initializing timing engine
Parsing XDC File [/mnt/castor/seas_home/a/abdellah/Documents/ese5320_final_project/_x/link/vivado/vpl/prj/prj.gen/sources_1/bd/u96v2_sbc_base/ip/u96v2_sbc_base_m00_data_fifo_0/u96v2_sbc_base_m00_data_fifo_0_ooc.xdc] for cell 'inst'
Finished Parsing XDC File [/mnt/castor/seas_home/a/abdellah/Documents/ese5320_final_project/_x/link/vivado/vpl/prj/prj.gen/sources_1/bd/u96v2_sbc_base/ip/u96v2_sbc_base_m00_data_fifo_0/u96v2_sbc_base_m00_data_fifo_0_ooc.xdc] for cell 'inst'
Parsing XDC File [/mnt/castor/seas_home/a/abdellah/Documents/ese5320_final_project/_x/link/vivado/vpl/prj/prj.runs/u96v2_sbc_base_m00_data_fifo_0_synth_1/dont_touch.xdc]
Finished Parsing XDC File [/mnt/castor/seas_home/a/abdellah/Documents/ese5320_final_project/_x/link/vivado/vpl/prj/prj.runs/u96v2_sbc_base_m00_data_fifo_0_synth_1/dont_touch.xdc]
INFO: [Project 1-1715] 2 XPM XDC files have been applied to the design.
Completed Processing XDC Constraints

Netlist sorting complete. Time (s): cpu = 00:00:00.01 ; elapsed = 00:00:00 . Memory (MB): peak = 3134.934 ; gain = 0.000 ; free physical = 2621 ; free virtual = 9676
INFO: [Project 1-111] Unisim Transformation Summary:
No Unisim elements were transformed.

Constraint Validation Runtime : Time (s): cpu = 00:00:00.04 ; elapsed = 00:00:00.05 . Memory (MB): peak = 3134.934 ; gain = 0.000 ; free physical = 2608 ; free virtual = 9664
---------------------------------------------------------------------------------
Finished Constraint Validation : Time (s): cpu = 00:00:25 ; elapsed = 00:00:40 . Memory (MB): peak = 3134.934 ; gain = 397.195 ; free physical = 2428 ; free virtual = 9484
---------------------------------------------------------------------------------
---------------------------------------------------------------------------------
Start Loading Part and Timing Information
---------------------------------------------------------------------------------
Loading part: xczu3eg-sbva484-1-i
INFO: [Synth 8-6742] Reading net delay rules and data
---------------------------------------------------------------------------------
Finished Loading Part and Timing Information : Time (s): cpu = 00:00:25 ; elapsed = 00:00:40 . Memory (MB): peak = 3134.934 ; gain = 397.195 ; free physical = 2423 ; free virtual = 9479
---------------------------------------------------------------------------------
---------------------------------------------------------------------------------
Start Applying 'set_property' XDC Constraints
---------------------------------------------------------------------------------
Applied set_property KEEP_HIERARCHY = SOFT for inst. (constraint file  /mnt/castor/seas_home/a/abdellah/Documents/ese5320_final_project/_x/link/vivado/vpl/prj/prj.runs/u96v2_sbc_base_m00_data_fifo_0_synth_1/dont_touch.xdc, line 9).
Applied set_property KEEP_HIERARCHY = SOFT for inst/\gen_fifo.fifo_gen_inst /inst_fifo_gen/\reset_gen_cc.rstblk_cc /\ngwrdrst.grst.g7serrst.gnsckt_wrst.rst_wr_reg2_inst . (constraint file  auto generated constraint).
Applied set_property KEEP_HIERARCHY = SOFT for inst/\gen_fifo.fifo_gen_inst /inst_fifo_gen/\gaxi_full_lite.gwrite_ch.gwach2.axi_wach /\grf.rf /rstblk/\ngwrdrst.grst.g7serrst.gnsckt_wrst.rst_wr_reg2_inst . (constraint file  auto generated constraint).
Applied set_property KEEP_HIERARCHY = SOFT for inst/\gen_fifo.fifo_gen_inst /inst_fifo_gen/\gaxi_full_lite.gwrite_ch.gwach2.gawvld_pkt_fifo.wach_pkt_reg_slice /rstblk/\ngwrdrst.grst.g7serrst.gnsckt_wrst.rst_wr_reg2_inst . (constraint file  auto generated constraint).
Applied set_property KEEP_HIERARCHY = SOFT for inst/\gen_fifo.fifo_gen_inst /inst_fifo_gen/\gaxi_full_lite.gread_ch.grach2.axi_rach /\grf.rf /rstblk/\ngwrdrst.grst.g7serrst.gnsckt_wrst.rst_wr_reg2_inst . (constraint file  auto generated constraint).
Applied set_property KEEP_HIERARCHY = SOFT for inst/\gen_fifo.fifo_gen_inst /inst_fifo_gen/\gaxi_full_lite.gread_ch.grach2.gaxi_arvld.rach_pkt_reg_slice /rstblk/\ngwrdrst.grst.g7serrst.gnsckt_wrst.rst_wr_reg2_inst . (constraint file  auto generated constraint).
Applied set_property KEEP_HIERARCHY = SOFT for inst/\gen_fifo.fifo_gen_inst /inst_fifo_gen/\gaxi_full_lite.gwrite_ch.gwdch2.axi_wdch /\grf.rf /rstblk/\ngwrdrst.grst.g7serrst.gsckt_wrst.xpm_cdc_sync_rst_inst_wrst . (constraint file  auto generated constraint).
Applied set_property KEEP_HIERARCHY = SOFT for inst/\gen_fifo.fifo_gen_inst /inst_fifo_gen/\gaxi_full_lite.gread_ch.grdch2.axi_rdch /\grf.rf /rstblk/\ngwrdrst.grst.g7serrst.gsckt_wrst.xpm_cdc_sync_rst_inst_wrst . (constraint file  auto generated constraint).
---------------------------------------------------------------------------------
Finished applying 'set_property' XDC Constraints : Time (s): cpu = 00:00:25 ; elapsed = 00:00:40 . Memory (MB): peak = 3134.934 ; gain = 397.195 ; free physical = 2474 ; free virtual = 9476
---------------------------------------------------------------------------------
INFO: [Synth 8-802] inferred FSM for state register 'gpregsm1.curr_fwft_state_reg' in module 'rd_fwft'
INFO: [Synth 8-802] inferred FSM for state register 'gpregsm1.curr_fwft_state_reg' in module 'rd_fwft__parameterized0'
INFO: [Synth 8-6159] Found Keep on FSM register 'gpregsm1.curr_fwft_state_reg' in module 'rd_fwft', re-encoding will not be performed
---------------------------------------------------------------------------------------------------
                   State |                     New Encoding |                Previous Encoding 
---------------------------------------------------------------------------------------------------
                 invalid |                               00 |                               00
            stage1_valid |                               10 |                               10
       both_stages_valid |                               11 |                               11
            stage2_valid |                               01 |                               01
---------------------------------------------------------------------------------------------------
INFO: [Synth 8-6159] Found Keep on FSM register 'gpregsm1.curr_fwft_state_reg' in module 'rd_fwft__parameterized0', re-encoding will not be performed
---------------------------------------------------------------------------------------------------
                   State |                     New Encoding |                Previous Encoding 
---------------------------------------------------------------------------------------------------
                 invalid |                               00 |                               00
            stage1_valid |                               10 |                               10
       both_stages_valid |                               11 |                               11
            stage2_valid |                               01 |                               01
---------------------------------------------------------------------------------------------------
---------------------------------------------------------------------------------
Finished RTL Optimization Phase 2 : Time (s): cpu = 00:00:26 ; elapsed = 00:00:41 . Memory (MB): peak = 3134.934 ; gain = 397.195 ; free physical = 2365 ; free virtual = 9380
---------------------------------------------------------------------------------
---------------------------------------------------------------------------------
Start RTL Component Statistics 
---------------------------------------------------------------------------------
Detailed RTL Component Info : 
+---Adders : 
	   3 Input   10 Bit       Adders := 2     
	   2 Input   10 Bit       Adders := 1     
	   2 Input    9 Bit       Adders := 5     
	   2 Input    5 Bit       Adders := 4     
+---XORs : 
	   2 Input      1 Bit         XORs := 122   
+---Registers : 
	              146 Bit    Registers := 1     
	              134 Bit    Registers := 1     
	               81 Bit    Registers := 6     
	               10 Bit    Registers := 2     
	                9 Bit    Registers := 8     
	                5 Bit    Registers := 20    
	                4 Bit    Registers := 7     
	                2 Bit    Registers := 5     
	                1 Bit    Registers := 114   
+---Muxes : 
	   2 Input   10 Bit        Muxes := 2     
	   4 Input    2 Bit        Muxes := 4     
	   2 Input    2 Bit        Muxes := 41    
	   5 Input    2 Bit        Muxes := 4     
	   3 Input    1 Bit        Muxes := 4     
	   2 Input    1 Bit        Muxes := 31    
	   4 Input    1 Bit        Muxes := 8     
---------------------------------------------------------------------------------
Finished RTL Component Statistics 
---------------------------------------------------------------------------------
---------------------------------------------------------------------------------
Start Part Resource Summary
---------------------------------------------------------------------------------
Part Resources:
DSPs: 360 (col length:72)
BRAMs: 432 (col length: RAMB18 72 RAMB36 36)
---------------------------------------------------------------------------------
Finished Part Resource Summary
---------------------------------------------------------------------------------
---------------------------------------------------------------------------------
Start Cross Boundary and Area Optimization
---------------------------------------------------------------------------------
---------------------------------------------------------------------------------
Finished Cross Boundary and Area Optimization : Time (s): cpu = 00:00:27 ; elapsed = 00:00:43 . Memory (MB): peak = 3134.934 ; gain = 397.195 ; free physical = 2192 ; free virtual = 9233
---------------------------------------------------------------------------------
---------------------------------------------------------------------------------
Start ROM, RAM, DSP, Shift Register and Retiming Reporting
---------------------------------------------------------------------------------

Distributed RAM: Preliminary Mapping	Report (see note below)
+------------------------------+-----------------------------------------------------------------------------------------------------------+----------------+----------------------+---------------+
|Module Name                   | RTL Object                                                                                                | Inference      | Size (Depth x Width) | Primitives    | 
+------------------------------+-----------------------------------------------------------------------------------------------------------+----------------+----------------------+---------------+
|inst/\gen_fifo.fifo_gen_inst  | inst_fifo_gen/gaxi_full_lite.gwrite_ch.gwach2.axi_wach/grf.rf/gntv_or_sync_fifo.mem/gdm.dm_gen.dm/RAM_reg | User Attribute | 32 x 81              | RAM32M16 x 6	 | 
|inst/\gen_fifo.fifo_gen_inst  | inst_fifo_gen/gaxi_full_lite.gread_ch.grach2.axi_rach/grf.rf/gntv_or_sync_fifo.mem/gdm.dm_gen.dm/RAM_reg  | User Attribute | 32 x 81              | RAM32M16 x 6	 | 
+------------------------------+-----------------------------------------------------------------------------------------------------------+----------------+----------------------+---------------+

Note: The table above is a preliminary report that shows the Distributed RAMs at the current stage of the synthesis flow. Some Distributed RAMs may be reimplemented as non Distributed RAM primitives later in the synthesis flow. Multiple instantiated RAMs are reported only once.
---------------------------------------------------------------------------------
Finished ROM, RAM, DSP, Shift Register and Retiming Reporting
---------------------------------------------------------------------------------
---------------------------------------------------------------------------------
Start Applying XDC Timing Constraints
---------------------------------------------------------------------------------
---------------------------------------------------------------------------------
Finished Applying XDC Timing Constraints : Time (s): cpu = 00:00:39 ; elapsed = 00:01:03 . Memory (MB): peak = 3356.738 ; gain = 619.000 ; free physical = 2836 ; free virtual = 9874
---------------------------------------------------------------------------------
---------------------------------------------------------------------------------
Start Timing Optimization
---------------------------------------------------------------------------------
---------------------------------------------------------------------------------
Finished Timing Optimization : Time (s): cpu = 00:00:41 ; elapsed = 00:01:05 . Memory (MB): peak = 3394.785 ; gain = 657.047 ; free physical = 4745 ; free virtual = 11669
---------------------------------------------------------------------------------
---------------------------------------------------------------------------------
Start Technology Mapping
---------------------------------------------------------------------------------
---------------------------------------------------------------------------------
Finished Technology Mapping : Time (s): cpu = 00:00:41 ; elapsed = 00:01:05 . Memory (MB): peak = 3405.816 ; gain = 668.078 ; free physical = 4708 ; free virtual = 11635
---------------------------------------------------------------------------------
---------------------------------------------------------------------------------
Start IO Insertion
---------------------------------------------------------------------------------
---------------------------------------------------------------------------------
Start Flattening Before IO Insertion
---------------------------------------------------------------------------------
---------------------------------------------------------------------------------
Finished Flattening Before IO Insertion
---------------------------------------------------------------------------------
---------------------------------------------------------------------------------
Start Final Netlist Cleanup
---------------------------------------------------------------------------------
---------------------------------------------------------------------------------
Finished Final Netlist Cleanup
---------------------------------------------------------------------------------
---------------------------------------------------------------------------------
Finished IO Insertion : Time (s): cpu = 00:00:42 ; elapsed = 00:01:07 . Memory (MB): peak = 3405.816 ; gain = 668.078 ; free physical = 6753 ; free virtual = 13692
---------------------------------------------------------------------------------
---------------------------------------------------------------------------------
Start Renaming Generated Instances
---------------------------------------------------------------------------------
---------------------------------------------------------------------------------
Finished Renaming Generated Instances : Time (s): cpu = 00:00:42 ; elapsed = 00:01:07 . Memory (MB): peak = 3405.816 ; gain = 668.078 ; free physical = 6753 ; free virtual = 13692
---------------------------------------------------------------------------------
---------------------------------------------------------------------------------
Start Rebuilding User Hierarchy
---------------------------------------------------------------------------------
---------------------------------------------------------------------------------
Finished Rebuilding User Hierarchy : Time (s): cpu = 00:00:42 ; elapsed = 00:01:07 . Memory (MB): peak = 3405.816 ; gain = 668.078 ; free physical = 6744 ; free virtual = 13684
---------------------------------------------------------------------------------
---------------------------------------------------------------------------------
Start Renaming Generated Ports
---------------------------------------------------------------------------------
---------------------------------------------------------------------------------
Finished Renaming Generated Ports : Time (s): cpu = 00:00:42 ; elapsed = 00:01:07 . Memory (MB): peak = 3405.816 ; gain = 668.078 ; free physical = 6739 ; free virtual = 13679
---------------------------------------------------------------------------------
---------------------------------------------------------------------------------
Start Handling Custom Attributes
---------------------------------------------------------------------------------
---------------------------------------------------------------------------------
Finished Handling Custom Attributes : Time (s): cpu = 00:00:42 ; elapsed = 00:01:07 . Memory (MB): peak = 3405.816 ; gain = 668.078 ; free physical = 6737 ; free virtual = 13678
---------------------------------------------------------------------------------
---------------------------------------------------------------------------------
Start Renaming Generated Nets
---------------------------------------------------------------------------------
---------------------------------------------------------------------------------
Finished Renaming Generated Nets : Time (s): cpu = 00:00:42 ; elapsed = 00:01:07 . Memory (MB): peak = 3405.816 ; gain = 668.078 ; free physical = 6735 ; free virtual = 13677
---------------------------------------------------------------------------------
---------------------------------------------------------------------------------
Start ROM, RAM, DSP, Shift Register and Retiming Reporting
---------------------------------------------------------------------------------

Static Shift Register Report:
+-----------------------+-----------------------------------------------------------------------------------------------------------------------------------------------------------------------------------------------------------------------------------+--------+-------+--------------+--------------------+-------------------+--------+---------+
|Module Name            | RTL Name                                                                                                                                                                                                                          | Length | Width | Reset Signal | Pull out first Reg | Pull out last Reg | SRL16E | SRLC32E | 
+-----------------------+-----------------------------------------------------------------------------------------------------------------------------------------------------------------------------------------------------------------------------------+--------+-------+--------------+--------------------+-------------------+--------+---------+
|fifo_generator_v13_2_5 | inst_fifo_gen/gaxi_full_lite.gread_ch.grdch2.axi_rdch/grf.rf/gntv_or_sync_fifo.mem/gbm.gbmg.gbmga.ngecc.bmg/inst_blk_mem_gen/gnbram.gnativebmg.native_blk_mem_gen/valid.cstr/ramloop[1].ram.r/SAFETY_CKT_GEN.RSTB_SHFT_REG_reg[4] | 4      | 1     | NO           | NO                 | YES               | 1      | 0       | 
+-----------------------+-----------------------------------------------------------------------------------------------------------------------------------------------------------------------------------------------------------------------------------+--------+-------+--------------+--------------------+-------------------+--------+---------+

---------------------------------------------------------------------------------
Finished ROM, RAM, DSP, Shift Register and Retiming Reporting
---------------------------------------------------------------------------------
---------------------------------------------------------------------------------
Start Writing Synthesis Report
---------------------------------------------------------------------------------

Report BlackBoxes: 
+-+--------------+----------+
| |BlackBox name |Instances |
+-+--------------+----------+
+-+--------------+----------+

Report Cell Usage: 
+------+---------+------+
|      |Cell     |Count |
+------+---------+------+
|1     |CARRY8   |     7|
|2     |LUT1     |   111|
|3     |LUT2     |    46|
|4     |LUT3     |    36|
|5     |LUT4     |    77|
|6     |LUT5     |    41|
|7     |LUT6     |    40|
|8     |MUXCY    |    40|
|9     |RAM32M16 |    12|
|10    |RAMB18E2 |     1|
|11    |RAMB36E2 |     4|
|12    |SRL16E   |     1|
|13    |FDCE     |    51|
|14    |FDPE     |    53|
|15    |FDRE     |   915|
|16    |FDSE     |     6|
+------+---------+------+
---------------------------------------------------------------------------------
Finished Writing Synthesis Report : Time (s): cpu = 00:00:42 ; elapsed = 00:01:07 . Memory (MB): peak = 3405.816 ; gain = 668.078 ; free physical = 6734 ; free virtual = 13676
---------------------------------------------------------------------------------
Synthesis finished with 0 errors, 0 critical warnings and 0 warnings.
Synthesis Optimization Runtime : Time (s): cpu = 00:00:38 ; elapsed = 00:01:01 . Memory (MB): peak = 3405.816 ; gain = 668.078 ; free physical = 6760 ; free virtual = 13703
Synthesis Optimization Complete : Time (s): cpu = 00:00:42 ; elapsed = 00:01:07 . Memory (MB): peak = 3405.824 ; gain = 668.078 ; free physical = 6755 ; free virtual = 13697
INFO: [Project 1-571] Translating synthesized netlist
Netlist sorting complete. Time (s): cpu = 00:00:00.04 ; elapsed = 00:00:00.04 . Memory (MB): peak = 3405.824 ; gain = 0.000 ; free physical = 6808 ; free virtual = 13753
INFO: [Netlist 29-17] Analyzing 59 Unisim elements for replacement
INFO: [Netlist 29-28] Unisim Transformation completed in 0 CPU seconds
INFO: [Project 1-570] Preparing netlist for logic optimization
INFO: [Opt 31-138] Pushed 0 inverter(s) to 0 load pin(s).
Netlist sorting complete. Time (s): cpu = 00:00:00 ; elapsed = 00:00:00 . Memory (MB): peak = 3427.629 ; gain = 0.000 ; free physical = 6703 ; free virtual = 13655
INFO: [Project 1-111] Unisim Transformation Summary:
  A total of 20 instances were transformed.
  (CARRY4) => CARRY8: 8 instances
  RAM32M16 => RAM32M16 (RAMD32(x14), RAMS32(x2)): 12 instances

INFO: [Common 17-83] Releasing license: Synthesis
37 Infos, 0 Warnings, 0 Critical Warnings and 0 Errors encountered.
synth_design completed successfully
synth_design: Time (s): cpu = 00:00:52 ; elapsed = 00:01:20 . Memory (MB): peak = 3427.629 ; gain = 1030.289 ; free physical = 6815 ; free virtual = 13769
INFO: [Common 17-600] The following parameters have non-default value.
general.maxThreads
INFO: [Common 17-1381] The checkpoint '/mnt/castor/seas_home/a/abdellah/Documents/ese5320_final_project/_x/link/vivado/vpl/prj/prj.runs/u96v2_sbc_base_m00_data_fifo_0_synth_1/u96v2_sbc_base_m00_data_fifo_0.dcp' has been generated.
WARNING: [Common 17-576] 'use_project_ipc' is deprecated. This option is deprecated and no longer used.
INFO: [Coretcl 2-1648] Added synthesis output to IP cache for IP u96v2_sbc_base_m00_data_fifo_0, cache-ID = f3d511fdb24322cf
INFO: [Coretcl 2-1174] Renamed 87 cell refs.
INFO: [Common 17-1381] The checkpoint '/mnt/castor/seas_home/a/abdellah/Documents/ese5320_final_project/_x/link/vivado/vpl/prj/prj.runs/u96v2_sbc_base_m00_data_fifo_0_synth_1/u96v2_sbc_base_m00_data_fifo_0.dcp' has been generated.
INFO: [runtcl-4] Executing : report_utilization -file u96v2_sbc_base_m00_data_fifo_0_utilization_synth.rpt -pb u96v2_sbc_base_m00_data_fifo_0_utilization_synth.pb
INFO: [Common 17-206] Exiting Vivado at Sun Dec  8 20:18:35 2024...
