

================================================================
== Vitis HLS Report for 'decoding'
================================================================
* Date:           Fri Nov 22 12:57:53 2024

* Version:        2020.2 (Build 3064766 on Wed Nov 18 09:12:47 MST 2020)
* Project:        lzw_fpga
* Solution:       solution1 (Vitis Kernel Flow Target)
* Product family: zynquplus
* Target device:  xczu3eg-sbva484-1-i


================================================================
== Performance Estimates
================================================================
+ Timing: 
    * Summary: 
    +--------+---------+----------+------------+
    |  Clock |  Target | Estimated| Uncertainty|
    +--------+---------+----------+------------+
    |ap_clk  |  6.70 ns|  4.891 ns|     1.81 ns|
    +--------+---------+----------+------------+

+ Latency: 
    * Summary: 
    +---------+---------+----------+----------+-----+-----+---------+
    |  Latency (cycles) |  Latency (absolute) |  Interval | Pipeline|
    |   min   |   max   |    min   |    max   | min | max |   Type  |
    +---------+---------+----------+----------+-----+-----+---------+
    |        ?|        ?|         ?|         ?|    ?|    ?|     none|
    +---------+---------+----------+----------+-----+-----+---------+

    + Detail: 
        * Instance: 
        +---------------------------+----------------+---------+---------+-----------+-----------+-----+------+---------+
        |                           |                |  Latency (cycles) |   Latency (absolute)  |  Interval  | Pipeline|
        |          Instance         |     Module     |   min   |   max   |    min    |    max    | min |  max |   Type  |
        +---------------------------+----------------+---------+---------+-----------+-----------+-----+------+---------+
        |grp_string_copy_1_fu_496   |string_copy_1   |        ?|        ?|          ?|          ?|    ?|     ?|     none|
        |grp_string_copy_16_fu_506  |string_copy_16  |        5|     2049|  33.500 ns|  13.728 us|    5|  2049|     none|
        |grp_string_copy_fu_513     |string_copy     |        5|     2049|  33.500 ns|  13.728 us|    5|  2049|     none|
        +---------------------------+----------------+---------+---------+-----------+-----------+-----+------+---------+

        * Loop: 
        +-----------------------+---------+---------+----------+-----------+-----------+----------+----------+
        |                       |  Latency (cycles) | Iteration|  Initiation Interval  |   Trip   |          |
        |       Loop Name       |   min   |   max   |  Latency |  achieved |   target  |   Count  | Pipelined|
        +-----------------------+---------+---------+----------+-----------+-----------+----------+----------+
        |- VITIS_LOOP_111_1     |      256|      256|         1|          1|          1|       256|       yes|
        |- Loop 2               |     1024|     1024|         1|          1|          1|      1024|       yes|
        |- VITIS_LOOP_27_1      |        ?|        ?|         2|          2|          1|         ?|       yes|
        |- VITIS_LOOP_131_2     |        ?|        ?|         ?|          -|          -|         ?|        no|
        | + VITIS_LOOP_131_2.1  |     1024|     1024|         1|          1|          1|      1024|       yes|
        | + VITIS_LOOP_27_1     |        ?|        ?|         2|          2|          1|         ?|       yes|
        | + VITIS_LOOP_27_1     |        ?|        ?|         2|          2|          1|         ?|       yes|
        | + VITIS_LOOP_27_1     |        ?|        ?|         2|          2|          1|         ?|       yes|
        | + VITIS_LOOP_8_1      |        3|     2047|         2|          2|          1|  1 ~ 1023|       yes|
        +-----------------------+---------+---------+----------+-----------+-----------+----------+----------+



================================================================
== Utilization Estimates
================================================================
* Summary: 
+-----------------+---------+-----+--------+-------+-----+
|       Name      | BRAM_18K| DSP |   FF   |  LUT  | URAM|
+-----------------+---------+-----+--------+-------+-----+
|DSP              |        -|    -|       -|      -|    -|
|Expression       |        -|    -|       0|   1168|    -|
|FIFO             |        -|    -|       -|      -|    -|
|Instance         |        -|    -|     619|   1113|    -|
|Memory           |     2050|    -|       0|      0|    -|
|Multiplexer      |        -|    -|       -|   2122|    -|
|Register         |        -|    -|    1261|      -|    -|
+-----------------+---------+-----+--------+-------+-----+
|Total            |     2050|    0|    1880|   4403|    0|
+-----------------+---------+-----+--------+-------+-----+
|Available        |      432|  360|  141120|  70560|    0|
+-----------------+---------+-----+--------+-------+-----+
|Utilization (%)  |      474|    0|       1|      6|    0|
+-----------------+---------+-----+--------+-------+-----+

+ Detail: 
    * Instance: 
    +---------------------------+----------------+---------+----+-----+-----+-----+
    |          Instance         |     Module     | BRAM_18K| DSP|  FF | LUT | URAM|
    +---------------------------+----------------+---------+----+-----+-----+-----+
    |grp_string_copy_fu_513     |string_copy     |        0|   0|   35|  102|    0|
    |grp_string_copy_1_fu_496   |string_copy_1   |        0|   0|  549|  909|    0|
    |grp_string_copy_16_fu_506  |string_copy_16  |        0|   0|   35|  102|    0|
    +---------------------------+----------------+---------+----+-----+-----+-----+
    |Total                      |                |        0|   0|  619| 1113|    0|
    +---------------------------+----------------+---------+----+-----+-----+-----+

    * DSP: 
    N/A

    * Memory: 
    +-------------+--------------------+---------+---+----+-----+---------+-----+------+-------------+
    |    Memory   |       Module       | BRAM_18K| FF| LUT| URAM|  Words  | Bits| Banks| W*Bits*Banks|
    +-------------+--------------------+---------+---+----+-----+---------+-----+------+-------------+
    |table_str_U  |decoding_table_str  |     2048|  0|   0|    0|  4194304|    8|     1|     33554432|
    |temp_U       |decoding_temp       |        1|  0|   0|    0|     1024|    8|     1|         8192|
    |new_str_U    |decoding_temp       |        1|  0|   0|    0|     1024|    8|     1|         8192|
    +-------------+--------------------+---------+---+----+-----+---------+-----+------+-------------+
    |Total        |                    |     2050|  0|   0|    0|  4196352|   24|     3|     33570816|
    +-------------+--------------------+---------+---+----+-----+---------+-----+------+-------------+

    * FIFO: 
    N/A

    * Expression: 
    +-------------------------+----------+----+---+----+------------+------------+
    |      Variable Name      | Operation| DSP| FF| LUT| Bitwidth P0| Bitwidth P1|
    +-------------------------+----------+----+---+----+------------+------------+
    |add_ln131_fu_1018_p2     |         +|   0|  0|  38|          31|           1|
    |add_ln133_fu_722_p2      |         +|   0|  0|  71|          64|          64|
    |add_ln141_fu_811_p2      |         +|   0|  0|  17|          10|           1|
    |add_ln150_fu_875_p2      |         +|   0|  0|  71|          64|          64|
    |add_ln156_fu_947_p2      |         +|   0|  0|  29|          22|          22|
    |add_ln157_1_fu_998_p2    |         +|   0|  0|  22|          22|          22|
    |add_ln157_fu_993_p2      |         +|   0|  0|  22|          22|           1|
    |add_ln165_1_fu_1060_p2   |         +|   0|  0|   9|           2|           2|
    |add_ln165_fu_1032_p2     |         +|   0|  0|  71|          64|          64|
    |add_ln28_1_fu_796_p2     |         +|   0|  0|  71|          64|           1|
    |add_ln28_2_fu_838_p2     |         +|   0|  0|  71|          64|           1|
    |add_ln28_3_fu_904_p2     |         +|   0|  0|  71|          64|           1|
    |add_ln28_fu_649_p2       |         +|   0|  0|  71|          64|           1|
    |add_ln8_fu_981_p2        |         +|   0|  0|  17|          10|           1|
    |empty_49_fu_573_p2       |         +|   0|  0|  18|          11|           1|
    |empty_52_fu_693_p2       |         +|   0|  0|  18|          11|           1|
    |i_fu_528_p2              |         +|   0|  0|  16|           9|           1|
    |out_index_7_fu_859_p2    |         +|   0|  0|  39|          32|          32|
    |table_size_2_fu_1003_p2  |         +|   0|  0|  39|          32|           1|
    |sub_ln150_fu_881_p2      |         -|   0|  0|  39|          11|          32|
    |and_ln135_fu_765_p2      |       and|   0|  0|   2|           1|           1|
    |and_ln27_1_fu_802_p2     |       and|   0|  0|   2|           1|           1|
    |and_ln27_2_fu_850_p2     |       and|   0|  0|   2|           1|           1|
    |and_ln27_3_fu_930_p2     |       and|   0|  0|   2|           1|           1|
    |and_ln27_fu_655_p2       |       and|   0|  0|   2|           1|           1|
    |exitcond1_fu_699_p2      |      icmp|   0|  0|  12|          11|          12|
    |exitcond683_fu_579_p2    |      icmp|   0|  0|  12|          11|          12|
    |grp_fu_519_p2            |      icmp|   0|  0|  11|           8|           1|
    |icmp_ln111_fu_534_p2     |      icmp|   0|  0|  11|           9|          10|
    |icmp_ln122_fu_620_p2     |      icmp|   0|  0|  16|          24|           1|
    |icmp_ln131_1_fu_688_p2   |      icmp|   0|  0|  20|          32|          32|
    |icmp_ln131_fu_673_p2     |      icmp|   0|  0|  19|          31|           1|
    |icmp_ln135_fu_747_p2     |      icmp|   0|  0|  20|          32|          32|
    |icmp_ln137_fu_771_p2     |      icmp|   0|  0|  20|          32|          32|
    |icmp_ln146_fu_865_p2     |      icmp|   0|  0|  20|          32|          10|
    |icmp_ln153_fu_898_p2     |      icmp|   0|  0|  14|          20|           1|
    |icmp_ln27_2_fu_643_p2    |      icmp|   0|  0|  25|          54|           1|
    |icmp_ln27_4_fu_790_p2    |      icmp|   0|  0|  25|          54|           1|
    |icmp_ln27_5_fu_844_p2    |      icmp|   0|  0|  11|           8|           1|
    |icmp_ln27_6_fu_832_p2    |      icmp|   0|  0|  25|          54|           1|
    |icmp_ln27_8_fu_924_p2    |      icmp|   0|  0|  25|          54|           1|
    |icmp_ln8_8_fu_987_p2     |      icmp|   0|  0|  11|           8|           1|
    |icmp_ln8_fu_975_p2       |      icmp|   0|  0|  11|          10|           2|
    |or_ln113_fu_553_p2       |        or|   0|  0|  19|          19|           1|
    |shl_ln165_fu_1069_p2     |       shl|   0|  0|   9|           1|           4|
    |xor_ln135_fu_759_p2      |       xor|   0|  0|   2|           1|           2|
    +-------------------------+----------+----+---+----+------------+------------+
    |Total                    |          |   0|  0|1168|        1183|         478|
    +-------------------------+----------+----+---+----+------------+------------+

    * Multiplexer: 
    +--------------------------------------+------+-----------+-----+-----------+
    |                 Name                 |  LUT | Input Size| Bits| Total Bits|
    +--------------------------------------+------+-----------+-----+-----------+
    |ap_NS_fsm                             |  1324|        249|    1|        249|
    |empty_48_reg_379                      |     9|          2|   11|         22|
    |empty_51_reg_425                      |     9|          2|   11|         22|
    |gmem_blk_n_AR                         |     9|          2|    1|          2|
    |gmem_blk_n_AW                         |     9|          2|    1|          2|
    |gmem_blk_n_B                          |     9|          2|    1|          2|
    |gmem_blk_n_R                          |     9|          2|    1|          2|
    |gmem_blk_n_W                          |     9|          2|    1|          2|
    |grp_string_copy_16_fu_506_src_offset  |    14|          3|   12|         36|
    |grp_string_copy_1_fu_496_dest         |    14|          3|   64|        192|
    |grp_string_copy_1_fu_496_max_len      |    14|          3|   32|         96|
    |grp_string_copy_1_fu_496_src_q0       |    14|          3|    8|         24|
    |grp_string_copy_fu_513_src_q0         |    14|          3|    8|         24|
    |i_10_reg_475                          |     9|          2|   10|         20|
    |i_11_reg_368                          |     9|          2|    9|         18|
    |i_9_reg_403                           |     9|          2|   31|         62|
    |len_4_reg_390                         |     9|          2|   64|        128|
    |len_5_reg_436                         |     9|          2|   64|        128|
    |len_6_reg_463                         |     9|          2|   64|        128|
    |len_reg_450                           |     9|          2|   64|        128|
    |m_axi_gmem_ARADDR                     |    14|          3|   64|        192|
    |m_axi_gmem_AWADDR                     |    14|          3|   64|        192|
    |m_axi_gmem_AWBURST                    |     9|          2|    2|          4|
    |m_axi_gmem_AWCACHE                    |     9|          2|    4|          8|
    |m_axi_gmem_AWID                       |     9|          2|    1|          2|
    |m_axi_gmem_AWLEN                      |    14|          3|   32|         96|
    |m_axi_gmem_AWLOCK                     |     9|          2|    2|          4|
    |m_axi_gmem_AWPROT                     |     9|          2|    3|          6|
    |m_axi_gmem_AWQOS                      |     9|          2|    4|          8|
    |m_axi_gmem_AWREGION                   |     9|          2|    4|          8|
    |m_axi_gmem_AWSIZE                     |     9|          2|    3|          6|
    |m_axi_gmem_AWUSER                     |     9|          2|    1|          2|
    |m_axi_gmem_AWVALID                    |    14|          3|    1|          3|
    |m_axi_gmem_BREADY                     |    14|          3|    1|          3|
    |m_axi_gmem_WDATA                      |    14|          3|   32|         96|
    |m_axi_gmem_WID                        |     9|          2|    1|          2|
    |m_axi_gmem_WLAST                      |     9|          2|    1|          2|
    |m_axi_gmem_WSTRB                      |    14|          3|    4|         12|
    |m_axi_gmem_WUSER                      |     9|          2|    1|          2|
    |m_axi_gmem_WVALID                     |    14|          3|    1|          3|
    |new_str_address0                      |    54|         10|   10|        100|
    |new_str_ce0                           |    31|          6|    1|          6|
    |new_str_d0                            |    26|          5|    8|         40|
    |new_str_we0                           |    20|          4|    1|          4|
    |out_index_0_lcssa_reg_486             |     9|          2|   32|         64|
    |out_index_6_reg_415                   |     9|          2|   32|         64|
    |table_size_fu_170                     |     9|          2|   32|         64|
    |table_str_address0                    |    26|          5|   22|        110|
    |table_str_address1                    |    20|          4|   22|         88|
    |table_str_ce0                         |    14|          3|    1|          3|
    |table_str_d0                          |    14|          3|    8|         24|
    |table_str_d1                          |    20|          4|    8|         32|
    |temp_address0                         |    59|         11|   10|        110|
    |temp_ce0                              |    31|          6|    1|          6|
    |temp_d0                               |    20|          4|    8|         32|
    |temp_we0                              |    20|          4|    1|          4|
    +--------------------------------------+------+-----------+-----+-----------+
    |Total                                 |  2122|        415|  881|       2689|
    +--------------------------------------+------+-----------+-----+-----------+

    * Register: 
    +----------------------------------------+-----+----+-----+-----------+
    |                  Name                  |  FF | LUT| Bits| Const Bits|
    +----------------------------------------+-----+----+-----+-----------+
    |add_ln131_reg_1340                      |   31|   0|   31|          0|
    |add_ln150_reg_1264                      |   64|   0|   64|          0|
    |add_ln157_1_reg_1335                    |   22|   0|   22|          0|
    |add_ln28_3_reg_1278                     |   64|   0|   64|          0|
    |add_ln8_reg_1322                        |   10|   0|   10|          0|
    |and_ln135_reg_1207                      |    1|   0|    1|          0|
    |ap_CS_fsm                               |  248|   0|  248|          0|
    |current_code_1_reg_1199                 |   32|   0|   32|          0|
    |current_code_reg_1117                   |   32|   0|   32|          0|
    |empty_48_reg_379                        |   11|   0|   11|          0|
    |empty_51_reg_425                        |   11|   0|   11|          0|
    |empty_54_reg_1283                       |   22|   0|   22|          0|
    |gmem_addr_6_reg_1350                    |   64|   0|   64|          0|
    |gmem_addr_7_reg_1193                    |   64|   0|   64|          0|
    |grp_string_copy_16_fu_506_ap_start_reg  |    1|   0|    1|          0|
    |grp_string_copy_1_fu_496_ap_start_reg   |    1|   0|    1|          0|
    |grp_string_copy_fu_513_ap_start_reg     |    1|   0|    1|          0|
    |i_10_reg_475                            |   10|   0|   10|          0|
    |i_11_reg_368                            |    9|   0|    9|          0|
    |i_9_reg_403                             |   31|   0|   31|          0|
    |icmp_ln122_reg_1132                     |    1|   0|    1|          0|
    |icmp_ln131_1_reg_1181                   |    1|   0|    1|          0|
    |icmp_ln131_reg_1170                     |    1|   0|    1|          0|
    |icmp_ln137_reg_1211                     |    1|   0|    1|          0|
    |icmp_ln153_reg_1274                     |    1|   0|    1|          0|
    |icmp_ln27_2_reg_1146                    |    1|   0|    1|          0|
    |icmp_ln27_4_reg_1225                    |    1|   0|    1|          0|
    |icmp_ln27_6_reg_1243                    |    1|   0|    1|          0|
    |icmp_ln27_8_reg_1294                    |    1|   0|    1|          0|
    |icmp_ln8_reg_1318                       |    1|   0|    1|          0|
    |len_4_reg_390                           |   64|   0|   64|          0|
    |len_5_reg_436                           |   64|   0|   64|          0|
    |len_6_reg_463                           |   64|   0|   64|          0|
    |len_reg_450                             |   64|   0|   64|          0|
    |out_index_0_lcssa_reg_486               |   32|   0|   32|          0|
    |out_index_6_reg_415                     |   32|   0|   32|          0|
    |out_index_7_reg_1256                    |   32|   0|   32|          0|
    |shl_ln165_reg_1356                      |    4|   0|    4|          0|
    |sub_ln150_reg_1269                      |   32|   0|   32|          0|
    |table_size_fu_170                       |   32|   0|   32|          0|
    |table_str_addr_7_reg_1307               |   22|   0|   22|          0|
    |table_str_addr_8_reg_1312               |   22|   0|   22|          0|
    |tmp_4_reg_1122                          |   24|   0|   24|          0|
    |tmp_7_cast_reg_1302                     |   12|   0|   22|         10|
    |trunc_ln136_reg_1215                    |   12|   0|   12|          0|
    |trunc_ln165_1_reg_1345                  |    2|   0|    2|          0|
    |zext_ln123_reg_1136                     |    8|   0|   12|          4|
    +----------------------------------------+-----+----+-----+-----------+
    |Total                                   | 1261|   0| 1275|         14|
    +----------------------------------------+-----+----+-----+-----------+



================================================================
== Interface
================================================================
* Summary: 
+---------------------+-----+-----+------------+--------------+--------------+
|      RTL Ports      | Dir | Bits|  Protocol  | Source Object|    C Type    |
+---------------------+-----+-----+------------+--------------+--------------+
|ap_clk               |   in|    1|  ap_ctrl_hs|      decoding|  return value|
|ap_rst               |   in|    1|  ap_ctrl_hs|      decoding|  return value|
|ap_start             |   in|    1|  ap_ctrl_hs|      decoding|  return value|
|ap_done              |  out|    1|  ap_ctrl_hs|      decoding|  return value|
|ap_idle              |  out|    1|  ap_ctrl_hs|      decoding|  return value|
|ap_ready             |  out|    1|  ap_ctrl_hs|      decoding|  return value|
|m_axi_gmem_AWVALID   |  out|    1|       m_axi|          gmem|       pointer|
|m_axi_gmem_AWREADY   |   in|    1|       m_axi|          gmem|       pointer|
|m_axi_gmem_AWADDR    |  out|   64|       m_axi|          gmem|       pointer|
|m_axi_gmem_AWID      |  out|    1|       m_axi|          gmem|       pointer|
|m_axi_gmem_AWLEN     |  out|   32|       m_axi|          gmem|       pointer|
|m_axi_gmem_AWSIZE    |  out|    3|       m_axi|          gmem|       pointer|
|m_axi_gmem_AWBURST   |  out|    2|       m_axi|          gmem|       pointer|
|m_axi_gmem_AWLOCK    |  out|    2|       m_axi|          gmem|       pointer|
|m_axi_gmem_AWCACHE   |  out|    4|       m_axi|          gmem|       pointer|
|m_axi_gmem_AWPROT    |  out|    3|       m_axi|          gmem|       pointer|
|m_axi_gmem_AWQOS     |  out|    4|       m_axi|          gmem|       pointer|
|m_axi_gmem_AWREGION  |  out|    4|       m_axi|          gmem|       pointer|
|m_axi_gmem_AWUSER    |  out|    1|       m_axi|          gmem|       pointer|
|m_axi_gmem_WVALID    |  out|    1|       m_axi|          gmem|       pointer|
|m_axi_gmem_WREADY    |   in|    1|       m_axi|          gmem|       pointer|
|m_axi_gmem_WDATA     |  out|   32|       m_axi|          gmem|       pointer|
|m_axi_gmem_WSTRB     |  out|    4|       m_axi|          gmem|       pointer|
|m_axi_gmem_WLAST     |  out|    1|       m_axi|          gmem|       pointer|
|m_axi_gmem_WID       |  out|    1|       m_axi|          gmem|       pointer|
|m_axi_gmem_WUSER     |  out|    1|       m_axi|          gmem|       pointer|
|m_axi_gmem_ARVALID   |  out|    1|       m_axi|          gmem|       pointer|
|m_axi_gmem_ARREADY   |   in|    1|       m_axi|          gmem|       pointer|
|m_axi_gmem_ARADDR    |  out|   64|       m_axi|          gmem|       pointer|
|m_axi_gmem_ARID      |  out|    1|       m_axi|          gmem|       pointer|
|m_axi_gmem_ARLEN     |  out|   32|       m_axi|          gmem|       pointer|
|m_axi_gmem_ARSIZE    |  out|    3|       m_axi|          gmem|       pointer|
|m_axi_gmem_ARBURST   |  out|    2|       m_axi|          gmem|       pointer|
|m_axi_gmem_ARLOCK    |  out|    2|       m_axi|          gmem|       pointer|
|m_axi_gmem_ARCACHE   |  out|    4|       m_axi|          gmem|       pointer|
|m_axi_gmem_ARPROT    |  out|    3|       m_axi|          gmem|       pointer|
|m_axi_gmem_ARQOS     |  out|    4|       m_axi|          gmem|       pointer|
|m_axi_gmem_ARREGION  |  out|    4|       m_axi|          gmem|       pointer|
|m_axi_gmem_ARUSER    |  out|    1|       m_axi|          gmem|       pointer|
|m_axi_gmem_RVALID    |   in|    1|       m_axi|          gmem|       pointer|
|m_axi_gmem_RREADY    |  out|    1|       m_axi|          gmem|       pointer|
|m_axi_gmem_RDATA     |   in|   32|       m_axi|          gmem|       pointer|
|m_axi_gmem_RLAST     |   in|    1|       m_axi|          gmem|       pointer|
|m_axi_gmem_RID       |   in|    1|       m_axi|          gmem|       pointer|
|m_axi_gmem_RUSER     |   in|    1|       m_axi|          gmem|       pointer|
|m_axi_gmem_RRESP     |   in|    2|       m_axi|          gmem|       pointer|
|m_axi_gmem_BVALID    |   in|    1|       m_axi|          gmem|       pointer|
|m_axi_gmem_BREADY    |  out|    1|       m_axi|          gmem|       pointer|
|m_axi_gmem_BRESP     |   in|    2|       m_axi|          gmem|       pointer|
|m_axi_gmem_BID       |   in|    1|       m_axi|          gmem|       pointer|
|m_axi_gmem_BUSER     |   in|    1|       m_axi|          gmem|       pointer|
|encoded_data         |   in|   64|     ap_none|  encoded_data|        scalar|
|encoded_size         |   in|   32|     ap_none|  encoded_size|        scalar|
|output_r             |   in|   64|     ap_none|      output_r|        scalar|
+---------------------+-----+-----+------------+--------------+--------------+

