

================================================================
== Vitis HLS Report for 'string_copy_1'
================================================================
* Date:           Fri Nov 22 12:57:53 2024

* Version:        2020.2 (Build 3064766 on Wed Nov 18 09:12:47 MST 2020)
* Project:        lzw_fpga
* Solution:       solution1 (Vitis Kernel Flow Target)
* Product family: zynquplus
* Target device:  xczu3eg-sbva484-1-i


================================================================
== Performance Estimates
================================================================
+ Timing: 
    * Summary: 
    +--------+---------+----------+------------+
    |  Clock |  Target | Estimated| Uncertainty|
    +--------+---------+----------+------------+
    |ap_clk  |  6.70 ns|  4.891 ns|     1.81 ns|
    +--------+---------+----------+------------+

+ Latency: 
    * Summary: 
    +---------+---------+----------+----------+-----+-----+---------+
    |  Latency (cycles) |  Latency (absolute) |  Interval | Pipeline|
    |   min   |   max   |    min   |    max   | min | max |   Type  |
    +---------+---------+----------+----------+-----+-----+---------+
    |        ?|        ?|         ?|         ?|    ?|    ?|     none|
    +---------+---------+----------+----------+-----+-----+---------+

    + Detail: 
        * Instance: 
        N/A

        * Loop: 
        +------------------+---------+---------+----------+-----------+-----------+------+----------+
        |                  |  Latency (cycles) | Iteration|  Initiation Interval  | Trip |          |
        |     Loop Name    |   min   |   max   |  Latency |  achieved |   target  | Count| Pipelined|
        +------------------+---------+---------+----------+-----------+-----------+------+----------+
        |- VITIS_LOOP_8_1  |        ?|        ?|        72|          2|          1|     ?|       yes|
        +------------------+---------+---------+----------+-----------+-----------+------+----------+



================================================================
== Utilization Estimates
================================================================
* Summary: 
+-----------------+---------+-----+--------+-------+-----+
|       Name      | BRAM_18K| DSP |   FF   |  LUT  | URAM|
+-----------------+---------+-----+--------+-------+-----+
|DSP              |        -|    -|       -|      -|    -|
|Expression       |        -|    -|       0|    339|    -|
|FIFO             |        -|    -|       -|      -|    -|
|Instance         |        -|    -|       -|      -|    -|
|Memory           |        -|    -|       -|      -|    -|
|Multiplexer      |        -|    -|       -|    506|    -|
|Register         |        -|    -|     549|     64|    -|
+-----------------+---------+-----+--------+-------+-----+
|Total            |        0|    0|     549|    909|    0|
+-----------------+---------+-----+--------+-------+-----+
|Available        |      432|  360|  141120|  70560|    0|
+-----------------+---------+-----+--------+-------+-----+
|Utilization (%)  |        0|    0|      ~0|      1|    0|
+-----------------+---------+-----+--------+-------+-----+

+ Detail: 
    * Instance: 
    N/A

    * DSP: 
    N/A

    * Memory: 
    N/A

    * FIFO: 
    N/A

    * Expression: 
    +--------------------------------------+----------+----+---+-----+------------+------------+
    |             Variable Name            | Operation| DSP| FF| LUT | Bitwidth P0| Bitwidth P1|
    +--------------------------------------+----------+----+---+-----+------------+------------+
    |add_ln11_2_fu_236_p2                  |         +|   0|  0|    9|           2|           2|
    |add_ln8_fu_176_p2                     |         +|   0|  0|   38|          31|           1|
    |add_ln9_fu_188_p2                     |         +|   0|  0|    9|           2|           2|
    |grp_fu_134_p2                         |         +|   0|  0|   71|          64|          64|
    |sub_fu_148_p2                         |         +|   0|  0|   39|          32|           2|
    |ap_block_pp0_stage0_11001             |       and|   0|  0|    2|           1|           1|
    |ap_block_pp0_stage1_01001             |       and|   0|  0|    2|           1|           1|
    |ap_block_state4_io                    |       and|   0|  0|    2|           1|           1|
    |ap_block_state5_io                    |       and|   0|  0|    2|           1|           1|
    |ap_block_state73_pp0_stage1_iter35    |       and|   0|  0|    2|           1|           1|
    |ap_predicate_op176_writereq_state4    |       and|   0|  0|    2|           1|           1|
    |ap_predicate_op177_write_state5       |       and|   0|  0|    2|           1|           1|
    |ap_predicate_op245_writeresp_state73  |       and|   0|  0|    2|           1|           1|
    |icmp_ln8_1_fu_182_p2                  |      icmp|   0|  0|   11|           8|           1|
    |icmp_ln8_fu_167_p2                    |      icmp|   0|  0|   20|          32|          32|
    |ap_block_pp0_stage1_11001             |        or|   0|  0|    2|           1|           1|
    |ap_predicate_tran3to74_state3         |        or|   0|  0|    2|           1|           1|
    |shl_ln11_fu_254_p2                    |       shl|   0|  0|    9|           1|           4|
    |shl_ln9_2_fu_226_p2                   |       shl|   0|  0|  100|          32|          32|
    |shl_ln9_fu_196_p2                     |       shl|   0|  0|    9|           1|           4|
    |ap_enable_pp0                         |       xor|   0|  0|    2|           1|           2|
    |ap_enable_reg_pp0_iter1               |       xor|   0|  0|    2|           2|           1|
    +--------------------------------------+----------+----+---+-----+------------+------------+
    |Total                                 |          |   0|  0|  339|         218|         157|
    +--------------------------------------+----------+----+---+-----+------------+------------+

    * Multiplexer: 
    +----------------------------+-----+-----------+-----+-----------+
    |            Name            | LUT | Input Size| Bits| Total Bits|
    +----------------------------+-----+-----------+-----+-----------+
    |ap_NS_fsm                   |  401|         75|    1|         75|
    |ap_enable_reg_pp0_iter1     |    9|          2|    1|          2|
    |ap_enable_reg_pp0_iter35    |    9|          2|    1|          2|
    |ap_phi_mux_i_phi_fu_126_p4  |    9|          2|   31|         62|
    |gmem_blk_n_AW               |    9|          2|    1|          2|
    |gmem_blk_n_B                |    9|          2|    1|          2|
    |gmem_blk_n_W                |    9|          2|    1|          2|
    |i_reg_122                   |    9|          2|   31|         62|
    |m_axi_gmem_AWADDR           |   14|          3|   64|        192|
    |m_axi_gmem_WDATA            |   14|          3|   32|         96|
    |m_axi_gmem_WSTRB            |   14|          3|    4|         12|
    +----------------------------+-----+-----------+-----+-----------+
    |Total                       |  506|         98|  168|        509|
    +----------------------------+-----+-----------+-----+-----------+

    * Register: 
    +--------------------------+----+----+-----+-----------+
    |           Name           | FF | LUT| Bits| Const Bits|
    +--------------------------+----+----+-----+-----------+
    |add_ln11_2_reg_330        |   2|   0|    2|          0|
    |add_ln8_reg_295           |  31|   0|   31|          0|
    |add_ln9_reg_309           |   2|   0|    2|          0|
    |ap_CS_fsm                 |  74|   0|   74|          0|
    |ap_enable_reg_pp0_iter0   |   1|   0|    1|          0|
    |ap_enable_reg_pp0_iter1   |   1|   0|    1|          0|
    |ap_enable_reg_pp0_iter10  |   1|   0|    1|          0|
    |ap_enable_reg_pp0_iter11  |   1|   0|    1|          0|
    |ap_enable_reg_pp0_iter12  |   1|   0|    1|          0|
    |ap_enable_reg_pp0_iter13  |   1|   0|    1|          0|
    |ap_enable_reg_pp0_iter14  |   1|   0|    1|          0|
    |ap_enable_reg_pp0_iter15  |   1|   0|    1|          0|
    |ap_enable_reg_pp0_iter16  |   1|   0|    1|          0|
    |ap_enable_reg_pp0_iter17  |   1|   0|    1|          0|
    |ap_enable_reg_pp0_iter18  |   1|   0|    1|          0|
    |ap_enable_reg_pp0_iter19  |   1|   0|    1|          0|
    |ap_enable_reg_pp0_iter2   |   1|   0|    1|          0|
    |ap_enable_reg_pp0_iter20  |   1|   0|    1|          0|
    |ap_enable_reg_pp0_iter21  |   1|   0|    1|          0|
    |ap_enable_reg_pp0_iter22  |   1|   0|    1|          0|
    |ap_enable_reg_pp0_iter23  |   1|   0|    1|          0|
    |ap_enable_reg_pp0_iter24  |   1|   0|    1|          0|
    |ap_enable_reg_pp0_iter25  |   1|   0|    1|          0|
    |ap_enable_reg_pp0_iter26  |   1|   0|    1|          0|
    |ap_enable_reg_pp0_iter27  |   1|   0|    1|          0|
    |ap_enable_reg_pp0_iter28  |   1|   0|    1|          0|
    |ap_enable_reg_pp0_iter29  |   1|   0|    1|          0|
    |ap_enable_reg_pp0_iter3   |   1|   0|    1|          0|
    |ap_enable_reg_pp0_iter30  |   1|   0|    1|          0|
    |ap_enable_reg_pp0_iter31  |   1|   0|    1|          0|
    |ap_enable_reg_pp0_iter32  |   1|   0|    1|          0|
    |ap_enable_reg_pp0_iter33  |   1|   0|    1|          0|
    |ap_enable_reg_pp0_iter34  |   1|   0|    1|          0|
    |ap_enable_reg_pp0_iter35  |   1|   0|    1|          0|
    |ap_enable_reg_pp0_iter4   |   1|   0|    1|          0|
    |ap_enable_reg_pp0_iter5   |   1|   0|    1|          0|
    |ap_enable_reg_pp0_iter6   |   1|   0|    1|          0|
    |ap_enable_reg_pp0_iter7   |   1|   0|    1|          0|
    |ap_enable_reg_pp0_iter8   |   1|   0|    1|          0|
    |ap_enable_reg_pp0_iter9   |   1|   0|    1|          0|
    |gmem_addr_1_reg_319       |  64|   0|   64|          0|
    |gmem_addr_reg_335         |  64|   0|   64|          0|
    |i_cast3_reg_276           |  31|   0|   64|         33|
    |i_reg_122                 |  31|   0|   31|          0|
    |icmp_ln8_1_reg_305        |   1|   0|    1|          0|
    |icmp_ln8_reg_281          |   1|   0|    1|          0|
    |shl_ln11_reg_341          |   4|   0|    4|          0|
    |shl_ln9_2_reg_325         |  32|   0|   32|          0|
    |shl_ln9_reg_314           |   4|   0|    4|          0|
    |src_load_reg_300          |   8|   0|    8|          0|
    |sub_reg_265               |  32|   0|   32|          0|
    |trunc_ln11_1_reg_290      |   2|   0|    2|          0|
    |trunc_ln11_reg_270        |   2|   0|    2|          0|
    |icmp_ln8_1_reg_305        |  64|  32|    1|          0|
    |icmp_ln8_reg_281          |  64|  32|    1|          0|
    +--------------------------+----+----+-----+-----------+
    |Total                     | 549|  64|  456|         33|
    +--------------------------+----+----+-----+-----------+



================================================================
== Interface
================================================================
* Summary: 
+---------------------+-----+-----+------------+---------------+--------------+
|      RTL Ports      | Dir | Bits|  Protocol  | Source Object |    C Type    |
+---------------------+-----+-----+------------+---------------+--------------+
|ap_clk               |   in|    1|  ap_ctrl_hs|  string_copy.1|  return value|
|ap_rst               |   in|    1|  ap_ctrl_hs|  string_copy.1|  return value|
|ap_start             |   in|    1|  ap_ctrl_hs|  string_copy.1|  return value|
|ap_done              |  out|    1|  ap_ctrl_hs|  string_copy.1|  return value|
|ap_idle              |  out|    1|  ap_ctrl_hs|  string_copy.1|  return value|
|ap_ready             |  out|    1|  ap_ctrl_hs|  string_copy.1|  return value|
|m_axi_gmem_AWVALID   |  out|    1|       m_axi|           gmem|       pointer|
|m_axi_gmem_AWREADY   |   in|    1|       m_axi|           gmem|       pointer|
|m_axi_gmem_AWADDR    |  out|   64|       m_axi|           gmem|       pointer|
|m_axi_gmem_AWID      |  out|    1|       m_axi|           gmem|       pointer|
|m_axi_gmem_AWLEN     |  out|   32|       m_axi|           gmem|       pointer|
|m_axi_gmem_AWSIZE    |  out|    3|       m_axi|           gmem|       pointer|
|m_axi_gmem_AWBURST   |  out|    2|       m_axi|           gmem|       pointer|
|m_axi_gmem_AWLOCK    |  out|    2|       m_axi|           gmem|       pointer|
|m_axi_gmem_AWCACHE   |  out|    4|       m_axi|           gmem|       pointer|
|m_axi_gmem_AWPROT    |  out|    3|       m_axi|           gmem|       pointer|
|m_axi_gmem_AWQOS     |  out|    4|       m_axi|           gmem|       pointer|
|m_axi_gmem_AWREGION  |  out|    4|       m_axi|           gmem|       pointer|
|m_axi_gmem_AWUSER    |  out|    1|       m_axi|           gmem|       pointer|
|m_axi_gmem_WVALID    |  out|    1|       m_axi|           gmem|       pointer|
|m_axi_gmem_WREADY    |   in|    1|       m_axi|           gmem|       pointer|
|m_axi_gmem_WDATA     |  out|   32|       m_axi|           gmem|       pointer|
|m_axi_gmem_WSTRB     |  out|    4|       m_axi|           gmem|       pointer|
|m_axi_gmem_WLAST     |  out|    1|       m_axi|           gmem|       pointer|
|m_axi_gmem_WID       |  out|    1|       m_axi|           gmem|       pointer|
|m_axi_gmem_WUSER     |  out|    1|       m_axi|           gmem|       pointer|
|m_axi_gmem_ARVALID   |  out|    1|       m_axi|           gmem|       pointer|
|m_axi_gmem_ARREADY   |   in|    1|       m_axi|           gmem|       pointer|
|m_axi_gmem_ARADDR    |  out|   64|       m_axi|           gmem|       pointer|
|m_axi_gmem_ARID      |  out|    1|       m_axi|           gmem|       pointer|
|m_axi_gmem_ARLEN     |  out|   32|       m_axi|           gmem|       pointer|
|m_axi_gmem_ARSIZE    |  out|    3|       m_axi|           gmem|       pointer|
|m_axi_gmem_ARBURST   |  out|    2|       m_axi|           gmem|       pointer|
|m_axi_gmem_ARLOCK    |  out|    2|       m_axi|           gmem|       pointer|
|m_axi_gmem_ARCACHE   |  out|    4|       m_axi|           gmem|       pointer|
|m_axi_gmem_ARPROT    |  out|    3|       m_axi|           gmem|       pointer|
|m_axi_gmem_ARQOS     |  out|    4|       m_axi|           gmem|       pointer|
|m_axi_gmem_ARREGION  |  out|    4|       m_axi|           gmem|       pointer|
|m_axi_gmem_ARUSER    |  out|    1|       m_axi|           gmem|       pointer|
|m_axi_gmem_RVALID    |   in|    1|       m_axi|           gmem|       pointer|
|m_axi_gmem_RREADY    |  out|    1|       m_axi|           gmem|       pointer|
|m_axi_gmem_RDATA     |   in|   32|       m_axi|           gmem|       pointer|
|m_axi_gmem_RLAST     |   in|    1|       m_axi|           gmem|       pointer|
|m_axi_gmem_RID       |   in|    1|       m_axi|           gmem|       pointer|
|m_axi_gmem_RUSER     |   in|    1|       m_axi|           gmem|       pointer|
|m_axi_gmem_RRESP     |   in|    2|       m_axi|           gmem|       pointer|
|m_axi_gmem_BVALID    |   in|    1|       m_axi|           gmem|       pointer|
|m_axi_gmem_BREADY    |  out|    1|       m_axi|           gmem|       pointer|
|m_axi_gmem_BRESP     |   in|    2|       m_axi|           gmem|       pointer|
|m_axi_gmem_BID       |   in|    1|       m_axi|           gmem|       pointer|
|m_axi_gmem_BUSER     |   in|    1|       m_axi|           gmem|       pointer|
|dest                 |   in|   64|     ap_none|           dest|        scalar|
|src_address0         |  out|   10|   ap_memory|            src|         array|
|src_ce0              |  out|    1|   ap_memory|            src|         array|
|src_q0               |   in|    8|   ap_memory|            src|         array|
|max_len              |   in|   32|     ap_none|        max_len|        scalar|
+---------------------+-----+-----+------------+---------------+--------------+

