==============================================================
Vitis HLS - High-Level Synthesis from C, C++ and OpenCL v2020.2 (64-bit)
Copyright 1986-2020 Xilinx, Inc. All Rights Reserved.
==============================================================
INFO: [HLS 200-1505] Using flow_target 'vitis'
INFO: [HLS 200-435] Setting 'open_solution -flow_target vitis' configuration: config_interface -m_axi_latency=64
INFO: [HLS 200-435] Setting 'open_solution -flow_target vitis' configuration: config_interface -m_axi_alignment_byte_size=64
INFO: [HLS 200-435] Setting 'open_solution -flow_target vitis' configuration: config_interface -m_axi_max_widen_bitwidth=512
INFO: [HLS 200-435] Setting 'open_solution -flow_target vitis' configuration: config_interface -m_axi_offset=slave
INFO: [HLS 200-435] Setting 'open_solution -flow_target vitis' configuration: config_rtl -register_reset_num=3
INFO: [HLS 200-1510] Running: set_part xczu3eg-sbva484-1-i 
INFO: [HLS 200-10] Setting target device to 'xczu3eg-sbva484-1-i'
INFO: [HLS 200-1510] Running: create_clock -period 150.000000MHz -name default 
INFO: [SYN 201-201] Setting up clock 'default' with a period of 6.667ns.
INFO: [HLS 200-1510] Running: config_rtl -kernel_profile 
INFO: [HLS 200-1510] Running: config_dataflow -strict_mode warning 
INFO: [HLS 200-1510] Running: config_debug -enable 
INFO: [HLS 200-1510] Running: config_export -disable_deadlock_detection=true 
INFO: [HLS 200-1510] Running: config_rtl -m_axi_conservative_mode=1 
WARNING: [HLS 200-483] The 'config_rtl -m_axi_conservative_mode' command is deprecated and will be removed in a future release. Use 'config_interface -m_axi_conservative_mode' as its replacement.
INFO: [HLS 200-1510] Running: config_interface -m_axi_addr64 
INFO: [HLS 200-1510] Running: config_interface -m_axi_auto_max_ports=0 
INFO: [HLS 200-1510] Running: config_export -format ip_catalog -ipname lzw_fpga 
INFO: [HLS 200-1510] Running: csynth_design 
INFO: [HLS 200-111] Finished File checks and directory preparation: CPU user time: 0.01 seconds. CPU system time: 0 seconds. Elapsed time: 0.01 seconds; current allocated memory: 206.150 MB.
INFO: [HLS 200-10] Analyzing design file '/mnt/castor/seas_home/n/nmavuso/ese5320_final_project/hls/lzw_hls.cpp' ... 
INFO: [HLS 200-111] Finished Source Code Analysis and Preprocessing: CPU user time: 0.31 seconds. CPU system time: 0.11 seconds. Elapsed time: 0.65 seconds; current allocated memory: 207.923 MB.
INFO: [HLS 200-777] Using interface defaults for 'Vitis' flow target.
INFO: [HLS 214-178] Inlining function 'string_length(char const*)' into 'encoding(char const*, int*, int*)' (/mnt/castor/seas_home/n/nmavuso/ese5320_final_project/hls/lzw_hls.cpp:396:0)
INFO: [HLS 214-178] Inlining function 'string_copy(char*, char const*, int)' into 'encoding(char const*, int*, int*)' (/mnt/castor/seas_home/n/nmavuso/ese5320_final_project/hls/lzw_hls.cpp:396:0)
INFO: [HLS 214-178] Inlining function 'string_compare(char const*, char const*)' into 'encoding(char const*, int*, int*)' (/mnt/castor/seas_home/n/nmavuso/ese5320_final_project/hls/lzw_hls.cpp:396:0)
INFO: [HLS 214-178] Inlining function 'string_copy(char*, char const*, int)' into 'decoding(int const*, int, char*)' (/mnt/castor/seas_home/n/nmavuso/ese5320_final_project/hls/lzw_hls.cpp:467:0)
INFO: [HLS 214-178] Inlining function 'string_length(char const*)' into 'decoding(int const*, int, char*)' (/mnt/castor/seas_home/n/nmavuso/ese5320_final_project/hls/lzw_hls.cpp:467:0)
INFO: [HLS 200-111] Finished Compiling Optimization and Transform: CPU user time: 5.07 seconds. CPU system time: 0.47 seconds. Elapsed time: 6.14 seconds; current allocated memory: 210.028 MB.
INFO: [HLS 200-111] Finished Checking Pragmas: CPU user time: 0 seconds. CPU system time: 0 seconds. Elapsed time: 0 seconds; current allocated memory: 210.030 MB.
INFO: [HLS 200-10] Starting code transformations ...
INFO: [HLS 200-111] Finished Standard Transforms: CPU user time: 0.09 seconds. CPU system time: 0 seconds. Elapsed time: 0.11 seconds; current allocated memory: 211.926 MB.
INFO: [HLS 200-10] Checking synthesizability ...
INFO: [HLS 200-111] Finished Checking Synthesizability: CPU user time: 0.14 seconds. CPU system time: 0 seconds. Elapsed time: 0.16 seconds; current allocated memory: 211.140 MB.
INFO: [XFORM 203-510] Pipelining loop 'VITIS_LOOP_472_1' (/mnt/castor/seas_home/n/nmavuso/ese5320_final_project/hls/lzw_hls.cpp:472) in function 'decoding' automatically.
INFO: [XFORM 203-510] Pipelining loop 'VITIS_LOOP_368_1' (/mnt/castor/seas_home/n/nmavuso/ese5320_final_project/hls/lzw_hls.cpp:368) in function 'decoding' automatically.
INFO: [XFORM 203-510] Pipelining loop 'VITIS_LOOP_389_1' (/mnt/castor/seas_home/n/nmavuso/ese5320_final_project/hls/lzw_hls.cpp:390) in function 'decoding' automatically.
INFO: [XFORM 203-510] Pipelining loop 'VITIS_LOOP_493_3' (/mnt/castor/seas_home/n/nmavuso/ese5320_final_project/hls/lzw_hls.cpp:494) in function 'decoding' automatically.
INFO: [XFORM 203-510] Pipelining loop 'VITIS_LOOP_368_1' (/mnt/castor/seas_home/n/nmavuso/ese5320_final_project/hls/lzw_hls.cpp:368) in function 'decoding' automatically.
INFO: [XFORM 203-510] Pipelining loop 'VITIS_LOOP_505_4' (/mnt/castor/seas_home/n/nmavuso/ese5320_final_project/hls/lzw_hls.cpp:506) in function 'decoding' automatically.
INFO: [XFORM 203-510] Pipelining loop 'VITIS_LOOP_368_1' (/mnt/castor/seas_home/n/nmavuso/ese5320_final_project/hls/lzw_hls.cpp:368) in function 'decoding' automatically.
INFO: [XFORM 203-510] Pipelining loop 'VITIS_LOOP_389_1' (/mnt/castor/seas_home/n/nmavuso/ese5320_final_project/hls/lzw_hls.cpp:389) in function 'decoding' automatically.
INFO: [XFORM 203-510] Pipelining loop 'VITIS_LOOP_402_1' (/mnt/castor/seas_home/n/nmavuso/ese5320_final_project/hls/lzw_hls.cpp:402) in function 'encoding' automatically.
INFO: [XFORM 203-510] Pipelining loop 'Loop-3' in function 'encoding' automatically.
INFO: [XFORM 203-510] Pipelining loop 'VITIS_LOOP_389_1' (/mnt/castor/seas_home/n/nmavuso/ese5320_final_project/hls/lzw_hls.cpp:390) in function 'encoding' automatically.
INFO: [XFORM 203-510] Pipelining loop 'VITIS_LOOP_368_1' (/mnt/castor/seas_home/n/nmavuso/ese5320_final_project/hls/lzw_hls.cpp:368) in function 'encoding' automatically.
INFO: [XFORM 203-510] Pipelining loop 'VITIS_LOOP_377_1' (/mnt/castor/seas_home/n/nmavuso/ese5320_final_project/hls/lzw_hls.cpp:378) in function 'encoding' automatically.
INFO: [XFORM 203-510] Pipelining loop 'VITIS_LOOP_368_1' (/mnt/castor/seas_home/n/nmavuso/ese5320_final_project/hls/lzw_hls.cpp:368) in function 'encoding' automatically.
INFO: [XFORM 203-510] Pipelining loop 'VITIS_LOOP_377_1' (/mnt/castor/seas_home/n/nmavuso/ese5320_final_project/hls/lzw_hls.cpp:378) in function 'encoding' automatically.
INFO: [XFORM 203-510] Pipelining loop 'VITIS_LOOP_368_1' (/mnt/castor/seas_home/n/nmavuso/ese5320_final_project/hls/lzw_hls.cpp:368) in function 'encoding' automatically.
INFO: [XFORM 203-510] Pipelining loop 'VITIS_LOOP_377_1' (/mnt/castor/seas_home/n/nmavuso/ese5320_final_project/hls/lzw_hls.cpp:378) in function 'encoding' automatically.
INFO: [HLS 200-111] Finished Loop, function and other optimizations: CPU user time: 0.69 seconds. CPU system time: 0.01 seconds. Elapsed time: 0.79 seconds; current allocated memory: 232.653 MB.
WARNING: [HLS 200-960] Cannot flatten loop 'VITIS_LOOP_423_3' (/mnt/castor/seas_home/n/nmavuso/ese5320_final_project/hls/lzw_hls.cpp:423:36) in function 'encoding' the outer loop is not a perfect loop because there is nontrivial logic before entering the inner loop.
WARNING: [HLS 200-960] Cannot flatten loop 'VITIS_LOOP_435_4' (/mnt/castor/seas_home/n/nmavuso/ese5320_final_project/hls/lzw_hls.cpp:435:40) in function 'encoding' the outer loop is not a perfect loop because there is nontrivial logic before entering the inner loop.
WARNING: [HLS 200-960] Cannot flatten loop 'VITIS_LOOP_411_2' (/mnt/castor/seas_home/n/nmavuso/ese5320_final_project/hls/lzw_hls.cpp:412:14) in function 'encoding' more than one sub loop.
WARNING: [HLS 200-960] Cannot flatten loop 'VITIS_LOOP_456_5' (/mnt/castor/seas_home/n/nmavuso/ese5320_final_project/hls/lzw_hls.cpp:456:32) in function 'encoding' the outer loop is not a perfect loop because there is nontrivial logic before entering the inner loop.
WARNING: [HLS 200-960] Cannot flatten loop 'VITIS_LOOP_486_2' (/mnt/castor/seas_home/n/nmavuso/ese5320_final_project/hls/lzw_hls.cpp:484:10) in function 'decoding' more than one sub loop.
INFO: [HLS 200-472] Inferring partial write operation for 'table.str' (/mnt/castor/seas_home/n/nmavuso/ese5320_final_project/hls/lzw_hls.cpp:403:25)
INFO: [HLS 200-472] Inferring partial write operation for 'table.str' (/mnt/castor/seas_home/n/nmavuso/ese5320_final_project/hls/lzw_hls.cpp:404:25)
INFO: [HLS 200-472] Inferring partial write operation for 'table.code' (/mnt/castor/seas_home/n/nmavuso/ese5320_final_project/hls/lzw_hls.cpp:405:23)
INFO: [HLS 200-472] Inferring partial write operation for 'p' 
INFO: [HLS 200-472] Inferring partial write operation for 'p' (/mnt/castor/seas_home/n/nmavuso/ese5320_final_project/hls/lzw_hls.cpp:408:20)
INFO: [HLS 200-472] Inferring partial write operation for 'temp' (/mnt/castor/seas_home/n/nmavuso/ese5320_final_project/hls/lzw_hls.cpp:369:17)
INFO: [HLS 200-472] Inferring partial write operation for 'temp' (/mnt/castor/seas_home/n/nmavuso/ese5320_final_project/hls/lzw_hls.cpp:371:13)
INFO: [HLS 200-472] Inferring partial write operation for 'temp' (/mnt/castor/seas_home/n/nmavuso/ese5320_final_project/hls/lzw_hls.cpp:418:21)
INFO: [HLS 200-472] Inferring partial write operation for 'temp' (/mnt/castor/seas_home/n/nmavuso/ese5320_final_project/hls/lzw_hls.cpp:419:25)
INFO: [HLS 200-472] Inferring partial write operation for 'table.code' (/mnt/castor/seas_home/n/nmavuso/ese5320_final_project/hls/lzw_hls.cpp:445:40)
INFO: [HLS 200-472] Inferring partial write operation for 'p' (/mnt/castor/seas_home/n/nmavuso/ese5320_final_project/hls/lzw_hls.cpp:450:18)
INFO: [HLS 200-472] Inferring partial write operation for 'p' (/mnt/castor/seas_home/n/nmavuso/ese5320_final_project/hls/lzw_hls.cpp:451:18)
INFO: [HLS 200-472] Inferring partial write operation for 'table.str' (/mnt/castor/seas_home/n/nmavuso/ese5320_final_project/hls/lzw_hls.cpp:473:25)
INFO: [HLS 200-472] Inferring partial write operation for 'table.str' (/mnt/castor/seas_home/n/nmavuso/ese5320_final_project/hls/lzw_hls.cpp:474:25)
INFO: [HLS 200-472] Inferring partial write operation for 'entry' (/mnt/castor/seas_home/n/nmavuso/ese5320_final_project/hls/lzw_hls.cpp:494:26)
INFO: [HLS 200-472] Inferring partial write operation for 'entry' (/mnt/castor/seas_home/n/nmavuso/ese5320_final_project/hls/lzw_hls.cpp:497:24)
INFO: [HLS 200-472] Inferring partial write operation for 'entry' (/mnt/castor/seas_home/n/nmavuso/ese5320_final_project/hls/lzw_hls.cpp:498:22)
INFO: [HLS 200-472] Inferring partial write operation for 'table.str' (/mnt/castor/seas_home/n/nmavuso/ese5320_final_project/hls/lzw_hls.cpp:513:44)
INFO: [HLS 200-472] Inferring partial write operation for 'table.str' (/mnt/castor/seas_home/n/nmavuso/ese5320_final_project/hls/lzw_hls.cpp:514:48)
INFO: [HLS 200-111] Finished Architecture Synthesis: CPU user time: 0.84 seconds. CPU system time: 0.01 seconds. Elapsed time: 1 seconds; current allocated memory: 247.725 MB.
INFO: [HLS 200-10] Starting hardware synthesis ...
INFO: [HLS 200-10] Synthesizing 'lzw_fpga' ...
WARNING: [SYN 201-107] Renaming port name 'lzw_fpga/output' to 'lzw_fpga/output_r' to avoid the conflict with HDL keywords or other object names.
INFO: [HLS 200-10] ----------------------------------------------------------------
INFO: [HLS 200-42] -- Implementing module 'encoding' 
INFO: [HLS 200-10] ----------------------------------------------------------------
INFO: [SCHED 204-11] Starting scheduling ...
INFO: [SCHED 204-61] Pipelining loop 'VITIS_LOOP_402_1'.
INFO: [HLS 200-1470] Pipelining result : Target II = 1, Final II = 1, Depth = 1, loop 'VITIS_LOOP_402_1'
INFO: [SCHED 204-61] Pipelining loop 'Loop 2'.
INFO: [HLS 200-1470] Pipelining result : Target II = 1, Final II = 1, Depth = 1, loop 'Loop 2'
INFO: [SCHED 204-61] Pipelining loop 'VITIS_LOOP_389_1'.
WARNING: [HLS 200-878] Unable to schedule the loop exit test ('and' operation ('and_ln389', /mnt/castor/seas_home/n/nmavuso/ese5320_final_project/hls/lzw_hls.cpp:389)) in the first pipeline iteration (II = 1 cycles).
INFO: [HLS 200-1470] Pipelining result : Target II = 1, Final II = 2, Depth = 2, loop 'VITIS_LOOP_389_1'
INFO: [SCHED 204-61] Pipelining loop 'VITIS_LOOP_368_1'.
WARNING: [HLS 200-878] Unable to schedule the loop exit test ('icmp' operation ('icmp_ln368_1', /mnt/castor/seas_home/n/nmavuso/ese5320_final_project/hls/lzw_hls.cpp:368)) in the first pipeline iteration (II = 1 cycles).
INFO: [HLS 200-1470] Pipelining result : Target II = 1, Final II = 2, Depth = 2, loop 'VITIS_LOOP_368_1'
INFO: [SCHED 204-61] Pipelining loop 'VITIS_LOOP_377_1'.
WARNING: [HLS 200-878] Unable to schedule the loop exit test ('and' operation ('and_ln377_1', /mnt/castor/seas_home/n/nmavuso/ese5320_final_project/hls/lzw_hls.cpp:377)) in the first pipeline iteration (II = 1 cycles).
INFO: [HLS 200-1470] Pipelining result : Target II = 1, Final II = 2, Depth = 2, loop 'VITIS_LOOP_377_1'
INFO: [SCHED 204-61] Pipelining loop 'VITIS_LOOP_368_1'.
WARNING: [HLS 200-878] Unable to schedule the loop exit test ('icmp' operation ('icmp_ln368_3', /mnt/castor/seas_home/n/nmavuso/ese5320_final_project/hls/lzw_hls.cpp:368)) in the first pipeline iteration (II = 1 cycles).
INFO: [HLS 200-1470] Pipelining result : Target II = 1, Final II = 2, Depth = 2, loop 'VITIS_LOOP_368_1'
INFO: [SCHED 204-61] Pipelining loop 'VITIS_LOOP_377_1'.
WARNING: [HLS 200-878] Unable to schedule the loop exit test ('and' operation ('and_ln377_2', /mnt/castor/seas_home/n/nmavuso/ese5320_final_project/hls/lzw_hls.cpp:377)) in the first pipeline iteration (II = 1 cycles).
INFO: [HLS 200-1470] Pipelining result : Target II = 1, Final II = 2, Depth = 2, loop 'VITIS_LOOP_377_1'
INFO: [SCHED 204-61] Pipelining loop 'VITIS_LOOP_368_1'.
WARNING: [HLS 200-878] Unable to schedule the loop exit test ('icmp' operation ('icmp_ln368_5', /mnt/castor/seas_home/n/nmavuso/ese5320_final_project/hls/lzw_hls.cpp:368)) in the first pipeline iteration (II = 1 cycles).
INFO: [HLS 200-1470] Pipelining result : Target II = 1, Final II = 2, Depth = 2, loop 'VITIS_LOOP_368_1'
INFO: [SCHED 204-61] Pipelining loop 'VITIS_LOOP_377_1'.
WARNING: [HLS 200-878] Unable to schedule the loop exit test ('and' operation ('and_ln377', /mnt/castor/seas_home/n/nmavuso/ese5320_final_project/hls/lzw_hls.cpp:377)) in the first pipeline iteration (II = 1 cycles).
INFO: [HLS 200-1470] Pipelining result : Target II = 1, Final II = 2, Depth = 2, loop 'VITIS_LOOP_377_1'
INFO: [SCHED 204-11] Finished scheduling.
INFO: [HLS 200-111] Finished Scheduling: CPU user time: 1.69 seconds. CPU system time: 0.01 seconds. Elapsed time: 1.88 seconds; current allocated memory: 249.640 MB.
INFO: [BIND 205-100] Starting micro-architecture generation ...
INFO: [BIND 205-101] Performing variable lifetime analysis.
INFO: [BIND 205-101] Exploring resource sharing.
INFO: [BIND 205-101] Binding ...
INFO: [BIND 205-100] Finished micro-architecture generation.
INFO: [HLS 200-111] Finished Binding: CPU user time: 3.57 seconds. CPU system time: 0.03 seconds. Elapsed time: 3.67 seconds; current allocated memory: 252.128 MB.
INFO: [HLS 200-10] ----------------------------------------------------------------
INFO: [HLS 200-42] -- Implementing module 'decoding' 
INFO: [HLS 200-10] ----------------------------------------------------------------
INFO: [SCHED 204-11] Starting scheduling ...
INFO: [SCHED 204-61] Pipelining loop 'VITIS_LOOP_472_1'.
INFO: [HLS 200-1470] Pipelining result : Target II = 1, Final II = 1, Depth = 1, loop 'VITIS_LOOP_472_1'
INFO: [SCHED 204-61] Pipelining loop 'VITIS_LOOP_368_1'.
WARNING: [HLS 200-878] Unable to schedule the loop exit test ('icmp' operation ('icmp_ln368_6', /mnt/castor/seas_home/n/nmavuso/ese5320_final_project/hls/lzw_hls.cpp:368)) in the first pipeline iteration (II = 1 cycles).
INFO: [HLS 200-1470] Pipelining result : Target II = 1, Final II = 2, Depth = 72, loop 'VITIS_LOOP_368_1'
INFO: [SCHED 204-61] Pipelining loop 'VITIS_LOOP_389_1'.
WARNING: [HLS 200-878] Unable to schedule the loop exit test ('and' operation ('and_ln389', /mnt/castor/seas_home/n/nmavuso/ese5320_final_project/hls/lzw_hls.cpp:389)) in the first pipeline iteration (II = 1 cycles).
INFO: [HLS 200-1470] Pipelining result : Target II = 1, Final II = 2, Depth = 2, loop 'VITIS_LOOP_389_1'
INFO: [SCHED 204-61]