

================================================================
== Vitis HLS Report for 'Block_split212_proc'
================================================================
* Date:           Sun Dec  8 20:09:56 2024

* Version:        2020.2 (Build 3064766 on Wed Nov 18 09:12:47 MST 2020)
* Project:        lzw_fpga
* Solution:       solution (Vitis Kernel Flow Target)
* Product family: zynquplus
* Target device:  xczu3eg-sbva484-1-i


================================================================
== Performance Estimates
================================================================
+ Timing: 
    * Summary: 
    +--------+---------+----------+------------+
    |  Clock |  Target | Estimated| Uncertainty|
    +--------+---------+----------+------------+
    |ap_clk  |  6.67 ns|  2.167 ns|     1.80 ns|
    +--------+---------+----------+------------+

+ Latency: 
    * Summary: 
    +---------+---------+----------+----------+-----+-----+---------+
    |  Latency (cycles) |  Latency (absolute) |  Interval | Pipeline|
    |   min   |   max   |    min   |    max   | min | max |   Type  |
    +---------+---------+----------+----------+-----+-----+---------+
    |        0|        0|      0 ns|      0 ns|    0|    0|     none|
    +---------+---------+----------+----------+-----+-----+---------+

    + Detail: 
        * Instance: 
        N/A

        * Loop: 
        N/A



================================================================
== Utilization Estimates
================================================================
* Summary: 
+-----------------+---------+-----+--------+-------+-----+
|       Name      | BRAM_18K| DSP |   FF   |  LUT  | URAM|
+-----------------+---------+-----+--------+-------+-----+
|DSP              |        -|    -|       -|      -|    -|
|Expression       |        -|    -|       0|     10|    -|
|FIFO             |        -|    -|       -|      -|    -|
|Instance         |        -|    -|       -|      -|    -|
|Memory           |        -|    -|       -|      -|    -|
|Multiplexer      |        -|    -|       -|     36|    -|
|Register         |        -|    -|      20|      -|    -|
+-----------------+---------+-----+--------+-------+-----+
|Total            |        0|    0|      20|     46|    0|
+-----------------+---------+-----+--------+-------+-----+
|Available        |      432|  360|  141120|  70560|    0|
+-----------------+---------+-----+--------+-------+-----+
|Utilization (%)  |        0|    0|      ~0|     ~0|    0|
+-----------------+---------+-----+--------+-------+-----+

+ Detail: 
    * Instance: 
    N/A

    * DSP: 
    N/A

    * Memory: 
    N/A

    * FIFO: 
    N/A

    * Expression: 
    +-----------------------+----------+----+---+----+------------+------------+
    |     Variable Name     | Operation| DSP| FF| LUT| Bitwidth P0| Bitwidth P1|
    +-----------------------+----------+----+---+----+------------+------------+
    |ap_ext_blocking_n      |       and|   0|  0|   2|           2|           2|
    |ap_int_blocking_cur_n  |       and|   0|  0|   2|           1|           0|
    |ap_int_blocking_n      |       and|   0|  0|   2|           1|           2|
    |ap_str_blocking_n      |       and|   0|  0|   2|           2|           2|
    |ap_block_state1        |        or|   0|  0|   2|           1|           1|
    +-----------------------+----------+----+---+----+------------+------------+
    |Total                  |          |   0|  0|  10|           7|           7|
    +-----------------------+----------+----+---+----+------------+------------+

    * Multiplexer: 
    +---------------------------+----+-----------+-----+-----------+
    |            Name           | LUT| Input Size| Bits| Total Bits|
    +---------------------------+----+-----------+-----+-----------+
    |ap_done                    |   9|          2|    1|          2|
    |ap_return_0                |   9|          2|    9|         18|
    |ap_return_1                |   9|          2|    9|         18|
    |local_output_length_blk_n  |   9|          2|    1|          2|
    +---------------------------+----+-----------+-----+-----------+
    |Total                      |  36|          8|   20|         40|
    +---------------------------+----+-----------+-----+-----------+

    * Register: 
    +------------------+---+----+-----+-----------+
    |       Name       | FF| LUT| Bits| Const Bits|
    +------------------+---+----+-----+-----------+
    |ap_CS_fsm         |  1|   0|    1|          0|
    |ap_done_reg       |  1|   0|    1|          0|
    |ap_return_0_preg  |  9|   0|    9|          0|
    |ap_return_1_preg  |  9|   0|   32|         23|
    +------------------+---+----+-----+-----------+
    |Total             | 20|   0|   43|         23|
    +------------------+---+----+-----+-----------+



================================================================
== Interface
================================================================
* Summary: 
+-----------------------------+-----+-----+------------+----------------------+--------------+
|          RTL Ports          | Dir | Bits|  Protocol  |     Source Object    |    C Type    |
+-----------------------------+-----+-----+------------+----------------------+--------------+
|ap_clk                       |   in|    1|  ap_ctrl_hs|  Block_.split212_proc|  return value|
|ap_rst                       |   in|    1|  ap_ctrl_hs|  Block_.split212_proc|  return value|
|ap_start                     |   in|    1|  ap_ctrl_hs|  Block_.split212_proc|  return value|
|ap_done                      |  out|    1|  ap_ctrl_hs|  Block_.split212_proc|  return value|
|ap_continue                  |   in|    1|  ap_ctrl_hs|  Block_.split212_proc|  return value|
|ap_idle                      |  out|    1|  ap_ctrl_hs|  Block_.split212_proc|  return value|
|ap_ready                     |  out|    1|  ap_ctrl_hs|  Block_.split212_proc|  return value|
|ap_return_0                  |  out|    9|  ap_ctrl_hs|  Block_.split212_proc|  return value|
|ap_return_1                  |  out|   32|  ap_ctrl_hs|  Block_.split212_proc|  return value|
|ap_ext_blocking_n            |  out|    1|  ap_ctrl_hs|  Block_.split212_proc|  return value|
|ap_str_blocking_n            |  out|    1|  ap_ctrl_hs|  Block_.split212_proc|  return value|
|ap_int_blocking_n            |  out|    1|  ap_ctrl_hs|  Block_.split212_proc|  return value|
|local_output_length_dout     |   in|    9|     ap_fifo|   local_output_length|       pointer|
|local_output_length_empty_n  |   in|    1|     ap_fifo|   local_output_length|       pointer|
|local_output_length_read     |  out|    1|     ap_fifo|   local_output_length|       pointer|
+-----------------------------+-----+-----+------------+----------------------+--------------+

