

================================================================
== Vitis HLS Report for 'copy_output_code'
================================================================
* Date:           Sun Dec  8 20:09:56 2024

* Version:        2020.2 (Build 3064766 on Wed Nov 18 09:12:47 MST 2020)
* Project:        lzw_fpga
* Solution:       solution (Vitis Kernel Flow Target)
* Product family: zynquplus
* Target device:  xczu3eg-sbva484-1-i


================================================================
== Performance Estimates
================================================================
+ Timing: 
    * Summary: 
    +--------+---------+----------+------------+
    |  Clock |  Target | Estimated| Uncertainty|
    +--------+---------+----------+------------+
    |ap_clk  |  6.67 ns|  4.867 ns|     1.80 ns|
    +--------+---------+----------+------------+

+ Latency: 
    * Summary: 
    +---------+---------+----------+----------+-----+-----+---------+
    |  Latency (cycles) |  Latency (absolute) |  Interval | Pipeline|
    |   min   |   max   |    min   |    max   | min | max |   Type  |
    +---------+---------+----------+----------+-----+-----+---------+
    |        1|        ?|  6.667 ns|         ?|    1|    ?|     none|
    +---------+---------+----------+----------+-----+-----+---------+

    + Detail: 
        * Instance: 
        N/A

        * Loop: 
        +-------------------------+---------+---------+----------+-----------+-----------+-------+----------+
        |                         |  Latency (cycles) | Iteration|  Initiation Interval  |  Trip |          |
        |        Loop Name        |   min   |   max   |  Latency |  achieved |   target  | Count | Pipelined|
        +-------------------------+---------+---------+----------+-----------+-----------+-------+----------+
        |- copy_output_code_loop  |        2|        ?|         3|          1|          1|  1 ~ ?|       yes|
        +-------------------------+---------+---------+----------+-----------+-----------+-------+----------+



================================================================
== Utilization Estimates
================================================================
* Summary: 
+-----------------+---------+-----+--------+-------+-----+
|       Name      | BRAM_18K| DSP |   FF   |  LUT  | URAM|
+-----------------+---------+-----+--------+-------+-----+
|DSP              |        -|    -|       -|      -|    -|
|Expression       |        -|    -|       0|     99|    -|
|FIFO             |        -|    -|       -|      -|    -|
|Instance         |        -|    -|       -|      -|    -|
|Memory           |        -|    -|       -|      -|    -|
|Multiplexer      |        -|    -|       -|    447|    -|
|Register         |        -|    -|     268|      -|    -|
+-----------------+---------+-----+--------+-------+-----+
|Total            |        0|    0|     268|    546|    0|
+-----------------+---------+-----+--------+-------+-----+
|Available        |      432|  360|  141120|  70560|    0|
+-----------------+---------+-----+--------+-------+-----+
|Utilization (%)  |        0|    0|      ~0|     ~0|    0|
+-----------------+---------+-----+--------+-------+-----+

+ Detail: 
    * Instance: 
    N/A

    * DSP: 
    N/A

    * Memory: 
    N/A

    * FIFO: 
    N/A

    * Expression: 
    +---------------------------+----------+----+---+----+------------+------------+
    |       Variable Name       | Operation| DSP| FF| LUT| Bitwidth P0| Bitwidth P1|
    +---------------------------+----------+----+---+----+------------+------------+
    |add_ln71_fu_148_p2         |         +|   0|  0|  38|          31|           1|
    |ap_block_pp0_stage0_11001  |       and|   0|  0|   2|           1|           1|
    |ap_block_state5_io         |       and|   0|  0|   2|           1|           1|
    |ap_block_state73           |       and|   0|  0|   2|           1|           1|
    |ap_ext_blocking_cur_n      |       and|   0|  0|   2|           1|           1|
    |ap_ext_blocking_n          |       and|   0|  0|   2|           1|           2|
    |ap_int_blocking_cur_n      |       and|   0|  0|   2|           1|           1|
    |ap_int_blocking_n          |       and|   0|  0|   2|           1|           2|
    |ap_str_blocking_n          |       and|   0|  0|   2|           2|           2|
    |icmp_ln71_1_fu_154_p2      |      icmp|   0|  0|  19|          31|          31|
    |icmp_ln71_fu_119_p2        |      icmp|   0|  0|  20|          32|           1|
    |ap_block_state1            |        or|   0|  0|   2|           1|           1|
    |ap_enable_pp0              |       xor|   0|  0|   2|           1|           2|
    |ap_enable_reg_pp0_iter1    |       xor|   0|  0|   2|           2|           1|
    +---------------------------+----------+----+---+----+------------+------------+
    |Total                      |          |   0|  0|  99|         107|          48|
    +---------------------------+----------+----+---+----+------------+------------+

    * Multiplexer: 
    +-------------------------+-----+-----------+-----+-----------+
    |           Name          | LUT | Input Size| Bits| Total Bits|
    +-------------------------+-----+-----------+-----+-----------+
    |ap_NS_fsm                |  366|         72|    1|         72|
    |ap_done                  |    9|          2|    1|          2|
    |ap_enable_reg_pp0_iter1  |    9|          2|    1|          2|
    |ap_enable_reg_pp0_iter2  |    9|          2|    1|          2|
    |gmem1_blk_n_AW           |    9|          2|    1|          2|
    |gmem1_blk_n_B            |    9|          2|    1|          2|
    |gmem1_blk_n_W            |    9|          2|    1|          2|
    |i_reg_108                |    9|          2|   31|         62|
    |local_output_size_blk_n  |    9|          2|    1|          2|
    |output_code_blk_n        |    9|          2|    1|          2|
    +-------------------------+-----+-----------+-----+-----------+
    |Total                    |  447|         90|   40|        150|
    +-------------------------+-----+-----------+-----+-----------+

    * Register: 
    +-----------------------------------+----+----+-----+-----------+
    |                Name               | FF | LUT| Bits| Const Bits|
    +-----------------------------------+----+----+-----+-----------+
    |ap_CS_fsm                          |  71|   0|   71|          0|
    |ap_done_reg                        |   1|   0|    1|          0|
    |ap_enable_reg_pp0_iter0            |   1|   0|    1|          0|
    |ap_enable_reg_pp0_iter1            |   1|   0|    1|          0|
    |ap_enable_reg_pp0_iter2            |   1|   0|    1|          0|
    |gmem1_addr_reg_174                 |  64|   0|   64|          0|
    |i_reg_108                          |  31|   0|   31|          0|
    |icmp_ln71_1_reg_190                |   1|   0|    1|          0|
    |icmp_ln71_1_reg_190_pp0_iter1_reg  |   1|   0|    1|          0|
    |icmp_ln71_reg_170                  |   1|   0|    1|          0|
    |local_output_code_load_reg_199     |  32|   0|   32|          0|
    |local_output_size_read_reg_164     |  32|   0|   32|          0|
    |trunc_ln71_reg_180                 |  31|   0|   31|          0|
    +-----------------------------------+----+----+-----+-----------+
    |Total                              | 268|   0|  268|          0|
    +-----------------------------------+----+----+-----+-----------+



================================================================
== Interface
================================================================
* Summary: 
+----------------------------+-----+-----+------------+-------------------+--------------+
|          RTL Ports         | Dir | Bits|  Protocol  |   Source Object   |    C Type    |
+----------------------------+-----+-----+------------+-------------------+--------------+
|ap_clk                      |   in|    1|  ap_ctrl_hs|   copy_output_code|  return value|
|ap_rst                      |   in|    1|  ap_ctrl_hs|   copy_output_code|  return value|
|ap_start                    |   in|    1|  ap_ctrl_hs|   copy_output_code|  return value|
|ap_done                     |  out|    1|  ap_ctrl_hs|   copy_output_code|  return value|
|ap_continue                 |   in|    1|  ap_ctrl_hs|   copy_output_code|  return value|
|ap_idle                     |  out|    1|  ap_ctrl_hs|   copy_output_code|  return value|
|ap_ready                    |  out|    1|  ap_ctrl_hs|   copy_output_code|  return value|
|ap_ext_blocking_n           |  out|    1|  ap_ctrl_hs|   copy_output_code|  return value|
|ap_str_blocking_n           |  out|    1|  ap_ctrl_hs|   copy_output_code|  return value|
|ap_int_blocking_n           |  out|    1|  ap_ctrl_hs|   copy_output_code|  return value|
|m_axi_gmem1_AWVALID         |  out|    1|       m_axi|              gmem1|       pointer|
|m_axi_gmem1_AWREADY         |   in|    1|       m_axi|              gmem1|       pointer|
|m_axi_gmem1_AWADDR          |  out|   64|       m_axi|              gmem1|       pointer|
|m_axi_gmem1_AWID            |  out|    1|       m_axi|              gmem1|       pointer|
|m_axi_gmem1_AWLEN           |  out|   32|       m_axi|              gmem1|       pointer|
|m_axi_gmem1_AWSIZE          |  out|    3|       m_axi|              gmem1|       pointer|
|m_axi_gmem1_AWBURST         |  out|    2|       m_axi|              gmem1|       pointer|
|m_axi_gmem1_AWLOCK          |  out|    2|       m_axi|              gmem1|       pointer|
|m_axi_gmem1_AWCACHE         |  out|    4|       m_axi|              gmem1|       pointer|
|m_axi_gmem1_AWPROT          |  out|    3|       m_axi|              gmem1|       pointer|
|m_axi_gmem1_AWQOS           |  out|    4|       m_axi|              gmem1|       pointer|
|m_axi_gmem1_AWREGION        |  out|    4|       m_axi|              gmem1|       pointer|
|m_axi_gmem1_AWUSER          |  out|    1|       m_axi|              gmem1|       pointer|
|m_axi_gmem1_WVALID          |  out|    1|       m_axi|              gmem1|       pointer|
|m_axi_gmem1_WREADY          |   in|    1|       m_axi|              gmem1|       pointer|
|m_axi_gmem1_WDATA           |  out|   32|       m_axi|              gmem1|       pointer|
|m_axi_gmem1_WSTRB           |  out|    4|       m_axi|              gmem1|       pointer|
|m_axi_gmem1_WLAST           |  out|    1|       m_axi|              gmem1|       pointer|
|m_axi_gmem1_WID             |  out|    1|       m_axi|              gmem1|       pointer|
|m_axi_gmem1_WUSER           |  out|    1|       m_axi|              gmem1|       pointer|
|m_axi_gmem1_ARVALID         |  out|    1|       m_axi|              gmem1|       pointer|
|m_axi_gmem1_ARREADY         |   in|    1|       m_axi|              gmem1|       pointer|
|m_axi_gmem1_ARADDR          |  out|   64|       m_axi|              gmem1|       pointer|
|m_axi_gmem1_ARID            |  out|    1|       m_axi|              gmem1|       pointer|
|m_axi_gmem1_ARLEN           |  out|   32|       m_axi|              gmem1|       pointer|
|m_axi_gmem1_ARSIZE          |  out|    3|       m_axi|              gmem1|       pointer|
|m_axi_gmem1_ARBURST         |  out|    2|       m_axi|              gmem1|       pointer|
|m_axi_gmem1_ARLOCK          |  out|    2|       m_axi|              gmem1|       pointer|
|m_axi_gmem1_ARCACHE         |  out|    4|       m_axi|              gmem1|       pointer|
|m_axi_gmem1_ARPROT          |  out|    3|       m_axi|              gmem1|       pointer|
|m_axi_gmem1_ARQOS           |  out|    4|       m_axi|              gmem1|       pointer|
|m_axi_gmem1_ARREGION        |  out|    4|       m_axi|              gmem1|       pointer|
|m_axi_gmem1_ARUSER          |  out|    1|       m_axi|              gmem1|       pointer|
|m_axi_gmem1_RVALID          |   in|    1|       m_axi|              gmem1|       pointer|
|m_axi_gmem1_RREADY          |  out|    1|       m_axi|              gmem1|       pointer|
|m_axi_gmem1_RDATA           |   in|   32|       m_axi|              gmem1|       pointer|
|m_axi_gmem1_RLAST           |   in|    1|       m_axi|              gmem1|       pointer|
|m_axi_gmem1_RID             |   in|    1|       m_axi|              gmem1|       pointer|
|m_axi_gmem1_RUSER           |   in|    1|       m_axi|              gmem1|       pointer|
|m_axi_gmem1_RRESP           |   in|    2|       m_axi|              gmem1|       pointer|
|m_axi_gmem1_BVALID          |   in|    1|       m_axi|              gmem1|       pointer|
|m_axi_gmem1_BREADY          |  out|    1|       m_axi|              gmem1|       pointer|
|m_axi_gmem1_BRESP           |   in|    2|       m_axi|              gmem1|       pointer|
|m_axi_gmem1_BID             |   in|    1|       m_axi|              gmem1|       pointer|
|m_axi_gmem1_BUSER           |   in|    1|       m_axi|              gmem1|       pointer|
|local_output_code_address0  |  out|    8|   ap_memory|  local_output_code|         array|
|local_output_code_ce0       |  out|    1|   ap_memory|  local_output_code|         array|
|local_output_code_q0        |   in|   32|   ap_memory|  local_output_code|         array|
|output_code_dout            |   in|   64|     ap_fifo|        output_code|       pointer|
|output_code_empty_n         |   in|    1|     ap_fifo|        output_code|       pointer|
|output_code_read            |  out|    1|     ap_fifo|        output_code|       pointer|
|local_output_size_dout      |   in|   32|     ap_fifo|  local_output_size|       pointer|
|local_output_size_empty_n   |   in|    1|     ap_fifo|  local_output_size|       pointer|
|local_output_size_read      |  out|    1|     ap_fifo|  local_output_size|       pointer|
+----------------------------+-----+-----+------------+-------------------+--------------+

