Copyright 1986-2020 Xilinx, Inc. All Rights Reserved.
-----------------------------------------------------------------------------------------------------------------------------------------------------------------------------
| Tool Version : Vivado v.2020.2 (lin64) Build 3064766 Wed Nov 18 09:12:47 MST 2020
| Date         : Sun Dec  1 17:49:56 2024
| Host         : big08.seas.upenn.edu running 64-bit openSUSE Leap 15.6
| Command      : report_accelerator_utilization -kernels { lzw_fpga:u96v2_sbc_base_i/lzw_fpga_1/U0:lzw_fpga_1} -file kernel_util_synthed.rpt -name kernel_util_synthed -json
| Design       : u96v2_sbc_base_wrapper
| Device       : xczu3eg
| Design State : Synthesized
-----------------------------------------------------------------------------------------------------------------------------------------------------------------------------

Accelerator Utilization Design Information

Table of Contents
-----------------
1. System Utilization

1. System Utilization
---------------------

+---------------------+-----------------+-----------------+------------------+---------------+---------------+
| Name                | LUT             | LUTAsMem        | REG              | BRAM          | DSP           |
+---------------------+-----------------+-----------------+------------------+---------------+---------------+
| Platform            | 23620 [ 33.48%] |  2015 [  7.00%] |  28066 [ 19.89%] |  24 [ 11.11%] |   0 [  0.00%] |
| User Budget         | 46940 [100.00%] | 26785 [100.00%] | 113054 [100.00%] | 192 [100.00%] | 360 [100.00%] |
|    Used Resources   |  7064 [ 15.05%] |  2058 [  7.68%] |   6838 [  6.05%] |   3 [  1.56%] |   0 [  0.00%] |
|    Unused Resources | 39876 [ 84.95%] | 24727 [ 92.32%] | 106216 [ 93.95%] | 189 [ 98.44%] | 360 [100.00%] |
| lzw_fpga            |  7064 [ 15.05%] |  2058 [  7.68%] |   6838 [  6.05%] |   3 [  1.56%] |   0 [  0.00%] |
|    lzw_fpga_1       |  7064 [ 15.05%] |  2058 [  7.68%] |   6838 [  6.05%] |   3 [  1.56%] |   0 [  0.00%] |
+---------------------+-----------------+-----------------+------------------+---------------+---------------+


