Copyright 1986-2020 Xilinx, Inc. All Rights Reserved.
---------------------------------------------------------------------------------------------------------------------------------------------------------------------------
| Tool Version : Vivado v.2020.2 (lin64) Build 3064766 Wed Nov 18 09:12:47 MST 2020
| Date         : Sun Dec  1 17:53:11 2024
| Host         : big08.seas.upenn.edu running 64-bit openSUSE Leap 15.6
| Command      : report_accelerator_utilization -kernels { lzw_fpga:u96v2_sbc_base_i/lzw_fpga_1/U0:lzw_fpga_1} -file kernel_util_placed.rpt -name kernel_util_placed -json
| Design       : u96v2_sbc_base_wrapper
| Device       : xczu3eg
| Design State : Fully Placed
---------------------------------------------------------------------------------------------------------------------------------------------------------------------------

Accelerator Utilization Design Information

Table of Contents
-----------------
1. System Utilization

1. System Utilization
---------------------

+---------------------+-----------------+-----------------+------------------+---------------+---------------+
| Name                | LUT             | LUTAsMem        | REG              | BRAM          | DSP           |
+---------------------+-----------------+-----------------+------------------+---------------+---------------+
| Platform            | 18239 [ 25.85%] |  1658 [  5.76%] |  21892 [ 15.51%] |  18 [  8.33%] |   0 [  0.00%] |
| User Budget         | 52321 [100.00%] | 27142 [100.00%] | 119228 [100.00%] | 198 [100.00%] | 360 [100.00%] |
|    Used Resources   |  6723 [ 12.85%] |  1888 [  6.96%] |   6839 [  5.74%] |   3 [  1.52%] |   0 [  0.00%] |
|    Unused Resources | 45598 [ 87.15%] | 25254 [ 93.04%] | 112389 [ 94.26%] | 195 [ 98.48%] | 360 [100.00%] |
| lzw_fpga            |  6723 [ 12.85%] |  1888 [  6.96%] |   6839 [  5.74%] |   3 [  1.52%] |   0 [  0.00%] |
|    lzw_fpga_1       |  6723 [ 12.85%] |  1888 [  6.96%] |   6839 [  5.74%] |   3 [  1.52%] |   0 [  0.00%] |
+---------------------+-----------------+-----------------+------------------+---------------+---------------+


