Copyright 1986-2020 Xilinx, Inc. All Rights Reserved.
---------------------------------------------------------------------------------------------------------------------------------------------------------------------------
| Tool Version : Vivado v.2020.2 (lin64) Build 3064766 Wed Nov 18 09:12:47 MST 2020
| Date         : Fri Nov 15 14:34:28 2024
| Host         : polaris running 64-bit openSUSE Leap 15.6
| Command      : report_accelerator_utilization -kernels { lzw_fpga:u96v2_sbc_base_i/lzw_fpga_1/U0:lzw_fpga_1} -file kernel_util_routed.rpt -name kernel_util_routed -json
| Design       : u96v2_sbc_base_wrapper
| Device       : xczu3eg
| Design State : Routed
---------------------------------------------------------------------------------------------------------------------------------------------------------------------------

Accelerator Utilization Design Information

Table of Contents
-----------------
1. System Utilization

1. System Utilization
---------------------

+---------------------+-----------------+-----------------+------------------+---------------+---------------+
| Name                | LUT             | LUTAsMem        | REG              | BRAM          | DSP           |
+---------------------+-----------------+-----------------+------------------+---------------+---------------+
| Platform            | 14425 [ 20.44%] |  1004 [  3.49%] |  16253 [ 11.52%] |   4 [  1.85%] |   0 [  0.00%] |
| User Budget         | 56135 [100.00%] | 27796 [100.00%] | 124867 [100.00%] | 212 [100.00%] | 360 [100.00%] |
|    Used Resources   |  3755 [  6.69%] |   447 [  1.61%] |   5020 [  4.02%] |  38 [ 17.92%] |   0 [  0.00%] |
|    Unused Resources | 52380 [ 93.31%] | 27349 [ 98.39%] | 119847 [ 95.98%] | 174 [ 82.08%] | 360 [100.00%] |
| lzw_fpga            |  3755 [  6.69%] |   447 [  1.61%] |   5020 [  4.02%] |  38 [ 17.92%] |   0 [  0.00%] |
|    lzw_fpga_1       |  3755 [  6.69%] |   447 [  1.61%] |   5020 [  4.02%] |  38 [ 17.92%] |   0 [  0.00%] |
+---------------------+-----------------+-----------------+------------------+---------------+---------------+


