# 
# Steps log generated by v++
# This log file contains a collection of steps that describe the kernel compilation flow
# Note: Some steps are tagged as internal, these steps are for debugging purposes and 
#       are not expected to be able to run independently.
# 

# The following environment variables are set when running v++
Environment variables :
------------------------------------------
RT_TCL_PATH=/mnt/pollux/software/xilinx/2020.2/Vitis/2020.2/scripts/rt/base_tcl/tcl
LS_COLORS=no=00:fi=00:di=01;34:ln=00;36:pi=40;33:so=01;35:do=01;35:bd=40;33;01:cd=40;33;01:or=41;33;01:ex=00;32:*.cmd=00;32:*.exe=01;32:*.com=01;32:*.bat=01;32:*.btm=01;32:*.dll=01;32:*.tar=00;31:*.tbz=00;31:*.tgz=00;31:*.rpm=00;31:*.deb=00;31:*.arj=00;31:*.taz=00;31:*.lzh=00;31:*.lzma=00;31:*.zip=00;31:*.zoo=00;31:*.z=00;31:*.Z=00;31:*.gz=00;31:*.bz2=00;31:*.tb2=00;31:*.tz2=00;31:*.tbz2=00;31:*.xz=00;31:*.avi=01;35:*.bmp=01;35:*.dl=01;35:*.fli=01;35:*.gif=01;35:*.gl=01;35:*.jpg=01;35:*.jpeg=01;35:*.mkv=01;35:*.mng=01;35:*.mov=01;35:*.mp4=01;35:*.mpg=01;35:*.pcx=01;35:*.pbm=01;35:*.pgm=01;35:*.png=01;35:*.ppm=01;35:*.svg=01;35:*.tga=01;35:*.tif=01;35:*.webm=01;35:*.webp=01;35:*.wmv=01;35:*.xbm=01;35:*.xcf=01;35:*.xpm=01;35:*.aiff=00;32:*.ape=00;32:*.au=00;32:*.flac=00;32:*.m4a=00;32:*.mid=00;32:*.mp3=00;32:*.mpc=00;32:*.ogg=00;32:*.voc=00;32:*.wav=00;32:*.wma=00;32:*.wv=00;32:
LD_LIBRARY_PATH=/mnt/pollux/software/xilinx/2020.2/Vitis/2020.2/lib/lnx64.o/SuSE:/mnt/pollux/software/xilinx/2020.2/Vitis/2020.2/lib/lnx64.o:/mnt/pollux/software/xilinx/2020.2/Vitis/2020.2/lib/lnx64.o/SuSE:/mnt/pollux/software/xilinx/2020.2/Vitis/2020.2/lib/lnx64.o:/mnt/pollux/software/xilinx/2020.2/Vitis/2020.2/bin/../lnx64/tools/dot/lib
HOSTTYPE=x86_64
XILINX_VITIS=/mnt/pollux/software/xilinx/2020.2/Vitis/2020.2
XAUTHLOCALHOSTNAME=polaris
LESSCLOSE=lessclose.sh %s %s
XKEYSYMDB=/usr/X11R6/lib/X11/XKeysymDB
XILINX_DSP=
XDG_MENU_PREFIX=gnome-
RDI_PATCHROOT=
RT_LIBPATH=/mnt/pollux/software/xilinx/2020.2/Vitis/2020.2/scripts/rt/data
LANG=en_US.UTF-8
SINGULARITY_DISABLE_CACHE=1
WINDOWMANAGER=gnome
LESS=-M -I -R
MANAGERPID=2607
SYSTEMD_EXEC_PID=2853
APPTAINER_DISABLE_CACHE=1
DISPLAY=:0
GUESTFISH_RESTORE=\e[0m
RDI_INSTALLROOT=/mnt/pollux/software/xilinx/2020.2
HOSTNAME=polaris
ORIGINAL_XDG_CURRENT_DESKTOP=GNOME
OLDPWD=/mnt/pollux/software/xilinx/2020.2/Vitis/2020.2/bin
INVOCATION_ID=d14337b189c84058999e8a74853b3658
CSHEDIT=emacs
AUDIODRIVER=pulseaudio
GPG_TTY=/dev/pts/0
LESS_ADVANCED_PREPROCESSOR=no
COLORTERM=truecolor
GUESTFISH_INIT=\e[1;34m
RDI_PREPEND_PATH=/mnt/pollux/software/xilinx/2020.2/Vitis/2020.2/bin
MAKE_TERMOUT=/dev/pts/0
JAVA_HOME=/usr/lib64/jvm/java-17-openjdk-17
VSCODE_GIT_ASKPASS_EXTRA_ARGS=--ms-enable-electron-run-as-node
CHROME_DESKTOP=code-url-handler.desktop
MACHTYPE=x86_64-suse-linux
PLATFORM_REPO_PATHS=/home1/e/ese5320/u96v2_sbc_base
NO_AT_BRIDGE=1
GIO_LAUNCHED_DESKTOP_FILE_PID=4898
SSH_AUTH_SOCK=/run/user/59656/keyring/ssh
QEMU_AUDIO_DRV=pa
MFLAGS=
MINICOM=-c on
XILINX_VIVADO=/mnt/pollux/software/xilinx/2020.2/Vivado/2020.2
XILINX_SDK=/mnt/pollux/software/xilinx/2020.2/Vitis/2020.2
OSTYPE=linux
XILINX_PLANAHEAD=/mnt/pollux/software/xilinx/2020.2/Vitis/2020.2
USER=joaquinr
XILINXD_LICENSE_FILE=/mnt/pollux/software/xilinx/.Xilinx/
PAGER=less
GUESTFISH_PS1=\[\e[1;32m\]><fs>\[\e[0;31m\] 
DESKTOP_SESSION=gnome
RDI_BASEROOT=/mnt/pollux/software/xilinx/2020.2/Vitis
RDI_INSTALLVER=2020.2
MORE=-sl
RDI_JAVA_VERSION=9.0.4
PWD=/home1/j/joaquinr/ese5320_final_project
XILINX_HLS=/mnt/pollux/software/xilinx/2020.2/Vitis_HLS/2020.2
SSH_ASKPASS=/usr/lib/ssh/ssh-askpass
HOME=/home1/j/joaquinr
LC_CTYPE=en_US.UTF-8
JOURNAL_STREAM=8:22287
VSCODE_GIT_ASKPASS_NODE=/usr/share/code/code
SSH_AGENT_PID=2747
TERM_PROGRAM=vscode
HOST=polaris
TERM_PROGRAM_VERSION=1.76.2
XNLSPATH=/usr/share/X11/nls
TCL_LIBRARY=/mnt/pollux/software/xilinx/2020.2/Vitis/2020.2/tps/tcl/tcl8.5
XDG_SESSION_TYPE=x11
XIL_CHECK_TCL_DEBUG=False
XILINX_VIVADO_HLS=/mnt/pollux/software/xilinx/2020.2/Vivado/2020.2
SDK_HOME=/usr/lib64/jvm/java-17-openjdk-17
KRB5CCNAME=FILE:/tmp/krb5cc_59656
RDI_APPROOT=/mnt/pollux/software/xilinx/2020.2/Vitis/2020.2
XDG_DATA_DIRS=/home1/j/joaquinr/.local/share/flatpak/exports/share:/var/lib/flatpak/exports/share:/usr/local/share:/usr/share
_RDI_DONT_SET_XILINX_AS_PATH=True
MYVIVADO=
RDI_TPS_ROOT=/mnt/pollux/software/xilinx/2020.2/Vivado/2020.2/tps/lnx64
RDI_BUILD=yes
ISL_IOSTREAMS_RSA=/mnt/pollux/software/xilinx/2020.2/Vitis/2020.2/tps/isl
JDK_HOME=/usr/lib64/jvm/java-17-openjdk-17
XDG_SESSION_DESKTOP=GNOME
PROFILEREAD=true
GJS_DEBUG_OUTPUT=stderr
RDI_PLATFORM=lnx64
RDI_BINROOT=/mnt/pollux/software/xilinx/2020.2/Vitis/2020.2/bin
RDI_PROG=/mnt/pollux/software/xilinx/2020.2/Vitis/2020.2/bin/unwrapped/lnx64.o/v++
HDIPRELDPATH=/mnt/pollux/software/xilinx/2020.2/Vitis/2020.2/lib/lnx64.o/SuSE:/mnt/pollux/software/xilinx/2020.2/Vitis/2020.2/lib/lnx64.o:/mnt/pollux/software/xilinx/2020.2/Vitis/2020.2/bin/../lnx64/tools/dot/lib
RDI_DATADIR=/mnt/pollux/software/xilinx/2020.2/Vitis/2020.2/data
SYNTH_COMMON=/mnt/pollux/software/xilinx/2020.2/Vitis/2020.2/scripts/rt/data
GTK_MODULES=canberra-gtk-module
FROM_HEADER=seas.upenn.edu
MAIL=/var/spool/mail/joaquinr
VSCODE_GIT_ASKPASS_MAIN=/usr/share/code/resources/app/extensions/git/dist/askpass-main.js
LESSKEY=/etc/lesskey.bin
SHELL=/pkg/bin/bash
TERM=xterm-256color
XDG_SESSION_CLASS=user
XDG_SEAT_PATH=/org/freedesktop/DisplayManager/Seat0
QT_IM_MODULE=fcitx
XMODIFIERS=@im=fcitx
LS_OPTIONS=-N --color=tty -T 0
XDG_CURRENT_DESKTOP=GNOME
MAKELEVEL=1
GIO_LAUNCHED_DESKTOP_FILE=/usr/share/applications/code.desktop
PYTHONSTARTUP=/etc/pythonstart
HDI_APPROOT=/mnt/pollux/software/xilinx/2020.2/Vitis/2020.2
SHLVL=4
G_FILENAME_ENCODING=@locale,UTF-8,ISO-8859-15,CP1252
R3D_LIB=/usr/local/share/Raster3D/materials
MAKE_TERMERR=/dev/pts/0
VSCODE_GIT_IPC_HANDLE=/run/user/59656/vscode-git-2334aeffb5.sock
XIL_NO_OVERRIDE=0
MANPATH=/usr/local/man:/usr/local/share/man:/usr/share/man
XSESSION_IS_UP=yes
RDI_OPT_EXT=.o
GDK_BACKEND=x11
LOGNAME=joaquinr
DBUS_SESSION_BUS_ADDRESS=unix:path=/run/user/59656/bus
GIT_ASKPASS=/usr/share/code/resources/app/extensions/git/dist/askpass.sh
XDG_RUNTIME_DIR=/run/user/59656
XIL_SUPPRESS_OVERRIDE_WARNINGS=1
XAUTHORITY=/tmp/xauth_EhrfFx
INPUT_METHOD=fcitx
JRE_HOME=/usr/lib64/jvm/java-17-openjdk-17
XDG_SESSION_PATH=/org/freedesktop/DisplayManager/Session1
XDG_CONFIG_DIRS=/etc/xdg
PATH=/mnt/pollux/software/xilinx/2020.2/Vivado/2020.2/tps/lnx64/binutils-2.26/bin:/mnt/pollux/software/xilinx/2020.2/Vitis/2020.2/bin/../gnu/aarch64/lin/aarch64-linux/bin:/mnt/pollux/software/xilinx/2020.2/Vitis/2020.2/bin/../gnu/ppc64le/4.9.3/lnx64/bin:/mnt/pollux/software/xilinx/2020.2/Vitis/2020.2/bin/../gnu/aarch32/lin/gcc-arm-linux-gnueabi/bin:/mnt/pollux/software/xilinx/2020.2/Vivado/2020.2/tps/lnx64/gcc-6.2.0/bin:/mnt/pollux/software/xilinx/2020.2/Vivado/2020.2/gnu/microblaze/lin/bin:/mnt/pollux/software/xilinx/2020.2/Vitis/2020.2/bin:/mnt/pollux/software/xilinx/2020.2/Vivado/2020.2/bin:/usr/sbin:/Model_Composer/2020.2/bin:/mnt/pollux/software/xilinx/2020.2/Vitis_HLS/2020.2/bin:/mnt/pollux/software/xilinx/2020.2/Vitis/2020.2/gnu/microblaze/lin/bin:/mnt/pollux/software/xilinx/2020.2/Vitis/2020.2/gnu/arm/lin/bin:/mnt/pollux/software/xilinx/2020.2/Vitis/2020.2/gnu/microblaze/linux_toolchain/lin64_le/bin:/mnt/pollux/software/xilinx/2020.2/Vitis/2020.2/gnu/aarch32/lin/gcc-arm-linux-gnueabi/bin:/mnt/pollux/software/xilinx/2020.2/Vitis/2020.2/gnu/aarch32/lin/gcc-arm-none-eabi/bin:/mnt/pollux/software/xilinx/2020.2/Vitis/2020.2/gnu/aarch64/lin/aarch64-linux/bin:/mnt/pollux/software/xilinx/2020.2/Vitis/2020.2/gnu/aarch64/lin/aarch64-none/bin:/mnt/pollux/software/xilinx/2020.2/Vitis/2020.2/gnu/armr5/lin/gcc-arm-none-eabi/bin:/mnt/pollux/software/xilinx/2020.2/Vitis/2020.2/tps/lnx64/cmake-3.3.2/bin:/mnt/pollux/software/xilinx/2020.2/Vitis/2020.2/cardano/bin:/home1/c/cis5710/tools/bin:/usr/local/bin:/usr/bin:/bin:/usr/local/homer/bin:/usr/lib/mit/bin:/usr/local/mirnylib/bin:/usr/local/Qt5.4.0/Tools/QtCreator/bin:/usr/local/samtools/bin:/usr/local/sra-toolkit/bin:/usr/local/tophat/bin
JAVA_BINDIR=/usr/lib64/jvm/java-17-openjdk-17/bin
GUESTFISH_OUTPUT=\e[0m
RDI_JAVA_PLATFORM=
G_BROKEN_FILENAMES=1
QT_IM_SWITCHER=imsw-multi
MAKEFLAGS=
HISTSIZE=1000
HDI_PROCESSOR=x86_64
GJS_DEBUG_TOPICS=JS ERROR;JS LOG
SESSION_MANAGER=local/polaris:@/tmp/.ICE-unix/2811,unix/polaris:/tmp/.ICE-unix/2811
RDI_LIBDIR=/mnt/pollux/software/xilinx/2020.2/Vitis/2020.2/lib/lnx64.o/SuSE:/mnt/pollux/software/xilinx/2020.2/Vitis/2020.2/lib/lnx64.o
CPU=x86_64
CVS_RSH=ssh
LESSOPEN=lessopen.sh %s
GTK_IM_MODULE=fcitx
_=/mnt/pollux/software/xilinx/2020.2/Vitis/2020.2/bin/unwrapped/lnx64.o/v++
XILINX_CD_CONNECT_ID=45927
XILINX_CD_SESSION=7b64fda0-6ad2-48ec-bb86-017bc2e06a37
XILINX_RS_PORT=46587
XILINX_RS_SESSION=5c963465-680d-42d6-9365-241bcf766e33


V++ command line:
------------------------------------------
/mnt/pollux/software/xilinx/2020.2/Vitis/2020.2/bin/unwrapped/lnx64.o/v++ --package --target hw --config fpga_acceleration/package.cfg lzw_hls.xclbin --package.out_dir package --package.sd_file encoder --package.kernel_image /home1/e/ese5320/u96v2_sbc_base/sw/u96v2_sbc_base/PetaLinux/image/image.ub --package.rootfs /home1/e/ese5320/u96v2_sbc_base/sw/u96v2_sbc_base/PetaLinux/rootfs/rootfs.ext4 --package.sd_file lzw_hls.xclbin --package.sd_file ./fpga_acceleration/xrt.ini 

FINAL PROGRAM OPTIONS
--config fpga_acceleration/package.cfg
--input_files lzw_hls.xclbin
--optimize 0
--package
--package.kernel_image /home1/e/ese5320/u96v2_sbc_base/sw/u96v2_sbc_base/PetaLinux/image/image.ub
--package.out_dir package
--package.rootfs /home1/e/ese5320/u96v2_sbc_base/sw/u96v2_sbc_base/PetaLinux/rootfs/rootfs.ext4
--package.sd_file encoder
--package.sd_file lzw_hls.xclbin
--package.sd_file ./fpga_acceleration/xrt.ini
--platform u96v2_sbc_base
--report_level 0
--save-temps
--target hw
--temp_dir package.build

PARSED COMMAND LINE OPTIONS
--package 
--target hw 
--config fpga_acceleration/package.cfg 
lzw_hls.xclbin 
--package.out_dir package 
--package.sd_file encoder 
--package.kernel_image /home1/e/ese5320/u96v2_sbc_base/sw/u96v2_sbc_base/PetaLinux/image/image.ub 
--package.rootfs /home1/e/ese5320/u96v2_sbc_base/sw/u96v2_sbc_base/PetaLinux/rootfs/rootfs.ext4 
--package.sd_file lzw_hls.xclbin 
--package.sd_file ./fpga_acceleration/xrt.ini 

PARSED CONFIG FILE (1) OPTIONS
file: fpga_acceleration/package.cfg
platform u96v2_sbc_base 
temp_dir package.build 
save-temps 1 

EXPANDED PARAMETERS
From application of optMap.xml: 
 --xp "vivado_prop:run.__KERNEL__.{STEPS.SYNTH_DESIGN.ARGS.MORE OPTIONS}={-directive sdx_optimization_effort_high}" --xp "misc:report=type report_timing_summary name impl_report_timing_summary_route_design_summary steps {route_design} runs {impl_1} options {-max_paths 10}" --xp "misc:report=type report_timing_summary name impl_report_timing_summary_post_route_phys_opt_design_summary steps {post_route_phys_opt_design} runs {impl_1} options {-max_paths 10}"


FINAL PLATFORM PATH
/home1/e/ese5320/u96v2_sbc_base/u96v2_sbc_base.xpfm

==========================================
new:  steps log generated by v++ for new launch 
timestamp: 15 Nov 2024 14:35:16
------------------------------------------
V++ internal step: running xclbinutil to extract system diagram from input xclbin
timestamp: 15 Nov 2024 14:35:16
cmd: /mnt/pollux/software/xilinx/2020.2/Vitis/2020.2/bin/xclbinutil --input /mnt/castor/seas_home/j/joaquinr/ese5320_final_project/lzw_hls.xclbin --dump-section SYSTEM_METADATA:RAW:/mnt/castor/seas_home/j/joaquinr/ese5320_final_project/package.build/package/extractedSystemDiagram.json --quiet
V++ internal step status: success
------------------------------------------
V++ internal step: running xclbinutil to extract bit file from input xclbin for hw target
timestamp: 15 Nov 2024 14:35:17
cmd: /mnt/pollux/software/xilinx/2020.2/Vitis/2020.2/bin/xclbinutil --input /mnt/castor/seas_home/j/joaquinr/ese5320_final_project/lzw_hls.xclbin --dump-section BITSTREAM:RAW:/mnt/castor/seas_home/j/joaquinr/ese5320_final_project/package.build/package/system.bit --quiet
V++ internal step status: success
------------------------------------------
V++ internal step: generating a boot image
timestamp: 15 Nov 2024 14:35:18
V++ internal step status: success
------------------------------------------
V++ internal step: copying input xclbin to output xclbin, from /mnt/castor/seas_home/j/joaquinr/ese5320_final_project/lzw_hls.xclbin to /mnt/castor/seas_home/j/joaquinr/ese5320_final_project/a.xclbin
timestamp: 15 Nov 2024 14:35:29
V++ internal step status: success
------------------------------------------
V++ internal step: adding the output xclbin as sd file
timestamp: 15 Nov 2024 14:35:29
V++ internal step status: success
------------------------------------------
V++ internal step: generating other output files
timestamp: 15 Nov 2024 14:35:29
V++ internal step status: success
------------------------------------------
V++ internal step: running xclbinutil to replace a section SYSTEM_METADATA:RAW: with a file /mnt/castor/seas_home/j/joaquinr/ese5320_final_project/package.build/package/packagedSystemDiagram.json to output xclbin: /mnt/castor/seas_home/j/joaquinr/ese5320_final_project/package.build/package/upsert.xclbin
timestamp: 15 Nov 2024 14:36:57
cmd: /mnt/pollux/software/xilinx/2020.2/Vitis/2020.2/bin/xclbinutil --input /mnt/castor/seas_home/j/joaquinr/ese5320_final_project/a.xclbin --replace-section SYSTEM_METADATA:RAW:/mnt/castor/seas_home/j/joaquinr/ese5320_final_project/package.build/package/packagedSystemDiagram.json -o /mnt/castor/seas_home/j/joaquinr/ese5320_final_project/package.build/package/upsert.xclbin --quiet --force
V++ internal step status: success
------------------------------------------
V++ internal step: copying xclbin from /mnt/castor/seas_home/j/joaquinr/ese5320_final_project/package.build/package/upsert.xclbin to /mnt/castor/seas_home/j/joaquinr/ese5320_final_project/a.xclbin
timestamp: 15 Nov 2024 14:36:57
V++ internal step status: success
------------------------------------------
V++ internal step: removing temporary xclbin: /mnt/castor/seas_home/j/joaquinr/ese5320_final_project/package.build/package/upsert.xclbin
timestamp: 15 Nov 2024 14:36:57
V++ internal step status: success
