

================================================================
== Vitis HLS Report for 'decoding'
================================================================
* Date:           Fri Nov 29 23:45:49 2024

* Version:        2020.2 (Build 3064766 on Wed Nov 18 09:12:47 MST 2020)
* Project:        fpga_accelerate
* Solution:       solution1 (Vitis Kernel Flow Target)
* Product family: zynquplus
* Target device:  xczu3eg-sbva484-1-i


================================================================
== Performance Estimates
================================================================
+ Timing: 
    * Summary: 
    +--------+---------+----------+------------+
    |  Clock |  Target | Estimated| Uncertainty|
    +--------+---------+----------+------------+
    |ap_clk  |  6.70 ns|  4.334 ns|     1.81 ns|
    +--------+---------+----------+------------+

+ Latency: 
    * Summary: 
    +---------+---------+----------+----------+-----+-----+---------+
    |  Latency (cycles) |  Latency (absolute) |  Interval | Pipeline|
    |   min   |   max   |    min   |    max   | min | max |   Type  |
    +---------+---------+----------+----------+-----+-----+---------+
    |        ?|        ?|         ?|         ?|    ?|    ?|     none|
    +---------+---------+----------+----------+-----+-----+---------+

    + Detail: 
        * Instance: 
        N/A

        * Loop: 
        +---------------------+---------+---------+----------+-----------+-----------+--------+----------+
        |                     |  Latency (cycles) | Iteration|  Initiation Interval  |  Trip  |          |
        |      Loop Name      |   min   |   max   |  Latency |  achieved |   target  |  Count | Pipelined|
        +---------------------+---------+---------+----------+-----------+-----------+--------+----------+
        |- init_loop          |       64|       64|         1|          1|          1|      64|       yes|
        |- build_string_loop  |        4|       34|         3|          2|          2|  1 ~ 16|       yes|
        |- output_loop1       |        ?|        ?|         2|          1|          1|       ?|       yes|
        |- decode_main_loop   |        ?|        ?|         ?|          -|          -|       ?|        no|
        | + output_loop2      |        ?|        ?|         2|          1|          1|       ?|       yes|
        +---------------------+---------+---------+----------+-----------+-----------+--------+----------+



================================================================
== Utilization Estimates
================================================================
* Summary: 
+-----------------+---------+-----+--------+-------+-----+
|       Name      | BRAM_18K| DSP |   FF   |  LUT  | URAM|
+-----------------+---------+-----+--------+-------+-----+
|DSP              |        -|    -|       -|      -|    -|
|Expression       |        -|    -|       0|    695|    -|
|FIFO             |        -|    -|       -|      -|    -|
|Instance         |        -|    -|       0|    875|    -|
|Memory           |        8|    -|       0|      0|    -|
|Multiplexer      |        -|    -|       -|   1554|    -|
|Register         |        -|    -|    1047|      -|    -|
+-----------------+---------+-----+--------+-------+-----+
|Total            |        8|    0|    1047|   3124|    0|
+-----------------+---------+-----+--------+-------+-----+
|Available        |      432|  360|  141120|  70560|    0|
+-----------------+---------+-----+--------+-------+-----+
|Utilization (%)  |        1|    0|      ~0|      4|    0|
+-----------------+---------+-----+--------+-------+-----+

+ Detail: 
    * Instance: 
    +--------------------+----------------+---------+----+---+----+-----+
    |      Instance      |     Module     | BRAM_18K| DSP| FF| LUT| URAM|
    +--------------------+----------------+---------+----+---+----+-----+
    |mux_164_8_1_1_U32   |mux_164_8_1_1   |        0|   0|  0|  65|    0|
    |mux_164_8_1_1_U65   |mux_164_8_1_1   |        0|   0|  0|  65|    0|
    |mux_164_8_1_1_U66   |mux_164_8_1_1   |        0|   0|  0|  65|    0|
    |mux_432_32_1_1_U31  |mux_432_32_1_1  |        0|   0|  0|  20|    0|
    |mux_432_32_1_1_U35  |mux_432_32_1_1  |        0|   0|  0|  20|    0|
    |mux_432_32_1_1_U37  |mux_432_32_1_1  |        0|   0|  0|  20|    0|
    |mux_432_32_1_1_U39  |mux_432_32_1_1  |        0|   0|  0|  20|    0|
    |mux_432_32_1_1_U41  |mux_432_32_1_1  |        0|   0|  0|  20|    0|
    |mux_432_32_1_1_U43  |mux_432_32_1_1  |        0|   0|  0|  20|    0|
    |mux_432_32_1_1_U45  |mux_432_32_1_1  |        0|   0|  0|  20|    0|
    |mux_432_32_1_1_U47  |mux_432_32_1_1  |        0|   0|  0|  20|    0|
    |mux_432_32_1_1_U49  |mux_432_32_1_1  |        0|   0|  0|  20|    0|
    |mux_432_32_1_1_U51  |mux_432_32_1_1  |        0|   0|  0|  20|    0|
    |mux_432_32_1_1_U53  |mux_432_32_1_1  |        0|   0|  0|  20|    0|
    |mux_432_32_1_1_U55  |mux_432_32_1_1  |        0|   0|  0|  20|    0|
    |mux_432_32_1_1_U57  |mux_432_32_1_1  |        0|   0|  0|  20|    0|
    |mux_432_32_1_1_U59  |mux_432_32_1_1  |        0|   0|  0|  20|    0|
    |mux_432_32_1_1_U61  |mux_432_32_1_1  |        0|   0|  0|  20|    0|
    |mux_432_32_1_1_U63  |mux_432_32_1_1  |        0|   0|  0|  20|    0|
    |mux_432_8_1_1_U30   |mux_432_8_1_1   |        0|   0|  0|  20|    0|
    |mux_432_8_1_1_U33   |mux_432_8_1_1   |        0|   0|  0|  20|    0|
    |mux_432_8_1_1_U34   |mux_432_8_1_1   |        0|   0|  0|  20|    0|
    |mux_432_8_1_1_U36   |mux_432_8_1_1   |        0|   0|  0|  20|    0|
    |mux_432_8_1_1_U38   |mux_432_8_1_1   |        0|   0|  0|  20|    0|
    |mux_432_8_1_1_U40   |mux_432_8_1_1   |        0|   0|  0|  20|    0|
    |mux_432_8_1_1_U42   |mux_432_8_1_1   |        0|   0|  0|  20|    0|
    |mux_432_8_1_1_U44   |mux_432_8_1_1   |        0|   0|  0|  20|    0|
    |mux_432_8_1_1_U46   |mux_432_8_1_1   |        0|   0|  0|  20|    0|
    |mux_432_8_1_1_U48   |mux_432_8_1_1   |        0|   0|  0|  20|    0|
    |mux_432_8_1_1_U50   |mux_432_8_1_1   |        0|   0|  0|  20|    0|
    |mux_432_8_1_1_U52   |mux_432_8_1_1   |        0|   0|  0|  20|    0|
    |mux_432_8_1_1_U54   |mux_432_8_1_1   |        0|   0|  0|  20|    0|
    |mux_432_8_1_1_U56   |mux_432_8_1_1   |        0|   0|  0|  20|    0|
    |mux_432_8_1_1_U58   |mux_432_8_1_1   |        0|   0|  0|  20|    0|
    |mux_432_8_1_1_U60   |mux_432_8_1_1   |        0|   0|  0|  20|    0|
    |mux_432_8_1_1_U62   |mux_432_8_1_1   |        0|   0|  0|  20|    0|
    |mux_432_8_1_1_U64   |mux_432_8_1_1   |        0|   0|  0|  20|    0|
    +--------------------+----------------+---------+----+---+----+-----+
    |Total               |                |        0|   0|  0| 875|    0|
    +--------------------+----------------+---------+----+---+----+-----+

    * DSP: 
    N/A

    * Memory: 
    +-----------------------+------------------------------+---------+---+----+-----+------+-----+------+-------------+
    |         Memory        |            Module            | BRAM_18K| FF| LUT| URAM| Words| Bits| Banks| W*Bits*Banks|
    +-----------------------+------------------------------+---------+---+----+-----+------+-----+------+-------------+
    |table_character_0_U    |decoding_table_character_0    |        1|  0|   0|    0|   128|    8|     1|         1024|
    |table_character_1_U    |decoding_table_character_0    |        1|  0|   0|    0|   128|    8|     1|         1024|
    |table_character_2_U    |decoding_table_character_0    |        1|  0|   0|    0|   128|    8|     1|         1024|
    |table_character_3_U    |decoding_table_character_0    |        1|  0|   0|    0|   128|    8|     1|         1024|
    |table_prefix_code_0_U  |decoding_table_prefix_code_0  |        1|  0|   0|    0|   128|   32|     1|         4096|
    |table_prefix_code_1_U  |decoding_table_prefix_code_0  |        1|  0|   0|    0|   128|   32|     1|         4096|
    |table_prefix_code_2_U  |decoding_table_prefix_code_0  |        1|  0|   0|    0|   128|   32|     1|         4096|
    |table_prefix_code_3_U  |decoding_table_prefix_code_0  |        1|  0|   0|    0|   128|   32|     1|         4096|
    +-----------------------+------------------------------+---------+---+----+-----+------+-----+------+-------------+
    |Total                  |                              |        8|  0|   0|    0|  1024|  160|     8|        20480|
    +-----------------------+------------------------------+---------+---+----+-----+------+-----+------+-------------+

    * FIFO: 
    N/A

    * Expression: 
    +-----------------------------------+----------+----+---+----+------------+------------+
    |           Variable Name           | Operation| DSP| FF| LUT| Bitwidth P0| Bitwidth P1|
    +-----------------------------------+----------+----+---+----+------------+------------+
    |add_ln100_1_fu_2109_p2             |         +|   0|  0|  12|           4|           1|
    |add_ln109_1_fu_2236_p2             |         +|   0|  0|  71|          64|           2|
    |add_ln109_fu_2214_p2               |         +|   0|  0|  12|           4|           2|
    |add_ln143_fu_3437_p2               |         +|   0|  0|  71|          64|           2|
    |i_5_fu_1994_p2                     |         +|   0|  0|  16|           9|           3|
    |i_8_fu_3579_p2                     |         +|   0|  0|  38|          31|           1|
    |stack_index_fu_2086_p2             |         +|   0|  0|  12|           5|           1|
    |table_size_2_fu_3568_p2            |         +|   0|  0|  39|          32|           1|
    |ap_block_pp2_stage0_01001          |       and|   0|  0|   2|           1|           1|
    |ap_block_pp3_stage0_01001          |       and|   0|  0|   2|           1|           1|
    |ap_block_state11                   |       and|   0|  0|   2|           1|           1|
    |ap_block_state31_pp3_stage0_iter1  |       and|   0|  0|   2|           1|           1|
    |ap_block_state9_pp2_stage0_iter1   |       and|   0|  0|   2|           1|           1|
    |code_in_table_fu_2369_p2           |      icmp|   0|  0|  20|          32|          32|
    |icmp_ln102_fu_2208_p2              |      icmp|   0|  0|  20|          32|           2|
    |icmp_ln114_fu_2364_p2              |      icmp|   0|  0|  20|          32|          32|
    |icmp_ln128_10_fu_3111_p2           |      icmp|   0|  0|  20|          32|           2|
    |icmp_ln128_11_fu_3175_p2           |      icmp|   0|  0|  20|          32|           2|
    |icmp_ln128_12_fu_3239_p2           |      icmp|   0|  0|  20|          32|           2|
    |icmp_ln128_13_fu_3303_p2           |      icmp|   0|  0|  20|          32|           2|
    |icmp_ln128_14_fu_3366_p2           |      icmp|   0|  0|  20|          32|           2|
    |icmp_ln128_1_fu_2535_p2            |      icmp|   0|  0|  20|          32|           2|
    |icmp_ln128_2_fu_2599_p2            |      icmp|   0|  0|  20|          32|           2|
    |icmp_ln128_3_fu_2663_p2            |      icmp|   0|  0|  20|          32|           2|
    |icmp_ln128_4_fu_2727_p2            |      icmp|   0|  0|  20|          32|           2|
    |icmp_ln128_5_fu_2791_p2            |      icmp|   0|  0|  20|          32|           2|
    |icmp_ln128_6_fu_2855_p2            |      icmp|   0|  0|  20|          32|           2|
    |icmp_ln128_7_fu_2919_p2            |      icmp|   0|  0|  20|          32|           2|
    |icmp_ln128_8_fu_2983_p2            |      icmp|   0|  0|  20|          32|           2|
    |icmp_ln128_9_fu_3047_p2            |      icmp|   0|  0|  20|          32|           2|
    |icmp_ln128_fu_2471_p2              |      icmp|   0|  0|  20|          32|           2|
    |icmp_ln148_fu_3491_p2              |      icmp|   0|  0|  16|          23|           1|
    |ap_block_state1                    |        or|   0|  0|   2|           1|           1|
    |ap_predicate_tran6to7_state5       |        or|   0|  0|   2|           1|           1|
    |or_ln87_1_fu_2034_p2               |        or|   0|  0|   8|           8|           2|
    |or_ln87_2_fu_2041_p2               |        or|   0|  0|   8|           8|           2|
    |or_ln87_fu_2027_p2                 |        or|   0|  0|   8|           8|           1|
    |ap_enable_pp1                      |       xor|   0|  0|   2|           1|           2|
    |ap_enable_pp2                      |       xor|   0|  0|   2|           1|           2|
    |ap_enable_pp3                      |       xor|   0|  0|   2|           1|           2|
    |ap_enable_reg_pp2_iter1            |       xor|   0|  0|   2|           2|           1|
    |ap_enable_reg_pp3_iter1            |       xor|   0|  0|   2|           2|           1|
    +-----------------------------------+----------+----+---+----+------------+------------+
    |Total                              |          |   0|  0| 695|         850|         130|
    +-----------------------------------+----------+----+---+----+------------+------------+

    * Multiplexer: 
    +------------------------------------------------+-----+-----------+-----+-----------+
    |                      Name                      | LUT | Input Size| Bits| Total Bits|
    +------------------------------------------------+-----+-----------+-----+-----------+
    |ap_NS_fsm                                       |  141|         30|    1|         30|
    |ap_done                                         |    9|          2|    1|          2|
    |ap_enable_reg_pp1_iter1                         |    9|          2|    1|          2|
    |ap_enable_reg_pp2_iter1                         |   14|          3|    1|          3|
    |ap_enable_reg_pp3_iter1                         |   14|          3|    1|          3|
    |ap_phi_mux_current_code_1_in_in_phi_fu_1475_p4  |    9|          2|   32|         64|
    |ap_phi_mux_j_phi_fu_1778_p32                    |    9|          2|    4|          8|
    |ap_phi_mux_k_1_phi_fu_1464_p4                   |    9|          2|    5|         10|
    |code_stream_blk_n                               |    9|          2|    1|          2|
    |current_code_1_in_in_reg_1472                   |    9|          2|   32|         64|
    |i_6_reg_1652                                    |    9|          2|   64|        128|
    |i_7_reg_1675                                    |    9|          2|   31|         62|
    |i_reg_1449                                      |    9|          2|    9|         18|
    |j_1_reg_1829                                    |    9|          2|   64|        128|
    |j_reg_1760                                      |   65|         16|    4|         64|
    |k_1_reg_1460                                    |    9|          2|    5|         10|
    |local_output_size_blk_n                         |    9|          2|    1|          2|
    |local_output_size_out_blk_n                     |    9|          2|    1|          2|
    |output_stream_blk_n                             |    9|          2|    1|          2|
    |output_stream_din                               |   14|          3|    8|         24|
    |prev_code_2_reg_1661                            |    9|          2|   32|         64|
    |real_start                                      |    9|          2|    1|          2|
    |stack_0_3_reg_1687                              |    9|          2|    8|         16|
    |stack_0_4_reg_1707                              |    9|          2|    8|         16|
    |stack_10_3_fu_270                               |   14|          3|    8|         24|
    |stack_11_3_fu_266                               |   14|          3|    8|         24|
    |stack_12_3_fu_262                               |   14|          3|    8|         24|
    |stack_13_3_fu_258                               |   14|          3|    8|         24|
    |stack_14_1_fu_254                               |    9|          2|    8|         16|
    |stack_15_3_fu_250                               |    9|          2|    8|         16|
    |stack_1_3_fu_310                                |   14|          3|    8|         24|
    |stack_2_3_fu_302                                |   14|          3|    8|         24|
    |stack_3_3_fu_298                                |   14|          3|    8|         24|
    |stack_4_3_fu_294                                |   14|          3|    8|         24|
    |stack_5_3_fu_290                                |   14|          3|    8|         24|
    |stack_6_3_fu_286                                |   14|          3|    8|         24|
    |stack_7_3_fu_282                                |   14|          3|    8|         24|
    |stack_8_3_fu_278                                |   14|          3|    8|         24|
    |stack_9_3_fu_274                                |   14|          3|    8|         24|
    |stack_index_154_i_i_reg_1641                    |    9|          2|    4|          8|
    |table_character_0_address0                      |  106|         21|    7|        147|
    |table_character_0_d0                            |   14|          3|    8|         24|
    |table_character_1_address0                      |  106|         21|    7|        147|
    |table_character_1_d0                            |   14|          3|    8|         24|
    |table_character_2_address0                      |  106|         21|    7|        147|
    |table_character_2_d0                            |   14|          3|    8|         24|
    |table_character_3_address0                      |  106|         21|    7|        147|
    |table_character_3_d0                            |   14|          3|    8|         24|
    |table_prefix_code_0_address0                    |   93|         19|    7|        133|
    |table_prefix_code_0_d0                          |   14|          3|   32|         96|
    |table_prefix_code_1_address0                    |   93|         19|    7|        133|
    |table_prefix_code_1_d0                          |   14|          3|   32|         96|
    |table_prefix_code_2_address0                    |   93|         19|    7|        133|
    |table_prefix_code_2_d0                          |   14|          3|   32|         96|
    |table_prefix_code_3_address0                    |   93|         19|    7|        133|
    |table_prefix_code_3_d0                          |   14|          3|   32|         96|
    |table_size_fu_306                               |    9|          2|   32|         64|
    |temp_code_1_0_i_i_in_reg_1697                   |    9|          2|   32|         64|
    +------------------------------------------------+-----+-----------+-----+-----------+
    |Total                                           | 1554|        326|  720|       2806|
    +------------------------------------------------+-----+-----------+-----+-----------+

    * Register: 
    +---------------------------------+----+----+-----+-----------+
    |               Name              | FF | LUT| Bits| Const Bits|
    +---------------------------------+----+----+-----+-----------+
    |add_ln100_1_reg_3839             |   4|   0|    4|          0|
    |ap_CS_fsm                        |  29|   0|   29|          0|
    |ap_done_reg                      |   1|   0|    1|          0|
    |ap_enable_reg_pp1_iter0          |   1|   0|    1|          0|
    |ap_enable_reg_pp1_iter1          |   1|   0|    1|          0|
    |ap_enable_reg_pp2_iter0          |   1|   0|    1|          0|
    |ap_enable_reg_pp2_iter1          |   1|   0|    1|          0|
    |ap_enable_reg_pp3_iter0          |   1|   0|    1|          0|
    |ap_enable_reg_pp3_iter1          |   1|   0|    1|          0|
    |arrayNo304_i_i_reg_4077          |   2|   0|   32|         30|
    |code_in_table_reg_4073           |   1|   0|    1|          0|
    |current_code_1_in_in_reg_1472    |  32|   0|   32|          0|
    |current_code_1_reg_3844          |  32|   0|   32|          0|
    |i_6_reg_1652                     |  64|   0|   64|          0|
    |i_7_reg_1675                     |  31|   0|   31|          0|
    |i_reg_1449                       |   9|   0|    9|          0|
    |icmp_ln102_reg_3849              |   1|   0|    1|          0|
    |icmp_ln128_10_reg_4703           |   1|   0|    1|          0|
    |icmp_ln128_11_reg_4757           |   1|   0|    1|          0|
    |icmp_ln128_12_reg_4811           |   1|   0|    1|          0|
    |icmp_ln128_13_reg_4865           |   1|   0|    1|          0|
    |icmp_ln128_14_reg_4914           |   1|   0|    1|          0|
    |icmp_ln128_1_reg_4217            |   1|   0|    1|          0|
    |icmp_ln128_2_reg_4271            |   1|   0|    1|          0|
    |icmp_ln128_3_reg_4325            |   1|   0|    1|          0|
    |icmp_ln128_4_reg_4379            |   1|   0|    1|          0|
    |icmp_ln128_5_reg_4433            |   1|   0|    1|          0|
    |icmp_ln128_6_reg_4487            |   1|   0|    1|          0|
    |icmp_ln128_7_reg_4541            |   1|   0|    1|          0|
    |icmp_ln128_8_reg_4595            |   1|   0|    1|          0|
    |icmp_ln128_9_reg_4649            |   1|   0|    1|          0|
    |icmp_ln128_reg_4163              |   1|   0|    1|          0|
    |j_1_reg_1829                     |  64|   0|   64|          0|
    |j_reg_1760                       |   4|   0|    4|          0|
    |k_1_reg_1460                     |   5|   0|    5|          0|
    |local_output_size_read_reg_3585  |  32|   0|   32|          0|
    |prev_code_1_reg_3694             |  32|   0|   32|          0|
    |prev_code_2_reg_1661             |  32|   0|   32|          0|
    |stack_0_2_reg_1631               |   8|   0|    8|          0|
    |stack_0_3_reg_1687               |   8|   0|    8|          0|
    |stack_0_4_reg_1707               |   8|   0|    8|          0|
    |stack_10_2_reg_1531              |   8|   0|    8|          0|
    |stack_10_3_fu_270                |   8|   0|    8|          0|
    |stack_10_reg_4698                |   8|   0|    8|          0|
    |stack_11_2_reg_1521              |   8|   0|    8|          0|
    |stack_11_3_fu_266                |   8|   0|    8|          0|
    |stack_11_reg_4752                |   8|   0|    8|          0|
    |stack_12_2_reg_1511              |   8|   0|    8|          0|
    |stack_12_3_fu_262                |   8|   0|    8|          0|
    |stack_12_reg_4806                |   8|   0|    8|          0|
    |stack_13_2_reg_1501              |   8|   0|    8|          0|
    |stack_13_3_fu_258                |   8|   0|    8|          0|
    |stack_13_reg_4860                |   8|   0|    8|          0|
    |stack_14_1_fu_254                |   8|   0|    8|          0|
    |stack_14_2_reg_1491              |   8|   0|    8|          0|
    |stack_15_10_fu_214               |   8|   0|    8|          0|
    |stack_15_11_fu_218               |   8|   0|    8|          0|
    |stack_15_12_fu_222               |   8|   0|    8|          0|
    |stack_15_13_fu_226               |   8|   0|    8|          0|
    |stack_15_14_fu_230               |   8|   0|    8|          0|
    |stack_15_15_fu_234               |   8|   0|    8|          0|
    |stack_15_16_fu_238               |   8|   0|    8|          0|
    |stack_15_17_fu_242               |   8|   0|    8|          0|
    |stack_15_18_fu_246               |   8|   0|    8|          0|
    |stack_15_1_fu_186                |   8|   0|    8|          0|
    |stack_15_2_reg_1481              |   8|   0|    8|          0|
    |stack_15_3_fu_250                |   8|   0|    8|          0|
    |stack_15_4_fu_190                |   8|   0|    8|          0|
    |stack_15_5_fu_194                |   8|   0|    8|          0|
    |stack_15_6_fu_198                |   8|   0|    8|          0|
    |stack_15_7_fu_202                |   8|   0|    8|          0|
    |stack_15_8_fu_206                |   8|   0|    8|          0|
    |stack_15_9_fu_210                |   8|   0|    8|          0|
    |stack_1_2_reg_1621               |   8|   0|    8|          0|
    |stack_1_3_fu_310                 |   8|   0|    8|          0|
    |stack_1_reg_4212                 |   8|   0|    8|          0|
    |stack_2_2_reg_1611               |   8|   0|    8|          0|
    |stack_2_3_fu_302                 |   8|   0|    8|          0|
    |stack_2_reg_4266                 |   8|   0|    8|          0|
    |stack_3_2_reg_1601               |   8|   0|    8|          0|
    |stack_3_3_fu_298                 |   8|   0|    8|          0|
    |stack_3_reg_4320                 |   8|   0|    8|          0|
    |stack_4_2_reg_1591               |   8|   0|    8|          0|
    |stack_4_3_fu_294                 |   8|   0|    8|          0|
    |stack_4_reg_4374                 |   8|   0|    8|          0|
    |stack_5_2_reg_1581               |   8|   0|    8|          0|
    |stack_5_3_fu_290                 |   8|   0|    8|          0|
    |stack_5_reg_4428                 |   8|   0|    8|          0|
    |stack_6_2_reg_1571               |   8|   0|    8|          0|
    |stack_6_3_fu_286                 |   8|   0|    8|          0|
    |stack_6_reg_4482                 |   8|   0|    8|          0|
    |stack_7_2_reg_1561               |   8|   0|    8|          0|
    |stack_7_3_fu_282                 |   8|   0|    8|          0|
    |stack_7_reg_4536                 |   8|   0|    8|          0|
    |stack_8_2_reg_1551               |   8|   0|    8|          0|
    |stack_8_3_fu_278                 |   8|   0|    8|          0|
    |stack_8_reg_4590                 |   8|   0|    8|          0|
    |stack_9_2_reg_1541               |   8|   0|    8|          0|
    |stack_9_3_fu_274                 |   8|   0|    8|          0|
    |stack_9_reg_4644                 |   8|   0|    8|          0|
    |stack_index_154_i_i_reg_1641     |   4|   0|    4|          0|
    |stack_index_reg_3834             |   5|   0|    5|          0|
    |start_once_reg                   |   1|   0|    1|          0|
    |table_size_fu_306                |  32|   0|   32|          0|
    |temp_code_1_0_i_i_in_reg_1697    |  32|   0|   32|          0|
    |tmp_19_reg_3700                  |   1|   0|    1|          0|
    |tmp_20_reg_3938                  |   1|   0|    1|          0|
    |tmp_22_reg_4948                  |   1|   0|    1|          0|
    |tmp_24_reg_4068                  |  32|   0|   32|          0|
    |trunc_ln100_1_reg_3729           |   4|   0|    4|          0|
    |trunc_ln100_reg_3704             |   2|   0|    2|          0|
    |trunc_ln111_reg_3942             |   4|   0|    4|          0|
    |trunc_ln126_10_reg_4653          |   2|   0|    2|          0|
    |trunc_ln126_11_reg_4707          |   2|   0|    2|          0|
    |trunc_ln126_12_reg_4761          |   2|   0|    2|          0|
    |trunc_ln126_13_reg_4815          |   2|   0|    2|          0|
    |trunc_ln126_14_reg_4869          |   2|   0|    2|          0|
    |trunc_ln126_15_reg_4918          |   2|   0|    2|          0|
    |trunc_ln126_1_reg_4167           |   2|   0|    2|          0|
    |trunc_ln126_2_reg_4221           |   2|   0|    2|          0|
    |trunc_ln126_3_reg_4275           |   2|   0|    2|          0|
    |trunc_ln126_4_reg_4329           |   2|   0|    2|          0|
    |trunc_ln126_5_reg_4383           |   2|   0|    2|          0|
    |trunc_ln126_6_reg_4437           |   2|   0|    2|          0|
    |trunc_ln126_7_reg_4491           |   2|   0|    2|          0|
    |trunc_ln126_8_reg_4545           |   2|   0|    2|          0|
    |trunc_ln126_9_reg_4599           |   2|   0|    2|          0|
    |trunc_ln126_reg_4102             |   2|   0|    2|          0|
    |trunc_ln145_reg_4952             |   4|   0|    4|          0|
    +---------------------------------+----+----+-----+-----------+
    |Total                            |1047|   0| 1077|         30|
    +---------------------------------+----+----+-----+-----------+



================================================================
== Interface
================================================================
* Summary: 
+------------------------------+-----+-----+------------+-----------------------+--------------+
|           RTL Ports          | Dir | Bits|  Protocol  |     Source Object     |    C Type    |
+------------------------------+-----+-----+------------+-----------------------+--------------+
|ap_clk                        |   in|    1|  ap_ctrl_hs|               decoding|  return value|
|ap_rst                        |   in|    1|  ap_ctrl_hs|               decoding|  return value|
|ap_start                      |   in|    1|  ap_ctrl_hs|               decoding|  return value|
|start_full_n                  |   in|    1|  ap_ctrl_hs|               decoding|  return value|
|ap_done                       |  out|    1|  ap_ctrl_hs|               decoding|  return value|
|ap_continue                   |   in|    1|  ap_ctrl_hs|               decoding|  return value|
|ap_idle                       |  out|    1|  ap_ctrl_hs|               decoding|  return value|
|ap_ready                      |  out|    1|  ap_ctrl_hs|               decoding|  return value|
|start_out                     |  out|    1|  ap_ctrl_hs|               decoding|  return value|
|start_write                   |  out|    1|  ap_ctrl_hs|               decoding|  return value|
|code_stream_dout              |   in|   32|     ap_fifo|            code_stream|       pointer|
|code_stream_empty_n           |   in|    1|     ap_fifo|            code_stream|       pointer|
|code_stream_read              |  out|    1|     ap_fifo|            code_stream|       pointer|
|output_stream_din             |  out|    8|     ap_fifo|          output_stream|       pointer|
|output_stream_full_n          |   in|    1|     ap_fifo|          output_stream|       pointer|
|output_stream_write           |  out|    1|     ap_fifo|          output_stream|       pointer|
|local_output_size_dout        |   in|   32|     ap_fifo|      local_output_size|       pointer|
|local_output_size_empty_n     |   in|    1|     ap_fifo|      local_output_size|       pointer|
|local_output_size_read        |  out|    1|     ap_fifo|      local_output_size|       pointer|
|local_output_size_out_din     |  out|   32|     ap_fifo|  local_output_size_out|       pointer|
|local_output_size_out_full_n  |   in|    1|     ap_fifo|  local_output_size_out|       pointer|
|local_output_size_out_write   |  out|    1|     ap_fifo|  local_output_size_out|       pointer|
+------------------------------+-----+-----+------------+-----------------------+--------------+

